<?xml version="1.0" encoding="UTF-8" ?>
<testsuite errors="0" failures="0" hostname="kamkin" name="ru.ispras.microtesk.translator.mmu.spec.MmuDeviceTestCase" skipped="0" tests="1" time="0.266" timestamp="2015-06-22T11:35:57">
  <properties>
    <property name="java.home.ivy.instance" value="C:\Program Files\Java\jdk1.7.0_75\jre" />
    <property name="src.res.plugins.mmu.dir" value="src/main/resources/plugins/mmu" />
    <property name="module.vendor" value="UniTESK" />
    <property name="env.PROCESSOR_IDENTIFIER" value="Intel64 Family 6 Model 58 Stepping 9, GenuineIntel" />
    <property name="ant.home.ivy.instance" value="C:\Tools\ant\bin\.." />
    <property name="java.awt.graphicsenv.ivy.instance" value="sun.awt.Win32GraphicsEnvironment" />
    <property name="java.awt.printerjob.ivy.instance" value="sun.awt.windows.WPrinterJob" />
    <property name="mmu_lexer.name" value="MmuLexer.g" />
    <property name="module.version.x.y.z" value="2.2.6" />
    <property name="ant.library.dir" value="C:\Tools\ant\lib" />
    <property name="ant.core.lib" value="C:\Tools\ant\lib\ant.jar" />
    <property name="java.vm.info.ivy.instance" value="mixed mode" />
    <property name="ivy.report.output.pattern.ivy.instance" value="[organisation]-[module]-[conf].[ext]" />
    <property name="user.dir" value="F:\SVN\MicroTESK\microtesk\microtesk" />
    <property name="java.vm.version" value="24.75-b04" />
    <property name="env.USERPROFILE" value="C:\Users\kamkin" />
    <property name="nml_parser.name" value="SimnMLParser.g" />
    <property name="ivy.lib.dir.ivy.instance" value="F:\SVN\MicroTESK\microtesk\microtesk/lib" />
    <property name="path.separator.ivy.instance" value=";" />
    <property name="dist.jars" value="F:\SVN\MicroTESK\microtesk\microtesk\dist\lib\jars" />
    <property name="gensrc.dir" value="target/src" />
    <property name="java.library.path.ivy.instance" value="C:\Program Files\Java\jdk1.7.0_75\bin;C:\Windows\Sun\Java\bin;C:\Windows\system32;C:\Windows;C:\Program Files\Java\jdk1.7.0_75\bin;C:\ProgramData\Oracle\Java\javapath;C:\Program Files\Common Files\Microsoft Shared\Windows Live;C:\Program Files (x86)\Common Files\Microsoft Shared\Windows Live;C:\Program Files (x86)\Intel\iCLS Client\;C:\Program Files\Intel\iCLS Client\;C:\Program Files (x86)\NVIDIA Corporation\PhysX\Common;C:\Windows\system32;C:\Windows;C:\Windows\System32\Wbem;C:\Windows\System32\WindowsPowerShell\v1.0\;C:\Program Files (x86)\Intel\Intel(R) Management Engine Components\DAL;C:\Program Files (x86)\Intel\Intel(R) Management Engine Components\IPT;C:\Program Files\Dell\Dell Data Protection\Access\Advanced\Wave\Gemalto\Access Client\v5\;C:\Program Files (x86)\Security Innovation\SI TSS\bin\;C:\Program Files (x86)\Windows Live\Shared;C:\Program Files\Intel\Intel(R) Management Engine Components\DAL;C:\Program Files\Intel\Intel(R) Management Engine Components\IPT;C:\Program Files (x86)\Intel\Intel(R) Management Engine Components\DAL;C:\Program Files (x86)\Intel\Intel(R) Management Engine Components\IPT;C:\Program Files\TortoiseSVN\bin;C:\Tools\ant\bin;C:\cygwin64\bin;C:\Program Files (x86)\MiKTeX 2.9\miktex\bin\;." />
    <property name="module.version.date" value="150619" />
    <property name="module.version.major" value="2" />
    <property name="ivy.resolve.default.type.filter.ivy.instance" value="*" />
    <property name="env.USERDNSDOMAIN" value="INTRA.ISPRAS.RU" />
    <property name="java.version.ivy.instance" value="1.7.0_75" />
    <property name="sun.os.patch.level" value="Service Pack 1" />
    <property name="module.svn.tag" value="microtesk_2_2_6_beta_150619" />
    <property name="java.vm.specification.name" value="Java Virtual Machine Specification" />
    <property name="doc" value="F:\SVN\MicroTESK\microtesk\microtesk\dist\doc" />
    <property name="oo.home.default.unix" value="/usr/bin" />
    <property name="mmu_parser.name" value="MmuParser.g" />
    <property name="ivy.patterns.absolute" value="false" />
    <property name="file.separator.ivy.instance" value="\" />
    <property name="os.name" value="Windows 7" />
    <property name="clover.db" value="microtesk.cloverdb" />
    <property name="ivy.status" value="integration" />
    <property name="env.LOCALAPPDATA" value="C:\Users\kamkin\AppData\Local" />
    <property name="jar" value="microtesk.jar" />
    <property name="env.TMP" value="C:\Users\kamkin\AppData\Local\Temp" />
    <property name="testbase.jar" value="testbase.jar" />
    <property name="output.dir" value="target" />
    <property name="ivy.settings.dir.ivy.instance" value="F:\SVN\MicroTESK\microtesk\microtesk" />
    <property name="java.vendor.url.bug" value="http://bugreport.sun.com/bugreport/" />
    <property name="env.ProgramW6432" value="C:\Program Files" />
    <property name="os.arch" value="amd64" />
    <property name="user.name" value="kamkin" />
    <property name="user.variant.ivy.instance" value="" />
    <property name="ivy.retrieve.pattern.ivy.instance" value="jars/[artifact]-[revision](-[classifier]).[ext]" />
    <property name="pmd.rulesets" value="rulesets/java/clone.xml,rulesets/java/basic.xml,rulesets/java/strings.xml,rulesets/java/sunsecure.xml,rulesets/java/codesize.xml,rulesets/java/naming.xml,rulesets/java/comments.xml,rulesets/java/logging-java.xml,rulesets/java/android.xml,rulesets/java/empty.xml,rulesets/java/unusedcode.xml,rulesets/java/imports.xml,rulesets/java/controversial.xml,rulesets/java/migrating.xml,rulesets/java/migrating_to_14.xml,rulesets/java/migrating_to_13.xml,rulesets/java/migrating_to_junit4.xml,rulesets/java/junit.xml,rulesets/java/optimizations.xml,rulesets/java/design.xml,rulesets/java/finalizers.xml,rulesets/java/javabeans.xml,rulesets/java/typeresolution.xml,rulesets/java/strictexception.xml,rulesets/java/migrating_to_15.xml,rulesets/java/unnecessary.xml,rulesets/java/braces.xml,rulesets/java/j2ee.xml,rulesets/java/logging-jakarta-commons.xml" />
    <property name="module.implementation.vendor" value="UniTESK" />
    <property name="src.java.dir" value="src/main/java/core" />
    <property name="sun.java.command" value="org.apache.tools.ant.launch.Launcher test" />
    <property name="env.FP_NO_HOST_CHECK" value="NO" />
    <property name="env.ProgramFiles" value="C:\Program Files" />
    <property name="sun.arch.data.model.ivy.instance" value="64" />
    <property name="metainf.dir" value="target/classes/META-INF" />
    <property name="ivy.default.conf.dir" value="jar:file:/F:/SVN/MicroTESK/microtesk/microtesk/tools/buildbase/ivy-2.1.0.jar!/org/apache/ivy/core/settings" />
    <property name="doc.dir" value="docs" />
    <property name="ant.file.type.buildbase" value="file" />
    <property name="ivy.retrieve.runtime.pattern" value="jars/[artifact].[ext]" />
    <property name="env.OS" value="Windows_NT" />
    <property name="env.windir" value="C:\Windows" />
    <property name="user.country" value="RU" />
    <property name="manifest.file" value="MANIFEST.MF" />
    <property name="treedl.messages.output.dir" value="target/src/treedl" />
    <property name="env.PROCESSOR_ARCHITECTURE" value="AMD64" />
    <property name="module.buildby" value="buildbase" />
    <property name="distr.src.dir" value="target/microtesk-2.2.6-beta-150619/src" />
    <property name="module.specification.vendor" value="UniTESK" />
    <property name="java.vm.specification.version.ivy.instance" value="1.7" />
    <property name="antlr.jar" value="antlr-3.4-complete.jar" />
    <property name="env.ECLIPSE_HOME" value="C:/Tools/eclipse/eclipse" />
    <property name="ivy.default.always.check.exact.revision" value="false" />
    <property name="filtered.src.dir" value="target/filtered/src" />
    <property name="os.name.ivy.instance" value="Windows 7" />
    <property name="distr.libs.dir" value="target/microtesk-2.2.6-beta-150619/jars" />
    <property name="output.pmd.dir" value="target/pmd" />
    <property name="dist.gen" value="F:\SVN\MicroTESK\microtesk\microtesk\dist\gen" />
    <property name="java.endorsed.dirs" value="C:\Program Files\Java\jdk1.7.0_75\jre\lib\endorsed" />
    <property name="env.TEMP" value="C:\Users\kamkin\AppData\Local\Temp" />
    <property name="microtesk.bin" value="F:\SVN\MicroTESK\microtesk\microtesk\bin/microtesk" />
    <property name="java.endorsed.dirs.ivy.instance" value="C:\Program Files\Java\jdk1.7.0_75\jre\lib\endorsed" />
    <property name="ivy.used" value="true" />
    <property name="buildbase.dir" value="tools/buildbase" />
    <property name="test.bin" value="F:\SVN\MicroTESK\microtesk\microtesk\bin/tests" />
    <property name="ivy.lib.dir" value="jars" />
    <property name="java.vm.specification.version" value="1.7" />
    <property name="env.MICROTESK_HOME" value="F:/TOOLS/microtesk" />
    <property name="ivy.settings.url" value="file:/F:/SVN/MicroTESK/microtesk/microtesk/ivyconf.xml" />
    <property name="gensrc.antlr.dir" value="target/src/antlr" />
    <property name="env.PROMPT" value="$P$G" />
    <property name="env.=F:" value="F:\SVN\MicroTESK\microtesk\microtesk" />
    <property name="java.vendor" value="Oracle Corporation" />
    <property name="user.dir.ivy.instance" value="F:\SVN\MicroTESK\microtesk\microtesk" />
    <property name="ivy.default.settings.dir" value="jar:file:/F:/SVN/MicroTESK/microtesk/microtesk/tools/buildbase/ivy-2.1.0.jar!/org/apache/ivy/core/settings" />
    <property name="ivy.settings.file" value="ivysettings.xml" />
    <property name="java.runtime.name.ivy.instance" value="Java(TM) SE Runtime Environment" />
    <property name="module.name" value="microtesk" />
    <property name="file.separator" value="\" />
    <property name="ivy.cache.dir.ivy.instance" value="C:\Users\kamkin\.ivy2\cache" />
    <property name="ivy.conf.file" value="F:\SVN\MicroTESK\microtesk\microtesk\ivyconf.xml" />
    <property name="user.variant" value="" />
    <property name="ivy.default.settings.dir.ivy.instance" value="jar:file:/F:/SVN/MicroTESK/microtesk/microtesk/tools/buildbase/ivy-2.1.0.jar!/org/apache/ivy/core/settings" />
    <property name="jruby.jar" value="jruby.jar" />
    <property name="env.VBOX_MSI_INSTALL_PATH" value="C:\Program Files\Oracle\VirtualBox\" />
    <property name="sun.java.launcher" value="SUN_STANDARD" />
    <property name="jar.mainclass" value="ru.ispras.microtesk.MicroTESK" />
    <property name="java.io.tmpdir.ivy.instance" value="C:\Users\kamkin\AppData\Local\Temp\" />
    <property name="antlr.ant.jar" value="ant-antlr3.jar" />
    <property name="ant.home" value="C:\Tools\ant\bin\.." />
    <property name="env.FARLOCALPROFILE" value="C:\Users\kamkin\AppData\Local\Far Manager\Profile" />
    <property name="src.test.java.dir" value="src/test/java/core" />
    <property name="cloverize" value="false" />
    <property name="oo.home.default.winnt" value="c:/program files/OpenOffice.org 2.4" />
    <property name="ivy.resolved.file" value="F:\SVN\MicroTESK\microtesk\microtesk\ivy.xml" />
    <property name="ant.java.version" value="1.7" />
    <property name="java.library.path" value="C:\Program Files\Java\jdk1.7.0_75\bin;C:\Windows\Sun\Java\bin;C:\Windows\system32;C:\Windows;C:\Program Files\Java\jdk1.7.0_75\bin;C:\ProgramData\Oracle\Java\javapath;C:\Program Files\Common Files\Microsoft Shared\Windows Live;C:\Program Files (x86)\Common Files\Microsoft Shared\Windows Live;C:\Program Files (x86)\Intel\iCLS Client\;C:\Program Files\Intel\iCLS Client\;C:\Program Files (x86)\NVIDIA Corporation\PhysX\Common;C:\Windows\system32;C:\Windows;C:\Windows\System32\Wbem;C:\Windows\System32\WindowsPowerShell\v1.0\;C:\Program Files (x86)\Intel\Intel(R) Management Engine Components\DAL;C:\Program Files (x86)\Intel\Intel(R) Management Engine Components\IPT;C:\Program Files\Dell\Dell Data Protection\Access\Advanced\Wave\Gemalto\Access Client\v5\;C:\Program Files (x86)\Security Innovation\SI TSS\bin\;C:\Program Files (x86)\Windows Live\Shared;C:\Program Files\Intel\Intel(R) Management Engine Components\DAL;C:\Program Files\Intel\Intel(R) Management Engine Components\IPT;C:\Program Files (x86)\Intel\Intel(R) Management Engine Components\DAL;C:\Program Files (x86)\Intel\Intel(R) Management Engine Components\IPT;C:\Program Files\TortoiseSVN\bin;C:\Tools\ant\bin;C:\cygwin64\bin;C:\Program Files (x86)\MiKTeX 2.9\miktex\bin\;." />
    <property name="treedl.factory.output.dir" value="target/src/treedl" />
    <property name="buildbase.basedir" value="F:\SVN\MicroTESK\microtesk\microtesk\tools\buildbase" />
    <property name="javadoc.enabled" value="true" />
    <property name="compile.java.debug.level" value="lines,vars,source" />
    <property name="ivy.resolved.configurations" value="runtime, build" />
    <property name="sun.arch.data.model" value="64" />
    <property name="basedir" value="F:\SVN\MicroTESK\microtesk\microtesk" />
    <property name="java.vendor.url.ivy.instance" value="http://java.oracle.com/" />
    <property name="java.ext.dirs.ivy.instance" value="C:\Program Files\Java\jdk1.7.0_75\jre\lib\ext;C:\Windows\Sun\Java\lib\ext" />
    <property name="env.FARPROFILE" value="C:\Users\kamkin\AppData\Roaming\Far Manager\Profile" />
    <property name="ivy.version" value="2.1.0" />
    <property name="src.test.java.plugins.mmu.dir" value="src/test/java/plugins/mmu" />
    <property name="path.separator" value=";" />
    <property name="env.USERDOMAIN" value="INTRA" />
    <property name="ivy.resolver.default.check.modified.ivy.instance" value="false" />
    <property name="sun.io.unicode.encoding" value="UnicodeLittle" />
    <property name="ivy.conf.dir" value="F:\SVN\MicroTESK\microtesk\microtesk" />
    <property name="treedl.visitor.output.dir" value="target/src/treedl" />
    <property name="env.SystemDrive" value="C:" />
    <property name="module.version.minor" value="2" />
    <property name="java.source.version" value="1.7" />
    <property name="env.CommonProgramW6432" value="C:\Program Files\Common Files" />
    <property name="user.language" value="ru" />
    <property name="distr.root.dir" value="distr" />
    <property name="ivy.jar" value="ivy-2.1.0.jar" />
    <property name="module.distr.zip" value="microtesk-2.2.6-beta-150619.zip" />
    <property name="compile.java.debug" value="true" />
    <property name="java.vm.specification.vendor.ivy.instance" value="Oracle Corporation" />
    <property name="env.CommonProgramFiles" value="C:\Program Files\Common Files" />
    <property name="dir.module.distr.src.zip" value="distr/microtesk-src-2.2.6-beta-150619.zip" />
    <property name="ant.project.invoked-targets" value="test" />
    <property name="awt.toolkit.ivy.instance" value="sun.awt.windows.WToolkit" />
    <property name="module.license.file" value="LICENSE.txt" />
    <property name="env.ASPECTRACE_HOME" value="F:/SVN/netfsm/aspectrace/src/c" />
    <property name="env.=C:" value="C:\" />
    <property name="ivy.report.output.pattern" value="[organisation]-[module]-[conf].[ext]" />
    <property name="java.class.version" value="51.0" />
    <property name="sun.boot.library.path.ivy.instance" value="C:\Program Files\Java\jdk1.7.0_75\jre\bin" />
    <property name="env._JAVACMD" value="C:\Program Files\Java\jdk1.7.0_75\bin\java.exe" />
    <property name="dir.module.distr.zip" value="distr/microtesk-2.2.6-beta-150619.zip" />
    <property name="output.clover.dir" value="target/clover" />
    <property name="ivy.retrieve.build.pattern" value="tools/[artifact].[ext]" />
    <property name="os.version.ivy.instance" value="6.1" />
    <property name="sun.desktop.ivy.instance" value="windows" />
    <property name="cli.jar" value="commons-cli-1.2.jar" />
    <property name="filtered.src.java.dir" value="target/filtered/src/main/java/core" />
    <property name="nml_grammar.path" value="ru/ispras/microtesk/translator/nml/grammar" />
    <property name="ivy.project.dir.ivy.instance" value="F:\SVN\MicroTESK\microtesk\microtesk" />
    <property name="file.encoding.pkg" value="sun.io" />
    <property name="sun.cpu.endian" value="little" />
    <property name="gensrc.javacc.dir" value="target/src/javacc" />
    <property name="env.COMPUTERNAME" value="KAMKIN" />
    <property name="distr.exe.file.mask" value="**/*.sh" />
    <property name="module.version.build" value="6" />
    <property name="env.LOGONSERVER" value="\\ISP-DC2" />
    <property name="module.cvs.tag" value="microtesk_2_2_6_beta_150619" />
    <property name="module.distr.src.zip" value="microtesk-src-2.2.6-beta-150619.zip" />
    <property name="ivy.configurations.ivy.instance" value="*" />
    <property name="distr.dir" value="target/microtesk-2.2.6-beta-150619" />
    <property name="ivy.home.ivy.instance" value="C:\Users\kamkin\.ivy2" />
    <property name="main.package" value="ru/ispras/microtesk" />
    <property name="java.home" value="C:\Program Files\Java\jdk1.7.0_75\jre" />
    <property name="env.CTESK_HOME" value="C:/Tools/ctesk" />
    <property name="ant.project.default-target" value="build.all" />
    <property name="treedl.messages2.output.dir" value="target/src/treedl" />
    <property name="env.ProgramData" value="C:\ProgramData" />
    <property name="ivy.status.ivy.instance" value="integration" />
    <property name="mmu_grammar.path" value="ru/ispras/microtesk/translator/mmu/grammar" />
    <property name="ant.library.dir.ivy.instance" value="C:\Tools\ant\lib" />
    <property name="env.ANT_CMD_LINE_ARGS" value=" test" />
    <property name="sun.java.launcher.ivy.instance" value="SUN_STANDARD" />
    <property name="src.test.nml.dir" value="src/test/nml" />
    <property name="env.NUMBER_OF_PROCESSORS" value="8" />
    <property name="module.version" value="2.2.6-beta-150619" />
    <property name="env.windows_tracing_flags" value="3" />
    <property name="ivy.basedir.ivy.instance" value="F:\SVN\MicroTESK\microtesk\microtesk" />
    <property name="java.vm.vendor.ivy.instance" value="Oracle Corporation" />
    <property name="ivy.cache.ttl.default.ivy.instance" value="10s" />
    <property name="debug" value="false" />
    <property name="ivy.default.conf.dir.ivy.instance" value="jar:file:/F:/SVN/MicroTESK/microtesk/microtesk/tools/buildbase/ivy-2.1.0.jar!/org/apache/ivy/core/settings" />
    <property name="get.dependencies" value="true" />
    <property name="ivy.settings.url.ivy.instance" value="file:/F:/SVN/MicroTESK/microtesk/microtesk/ivyconf.xml" />
    <property name="sun.management.compiler" value="HotSpot 64-Bit Tiered Compilers" />
    <property name="env.DellClientSystemUpdatePath" value="C:\Program Files (x86)\Dell\ClientSystemUpdate\" />
    <property name="ant.file" value="F:\SVN\MicroTESK\microtesk\microtesk\build.xml" />
    <property name="env.SMT_SOLVER_PATH" value="C:\Tools\z3\bin\z3.exe" />
    <property name="env.PUBLIC" value="C:\Users\Public" />
    <property name="ivy.buildlist.ivyfilepath.ivy.instance" value="ivy.xml" />
    <property name="ant.file.microtesk" value="F:\SVN\MicroTESK\microtesk\microtesk\build.xml" />
    <property name="ivy.dir" value="F:\SVN\MicroTESK\microtesk\microtesk\tools\buildbase" />
    <property name="user.country.ivy.instance" value="RU" />
    <property name="mmu_grammar.package" value="translator/mmu/grammar" />
    <property name="ivy.default.always.check.exact.revision.ivy.instance" value="false" />
    <property name="dist" value="F:\SVN\MicroTESK\microtesk\microtesk\dist" />
    <property name="sun.cpu.isalist.ivy.instance" value="amd64" />
    <property name="java.vm.specification.vendor" value="Oracle Corporation" />
    <property name="classpath" value="./jars/antlr-3.4-complete.jar:./jars/ant-antlr3.jar:./jars/commons-cli-1.2.jar:./jars/jruby.jar:./jars/fortress.jar:./jars/testbase.jar" />
    <property name="java.vm.name" value="Java HotSpot(TM) 64-Bit Server VM" />
    <property name="compile.java.encoding" value="utf8" />
    <property name="java.io.tmpdir" value="C:\Users\kamkin\AppData\Local\Temp\" />
    <property name="file.encoding.ivy.instance" value="Cp1251" />
    <property name="java.vendor.url" value="http://java.oracle.com/" />
    <property name="ivy.cache.ttl.default" value="10s" />
    <property name="libs.dir" value="jars" />
    <property name="ivy.settings.file.ivy.instance" value="F:\SVN\MicroTESK\microtesk\microtesk\ivyconf.xml" />
    <property name="src.java.plugins.mmu.dir" value="src/main/java/plugins/mmu" />
    <property name="sun.boot.library.path" value="C:\Program Files\Java\jdk1.7.0_75\jre\bin" />
    <property name="file.encoding.pkg.ivy.instance" value="sun.io" />
    <property name="env.SESSIONNAME" value="Console" />
    <property name="ivy.resolver.default.check.modified" value="false" />
    <property name="java.runtime.name" value="Java(TM) SE Runtime Environment" />
    <property name="ant.project.name" value="microtesk" />
    <property name="sun.management.compiler.ivy.instance" value="HotSpot 64-Bit Tiered Compilers" />
    <property name="java.vendor.url.bug.ivy.instance" value="http://bugreport.sun.com/bugreport/" />
    <property name="ivy.conf.dir.ivy.instance" value="F:\SVN\MicroTESK\microtesk\microtesk" />
    <property name="compile.java.exclude" value="**/tests/**" />
    <property name="env.ComSpec" value="C:\Windows\system32\cmd.exe" />
    <property name="ivy.buildlist.ivyfilepath" value="ivy.xml" />
    <property name="sun.cpu.isalist" value="amd64" />
    <property name="env.ProgramFiles(x86)" value="C:\Program Files (x86)" />
    <property name="platform.windows" value="true" />
    <property name="ivy.default.ivy.user.dir" value="C:\Users\kamkin\.ivy2" />
    <property name="env.ALLUSERSPROFILE" value="C:\ProgramData" />
    <property name="java.runtime.version.ivy.instance" value="1.7.0_75-b13" />
    <property name="user.home" value="C:\Users\kamkin" />
    <property name="module.specification.title" value="microtesk" />
    <property name="env.JAVA_HOME" value="C:\Program Files\Java\jdk1.7.0_75" />
    <property name="java.vm.version.ivy.instance" value="24.75-b04" />
    <property name="fullver" value="2.2.6-beta-150619" />
    <property name="env.PROCESSOR_REVISION" value="3a09" />
    <property name="java.specification.name" value="Java Platform API Specification" />
    <property name="ivy.dep.file" value="ivy.xml" />
    <property name="user.timezone.ivy.instance" value="Europe/Moscow" />
    <property name="ivy.deliver.ivy.pattern.ivy.instance" value="distr/[type]s/[artifact]-[revision](-[classifier]).[ext]" />
    <property name="ivy.conf.url" value="file:/F:/SVN/MicroTESK/microtesk/microtesk/ivyconf.xml" />
    <property name="java.specification.vendor" value="Oracle Corporation" />
    <property name="ivy.deps.changed" value="false" />
    <property name="java.version" value="1.7.0_75" />
    <property name="sun.jnu.encoding.ivy.instance" value="Cp1251" />
    <property name="module.version.status" value="beta" />
    <property name="sun.io.unicode.encoding.ivy.instance" value="UnicodeLittle" />
    <property name="ivy.conf.file.ivy.instance" value="F:\SVN\MicroTESK\microtesk\microtesk\ivyconf.xml" />
    <property name="sun.java.command.ivy.instance" value="org.apache.tools.ant.launch.Launcher test" />
    <property name="src.res.dir" value="src/main/resources/core" />
    <property name="basedir.ivy.instance" value="F:\SVN\MicroTESK\microtesk\microtesk" />
    <property name="output.class.dir" value="target/classes" />
    <property name="filtered.dir" value="target/filtered" />
    <property name="ivy.conf.url.ivy.instance" value="file:/F:/SVN/MicroTESK/microtesk/microtesk/ivyconf.xml" />
    <property name="env.PSModulePath" value="C:\Windows\system32\WindowsPowerShell\v1.0\Modules\" />
    <property name="java.specification.vendor.ivy.instance" value="Oracle Corporation" />
    <property name="module.distr.jar" value="microtesk-2.2.6-beta-150619.jar" />
    <property name="tools.dir" value="tools" />
    <property name="env.PROCESSOR_LEVEL" value="6" />
    <property name="filters.enabled" value="false" />
    <property name="gen" value="F:\SVN\MicroTESK\microtesk\microtesk\gen" />
    <property name="ivy.build.artifacts.dir.ivy.instance" value="F:\SVN\MicroTESK\microtesk\microtesk/build/artifacts" />
    <property name="jars.path" value="./jars" />
    <property name="env.FARHOME" value="C:\Program Files\Far Manager" />
    <property name="env.CPPTESK_HOME" value="F:/SVN/cpptesk" />
    <property name="ant.file.type.microtesk" value="file" />
    <property name="buildbase.repo.url" value="http://forge.ispras.ru/repo" />
    <property name="ivy.cache.dir" value="C:\Users\kamkin\.ivy2\cache" />
    <property name="env.=::" value="::\" />
    <property name="user.language.ivy.instance" value="ru" />
    <property name="java.class.path.ivy.instance" value="C:\Tools\ant\bin\..\lib\ant-launcher.jar;C:\Tools\ant\lib\ant-antlr.jar;C:\Tools\ant\lib\ant-apache-bcel.jar;C:\Tools\ant\lib\ant-apache-bsf.jar;C:\Tools\ant\lib\ant-apache-log4j.jar;C:\Tools\ant\lib\ant-apache-oro.jar;C:\Tools\ant\lib\ant-apache-regexp.jar;C:\Tools\ant\lib\ant-apache-resolver.jar;C:\Tools\ant\lib\ant-apache-xalan2.jar;C:\Tools\ant\lib\ant-commons-logging.jar;C:\Tools\ant\lib\ant-commons-net.jar;C:\Tools\ant\lib\ant-jai.jar;C:\Tools\ant\lib\ant-javamail.jar;C:\Tools\ant\lib\ant-jdepend.jar;C:\Tools\ant\lib\ant-jmf.jar;C:\Tools\ant\lib\ant-jsch.jar;C:\Tools\ant\lib\ant-junit.jar;C:\Tools\ant\lib\ant-junit4.jar;C:\Tools\ant\lib\ant-launcher.jar;C:\Tools\ant\lib\ant-netrexx.jar;C:\Tools\ant\lib\ant-swing.jar;C:\Tools\ant\lib\ant-testutil.jar;C:\Tools\ant\lib\ant.jar;C:\Program Files\Java\jdk1.7.0_75\lib\tools.jar" />
    <property name="root.package" value="ru" />
    <property name="sun.cpu.endian.ivy.instance" value="little" />
    <property name="line.separator" value="&#xd;&#xa;" />
    <property name="module.distr" value="microtesk-2.2.6-beta-150619" />
    <property name="ivy.publish.src.artifacts.pattern" value="distr/[type]s/[artifact]-[revision](-[classifier]).[ext]" />
    <property name="java.specification.version" value="1.7" />
    <property name="java.vm.info" value="mixed mode" />
    <property name="dir.module.distr.jar" value="distr/microtesk-2.2.6-beta-150619.jar" />
    <property name="distr.javadoc.dir" value="target/microtesk-2.2.6-beta-150619/javadoc" />
    <property name="ivy.retrieve.pattern" value="jars/[artifact]-[revision](-[classifier]).[ext]" />
    <property name="ivy.organisation" value="unitesk" />
    <property name="nml_lexer.name" value="SimnMLLexer.g" />
    <property name="env.ANT_HOME" value="C:\Tools\ant\bin\.." />
    <property name="env.HOMEDRIVE" value="C:" />
    <property name="ivy.targets.copied" value="false" />
    <property name="treedl.translate.output.dir" value="target/src/treedl" />
    <property name="sun.boot.class.path" value="C:\Program Files\Java\jdk1.7.0_75\jre\lib\resources.jar;C:\Program Files\Java\jdk1.7.0_75\jre\lib\rt.jar;C:\Program Files\Java\jdk1.7.0_75\jre\lib\sunrsasign.jar;C:\Program Files\Java\jdk1.7.0_75\jre\lib\jsse.jar;C:\Program Files\Java\jdk1.7.0_75\jre\lib\jce.jar;C:\Program Files\Java\jdk1.7.0_75\jre\lib\charsets.jar;C:\Program Files\Java\jdk1.7.0_75\jre\lib\jfr.jar;C:\Program Files\Java\jdk1.7.0_75\jre\classes" />
    <property name="ivy.resolve.default.type.filter" value="*" />
    <property name="java.specification.version.ivy.instance" value="1.7" />
    <property name="env.CommonProgramFiles(x86)" value="C:\Program Files (x86)\Common Files" />
    <property name="src.dir" value="src" />
    <property name="env.APPDATA" value="C:\Users\kamkin\AppData\Roaming" />
    <property name="ivy.basedir" value="F:\SVN\MicroTESK\microtesk\microtesk" />
    <property name="ivy.log.modules.in.use.ivy.instance" value="false" />
    <property name="module.implementation.version" value="2.2.6-beta-150619" />
    <property name="java.specification.name.ivy.instance" value="Java Platform API Specification" />
    <property name="fortress.jar" value="fortress.jar" />
    <property name="line.separator.ivy.instance" value="&#xd;&#xa;" />
    <property name="ivy.publish.src.artifacts.pattern.ivy.instance" value="distr/[type]s/[artifact]-[revision](-[classifier]).[ext]" />
    <property name="gensrc.treedl.dir" value="target/src/treedl" />
    <property name="user.home.ivy.instance" value="C:\Users\kamkin" />
    <property name="ivy.deliver.ivy.pattern" value="distr/[type]s/[artifact]-[revision](-[classifier]).[ext]" />
    <property name="env._USE_CLASSPATH" value="no" />
    <property name="env.PATHEXT" value=".COM;.EXE;.BAT;.CMD;.VBS;.VBE;.JS;.JSE;.WSF;.WSH;.MSC" />
    <property name="buildbase.file" value="buildbase.zip" />
    <property name="dir.manifest.file" value="target/classes/META-INF/MANIFEST.MF" />
    <property name="ivy.pattern.prefix" value="F:\SVN\MicroTESK\microtesk\microtesk" />
    <property name="ivy.checksums.ivy.instance" value="sha1,md5" />
    <property name="dir.ivy.jar" value="F:\SVN\MicroTESK\microtesk\microtesk\tools\buildbase/ivy-2.1.0.jar" />
    <property name="java.awt.printerjob" value="sun.awt.windows.WPrinterJob" />
    <property name="env.SystemRoot" value="C:\Windows" />
    <property name="bin" value="F:\SVN\MicroTESK\microtesk\microtesk\bin" />
    <property name="sun.jnu.encoding" value="Cp1251" />
    <property name="ivy.default.ivy.user.dir.ivy.instance" value="C:\Users\kamkin\.ivy2" />
    <property name="dir.buildbase.file" value="F:\SVN\MicroTESK\microtesk\microtesk\tools\buildbase/buildbase.zip" />
    <property name="ivy.project.dir" value="F:\SVN\MicroTESK\microtesk\microtesk" />
    <property name="compile.java.verbose" value="false" />
    <property name="ivy.revision" value="working@kamkin" />
    <property name="module.version.patch" value="0" />
    <property name="java.runtime.version" value="1.7.0_75-b13" />
    <property name="compile.java.src.dir" value="src/main/java/core" />
    <property name="ivy.home" value="C:\Users\kamkin\.ivy2" />
    <property name="sun.boot.class.path.ivy.instance" value="C:\Program Files\Java\jdk1.7.0_75\jre\lib\resources.jar;C:\Program Files\Java\jdk1.7.0_75\jre\lib\rt.jar;C:\Program Files\Java\jdk1.7.0_75\jre\lib\sunrsasign.jar;C:\Program Files\Java\jdk1.7.0_75\jre\lib\jsse.jar;C:\Program Files\Java\jdk1.7.0_75\jre\lib\jce.jar;C:\Program Files\Java\jdk1.7.0_75\jre\lib\charsets.jar;C:\Program Files\Java\jdk1.7.0_75\jre\lib\jfr.jar;C:\Program Files\Java\jdk1.7.0_75\jre\classes" />
    <property name="changelog.dir" value="target" />
    <property name="java.vendor.ivy.instance" value="Oracle Corporation" />
    <property name="ivy.distrib.dir.ivy.instance" value="F:\SVN\MicroTESK\microtesk\microtesk/distrib" />
    <property name="module.svn" value="http://forge.ispras.ru/svn/microtesk" />
    <property name="user.timezone" value="" />
    <property name="module.scm.tag" value="microtesk_2_2_6_beta_150619" />
    <property name="env.FARLANG" value="English" />
    <property name="user.script.ivy.instance" value="" />
    <property name="java.vm.specification.name.ivy.instance" value="Java Virtual Machine Specification" />
    <property name="ivy.dep.file.ivy.instance" value="ivy.xml" />
    <property name="java.ext.dirs" value="C:\Program Files\Java\jdk1.7.0_75\jre\lib\ext;C:\Windows\Sun\Java\lib\ext" />
    <property name="nml_grammar.package" value="translator/nml/grammar" />
    <property name="module.implementation.title" value="microtesk" />
    <property name="java.class.path" value="C:\Tools\ant\bin\..\lib\ant-launcher.jar;C:\Tools\ant\lib\ant-antlr.jar;C:\Tools\ant\lib\ant-apache-bcel.jar;C:\Tools\ant\lib\ant-apache-bsf.jar;C:\Tools\ant\lib\ant-apache-log4j.jar;C:\Tools\ant\lib\ant-apache-oro.jar;C:\Tools\ant\lib\ant-apache-regexp.jar;C:\Tools\ant\lib\ant-apache-resolver.jar;C:\Tools\ant\lib\ant-apache-xalan2.jar;C:\Tools\ant\lib\ant-commons-logging.jar;C:\Tools\ant\lib\ant-commons-net.jar;C:\Tools\ant\lib\ant-jai.jar;C:\Tools\ant\lib\ant-javamail.jar;C:\Tools\ant\lib\ant-jdepend.jar;C:\Tools\ant\lib\ant-jmf.jar;C:\Tools\ant\lib\ant-jsch.jar;C:\Tools\ant\lib\ant-junit.jar;C:\Tools\ant\lib\ant-junit4.jar;C:\Tools\ant\lib\ant-launcher.jar;C:\Tools\ant\lib\ant-netrexx.jar;C:\Tools\ant\lib\ant-swing.jar;C:\Tools\ant\lib\ant-testutil.jar;C:\Tools\ant\lib\ant.jar;C:\Program Files\Java\jdk1.7.0_75\lib\tools.jar" />
    <property name="distr.doc.dir" value="target/microtesk-2.2.6-beta-150619/docs" />
    <property name="env.Path" value="C:\Program Files\Java\jdk1.7.0_75\bin;C:\ProgramData\Oracle\Java\javapath;C:\Program Files\Common Files\Microsoft Shared\Windows Live;C:\Program Files (x86)\Common Files\Microsoft Shared\Windows Live;C:\Program Files (x86)\Intel\iCLS Client\;C:\Program Files\Intel\iCLS Client\;C:\Program Files (x86)\NVIDIA Corporation\PhysX\Common;C:\Windows\system32;C:\Windows;C:\Windows\System32\Wbem;C:\Windows\System32\WindowsPowerShell\v1.0\;C:\Program Files (x86)\Intel\Intel(R) Management Engine Components\DAL;C:\Program Files (x86)\Intel\Intel(R) Management Engine Components\IPT;C:\Program Files\Dell\Dell Data Protection\Access\Advanced\Wave\Gemalto\Access Client\v5\;C:\Program Files (x86)\Security Innovation\SI TSS\bin\;C:\Program Files (x86)\Windows Live\Shared;C:\Program Files\Intel\Intel(R) Management Engine Components\DAL;C:\Program Files\Intel\Intel(R) Management Engine Components\IPT;C:\Program Files (x86)\Intel\Intel(R) Management Engine Components\DAL;C:\Program Files (x86)\Intel\Intel(R) Management Engine Components\IPT;C:\Program Files\TortoiseSVN\bin;C:\Tools\ant\bin;C:\cygwin64\bin;C:\Program Files (x86)\MiKTeX 2.9\miktex\bin\" />
    <property name="ivy.settings.dir" value="F:\SVN\MicroTESK\microtesk\microtesk" />
    <property name="env.USERNAME" value="kamkin" />
    <property name="os.version" value="6.1" />
    <property name="env.HOMEPATH" value="\Users\kamkin" />
    <property name="dist.ruby" value="F:\SVN\MicroTESK\microtesk\microtesk\dist\lib\ruby" />
    <property name="sun.desktop" value="windows" />
    <property name="java.class.version.ivy.instance" value="51.0" />
    <property name="module.specification.version" value="2.2" />
    <property name="ivy.module" value="microtesk" />
    <property name="module.src.distr" value="microtesk-src-2.2.6-beta-150619" />
    <property name="os.arch.ivy.instance" value="amd64" />
    <property name="java.vm.name.ivy.instance" value="Java HotSpot(TM) 64-Bit Server VM" />
    <property name="java.awt.graphicsenv" value="sun.awt.Win32GraphicsEnvironment" />
    <property name="ivy.nb.targets.copied" value="0" />
    <property name="module.distr.tgz" value="microtesk-2.2.6-beta-150619.tar.gz" />
    <property name="java.vm.vendor" value="Oracle Corporation" />
    <property name="ivy.log.modules.in.use" value="false" />
    <property name="dir.module.distr.src.tgz" value="distr/microtesk-src-2.2.6-beta-150619.tar.gz" />
    <property name="ant.build.javac.source" value="1.7" />
    <property name="nml_walker.name" value="SimnMLTreeWalker.g" />
    <property name="treedl.walker.output.dir" value="target/src/treedl" />
    <property name="ant.file.type" value="file" />
    <property name="ivy.build.artifacts.dir" value="target" />
    <property name="user.script" value="" />
    <property name="env.windows_tracing_logfile" value="C:\BVTBin\Tests\installpackage\csilogfile.log" />
    <property name="sun.os.patch.level.ivy.instance" value="Service Pack 1" />
    <property name="ivy.checksums" value="sha1,md5" />
    <property name="changelog.file" value="changelog" />
    <property name="dir.module.distr.tgz" value="distr/microtesk-2.2.6-beta-150619.tar.gz" />
    <property name="ivy.configurations" value="runtime,build" />
    <property name="ant.build.javac.target" value="1.7" />
    <property name="ivy.distrib.dir" value="distr" />
    <property name="jar.classpath" value="antlr-3.4-complete.jar commons-cli-1.2.jar jruby.jar fortress.jar testbase.jar" />
    <property name="ant.version" value="Apache Ant(TM) version 1.9.4 compiled on April 29 2014" />
    <property name="file.encoding" value="Cp1251" />
    <property name="ant.file.buildbase" value="F:\SVN\MicroTESK\microtesk\microtesk\tools\buildbase\buildbase.xml" />
    <property name="dir.changelog.file" value="target/changelog" />
    <property name="ivy.uptodate" value="true" />
    <property name="awt.toolkit" value="sun.awt.windows.WToolkit" />
    <property name="mmu_walker.name" value="MmuTreeWalker.g" />
    <property name="module.distr.src.tgz" value="microtesk-src-2.2.6-beta-150619.tar.gz" />
    <property name="user.name.ivy.instance" value="kamkin" />
  </properties>
  <testcase classname="ru.ispras.microtesk.translator.mmu.spec.MmuDeviceTestCase" name="runTest" time="0.264" />
  <system-out><![CDATA[Test: DTLB, ffffffffdafc2ff7
tag=7fed7e1, index=0, offset=ff7
Test: L1, ffffffff9e10d5a4
tag=f9e10d, index=2d, offset=4
Test: L2, 521270865eb88a2d
tag=32f5c, index=451, offset=d
Test: DTLB, 59ae81255f0e9113
tag=12af874, index=0, offset=1113
Test: L1, c5c7a797441c2cc5
tag=7441c2, index=66, offset=5
Test: L2, ffffffffcef337d7
tag=7e779, index=9be, offset=17
Test: DTLB, 69f957f32e300696
tag=7997180, index=0, offset=696
Test: L1, 2642d0bb77bc5ff2
tag=b77bc5, index=7f, offset=12
Test: L2, 228da1c463709103
tag=231b8, index=488, offset=3
Test: DTLB, ffffffffbe2ccab6
tag=7fdf166, index=0, offset=ab6
Test: L1, ffffffffd861c39e
tag=fd861c, index=1c, offset=1e
Test: L2, 91c3b97b1630ad7b
tag=58b18, index=56b, offset=1b
Test: DTLB, fffffffffa47f53c
tag=7ffd23f, index=0, offset=153c
Test: L1, ffffffff98381938
tag=f98381, index=49, offset=18
Test: L2, 2968c08d5db55368
tag=6aeda, index=a9b, offset=8
Test: DTLB, ffffffffd38fde1b
tag=7fe9c7e, index=0, offset=1e1b
Test: L1, ffffffffb9bf7940
tag=fb9bf7, index=4a, offset=0
Test: L2, ffffffffa40298a0
tag=7d201, index=4c5, offset=0
Test: DTLB, b2e39a7f1d8556a3
tag=3f8ec2a, index=0, offset=16a3
Test: L1, 46021907033acf9
tag=7033a, index=67, offset=19
Test: L2, ffffffff9fb6cc2b
tag=7cfdb, index=661, offset=b
Test: DTLB, 5fa38561717c1c8b
tag=30b8be0, index=0, offset=1c8b
Test: L1, ffffffffea045bf4
tag=fea045, index=5f, offset=14
Test: L2, ffffffffe6154388
tag=7f30a, index=a1c, offset=8
Test: DTLB, ffffffffa3e958e8
tag=7fd1f4a, index=0, offset=18e8
Test: L1, ffffffff9601ae95
tag=f9601a, index=74, offset=15
Test: L2, ffffffffe248d11e
tag=7f124, index=688, offset=1e
Test: DTLB, 1050f2222a128969
tag=1115094, index=0, offset=969
Test: L1, ffffffff8447950b
tag=f84479, index=28, offset=b
Test: L2, dd1483651a10581d
tag=28d08, index=2c0, offset=1d
Test: DTLB, 43a910087223f2cc
tag=43911f, index=0, offset=12cc
Test: L1, ffffffffafba7814
tag=fafba7, index=40, offset=14
Test: L2, a416c3665c29b5c4
tag=32e14, index=dae, offset=4
Test: DTLB, ffffffffc67be4ae
tag=7fe33df, index=0, offset=4ae
Test: L1, ceb1ea433c3b93f
tag=433c3b, index=49, offset=1f
Test: L2, ffffffff8876e1c7
tag=7c43b, index=70e, offset=7
Test: DTLB, ffffffffba585247
tag=7fdd2c2, index=0, offset=1247
Test: L1, 3689a355747090e8
tag=574709, index=7, offset=8
Test: L2, ffffffff9575181c
tag=7caba, index=8c0, offset=1c
Test: DTLB, 643c7280b99827c
tag=1405ccc, index=0, offset=27c
Test: L1, ffffffffd75646b1
tag=fd7564, index=35, offset=11
Test: L2, a71b79bc62f839ae
tag=6317c, index=1cd, offset=e
Test: DTLB, c6e20d3624ce728
tag=69b1267, index=0, offset=728
Test: L1, 102457ed6055612f
tag=d60556, index=9, offset=f
Test: L2, ffffffff995223c5
tag=7cca9, index=11e, offset=5
Test: DTLB, ffffffffb85fefb1
tag=7fdc2ff, index=0, offset=fb1
Test: L1, ffffffffd0bf8ba6
tag=fd0bf8, index=5d, offset=6
Test: L2, 2edd874760ad8820
tag=3b056, index=c41, offset=0
Test: DTLB, 46535b6c1dddf2f8
tag=360eeef, index=0, offset=12f8
Test: L1, 898c8fe04aa98766
tag=4aa98, index=3b, offset=6
Test: L2, 6dc4bfad7a010390
tag=6bd00, index=81c, offset=10
Test: DTLB, ffffffffbffbe757
tag=7fdffdf, index=0, offset=757
Test: L1, a3022ded01e6e66c
tag=d01e6e, index=33, offset=c
Test: L2, f0632c15aa83811
tag=ad54, index=1c0, offset=11
Test: DTLB, dafa50b557870d46
tag=5aabc38, index=0, offset=d46
Test: L1, ffffffffd3f3ae91
tag=fd3f3a, index=74, offset=11
Test: L2, 36d6ffc64c16769
tag=63260, index=b3b, offset=9
Test: DTLB, 9c073e316e708678
tag=18b7384, index=0, offset=678
Test: L1, ffffffffd21b2b3c
tag=fd21b2, index=59, offset=1c
Test: L2, 5c11795304667bc1
tag=18233, index=3de, offset=1
Test: DTLB, ffffffff8cddc554
tag=7fc66ee, index=0, offset=554
Test: L1, ffffffffdfd2f6ba
tag=fdfd2f, index=35, offset=1a
Test: L2, be05416c10e763c6
tag=60873, index=b1e, offset=6
Test: DTLB, fffffffff7a95ac0
tag=7ffbd4a, index=0, offset=1ac0
Test: L1, e566597418b0dcd1
tag=418b0d, index=66, offset=11
Test: L2, bbfba5f95e981a02
tag=4af4c, index=d0, offset=2
Test: DTLB, c97d28c14943b456
tag=60a4a1d, index=0, offset=1456
Test: L1, ffffffff93c41b4f
tag=f93c41, index=5a, offset=f
Test: L2, d222943d4f45d92d
tag=6a7a2, index=ec9, offset=d
Test: DTLB, d39575d37fc6bd1b
tag=69bfe35, index=0, offset=1d1b
Test: L1, ffffffffce575329
tag=fce575, index=19, offset=9
Test: L2, ffffffff9e1ed6ae
tag=7cf0f, index=6b5, offset=e
Test: DTLB, ffffffffe2a2c360
tag=7ff1516, index=0, offset=360
Test: L1, 6f4048fe2e8af295
tag=e2e8af, index=14, offset=15
Test: L2, ffffffffc9c2637d
tag=7e4e1, index=31b, offset=1d
Test: DTLB, 139d11de6f65be94
tag=6f37b2d, index=0, offset=1e94
Test: L1, f7140c7400ec4cf1
tag=400ec4, index=67, offset=11
Test: L2, ac20432ceda2a3
tag=19676, index=d15, offset=3
Test: DTLB, ffffffffbd34df15
tag=7fde9a6, index=0, offset=1f15
Test: L1, fffffffff7de347c
tag=ff7de3, index=23, offset=1c
Test: L2, f1bdfda97fdb2b16
tag=4bfed, index=958, offset=16
Test: DTLB, d7d434440ec8ec4
tag=2220764, index=0, offset=ec4
Test: L1, ffffffffec410517
tag=fec410, index=28, offset=17
Test: L2, ffffffff8cc20532
tag=7c661, index=29, offset=12
Test: DTLB, 37cc44864bf99330
tag=4325fcc, index=0, offset=1330
Test: L1, 7ed04a7e315ae453
tag=e315ae, index=22, offset=13
Test: L2, ffffffffb4d7f9d8
tag=7da6b, index=fce, offset=18
Test: DTLB, ffffffffbb079dac
tag=7fdd83c, index=0, offset=1dac
Test: L1, 756240e840ddae36
tag=840dda, index=71, offset=16
Test: L2, ffffffffee27e3b3
tag=7f713, index=f1d, offset=13
Test: DTLB, 83fd18f71924c128
tag=7b8c926, index=0, offset=128
Test: L1, ffffffff9c98a3f0
tag=f9c98a, index=1f, offset=10
Test: L2, 67749e0a3b9e9606
tag=51dcf, index=4b0, offset=6
Test: DTLB, 2c64c8ca0e027f8c
tag=6507013, index=0, offset=1f8c
Test: L1, e3bd51e11d61e6f9
tag=11d61e, index=37, offset=19
Test: L2, 812efaaa4ea18f77
tag=52750, index=c7b, offset=17
Test: DTLB, ffffffffbf149c5f
tag=7fdf8a4, index=0, offset=1c5f
Test: L1, ffffffffacbdd601
tag=facbdd, index=30, offset=1
Test: L2, ffffffff93c8ecf2
tag=7c9e4, index=767, offset=12
Test: DTLB, bf26236562048818
tag=32b1024, index=0, offset=818
Test: L1, ffffffffee92a6a7
tag=fee92a, index=35, offset=7
Test: L2, fffffffff1d8a8b4
tag=7f8ec, index=545, offset=14
Test: DTLB, 49f3d9646dd6d36e
tag=3236eb6, index=0, offset=136e
Test: L1, 641611f866b46864
tag=866b46, index=43, offset=4
Test: L2, ffffffff9b2e97c5
tag=7cd97, index=4be, offset=5
Test: DTLB, ffffffffbb6a4c4d
tag=7fddb52, index=0, offset=c4d
Test: L1, ffffffffca981d3a
tag=fca981, index=69, offset=1a
Test: L2, 50a8b735635fd1a4
tag=2b1af, index=e8d, offset=4
Test: DTLB, ffffffff8e592eaa
tag=7fc72c9, index=0, offset=eaa
Test: L1, 9bf371e83a0e3cfc
tag=83a0e3, index=67, offset=1c
Test: L2, ffffffff8075e83d
tag=7c03a, index=f41, offset=1d
Test: DTLB, ffffffff9ad34496
tag=7fcd69a, index=0, offset=496
Test: L1, ffffffff8dc5ab41
tag=f8dc5a, index=5a, offset=1
Test: L2, ffffffff8d76fc1a
tag=7c6bb, index=7e0, offset=1a
Test: DTLB, 54e3d30c4d616525
tag=626b0b, index=0, offset=525
Test: L1, ffffffffde33a774
tag=fde33a, index=3b, offset=14
Test: L2, 1e7afda8490c2c15
tag=42486, index=160, offset=15
Test: DTLB, e260cdfb1871cc67
tag=7d8c38e, index=0, offset=c67
Test: L1, 634696de7febbd52
tag=e7febb, index=6a, offset=12
Test: L2, fffffffff8a6e8b6
tag=7fc53, index=745, offset=16
Test: DTLB, ffffffffb23a19dc
tag=7fd91d0, index=0, offset=19dc
Test: L1, ffffffffb74f2af5
tag=fb74f2, index=57, offset=15
Test: L2, 1acacd1b02a0e5e7
tag=58150, index=72f, offset=7
Test: DTLB, 7880a15a4827da60
tag=2d2413e, index=0, offset=1a60
Test: L1, 7d679f1a4cd6d82d
tag=a4cd6d, index=41, offset=d
Test: L2, f6caaa585c763e90
tag=42e3b, index=1f4, offset=10
Test: DTLB, ffffffffc982c00a
tag=7fe4c16, index=0, offset=a
Test: L1, ffffffffac51e6ff
tag=fac51e, index=37, offset=1f
Test: L2, ffffffffa4d8f962
tag=7d26c, index=7cb, offset=2
Test: DTLB, 7f99574f210e0b83
tag=2790870, index=0, offset=b83
Test: L1, fffffffff5cb9a69
tag=ff5cb9, index=53, offset=9
Test: L2, ffffffffd6be4239
tag=7eb5f, index=211, offset=19
Test: DTLB, 179f2def39992fb0
tag=779ccc9, index=0, offset=fb0
Test: L1, fffffffff6fcc7c3
tag=ff6fcc, index=3e, offset=3
Test: L2, c04e4fdc53f92ecc
tag=629fc, index=976, offset=c
Test: DTLB, ffffffffb366beb8
tag=7fd9b35, index=0, offset=1eb8
Test: L1, ecceace03484983d
tag=34849, index=41, offset=1d
Test: L2, ffffffff9e29f252
tag=7cf14, index=f92, offset=12
Test: DTLB, fffffffff39d18e5
tag=7ff9ce8, index=0, offset=18e5
Test: L1, ffffffffc80616b7
tag=fc8061, index=35, offset=17
Test: L2, ffffffff90b1b116
tag=7c858, index=d88, offset=16
Test: DTLB, ece4997535617792
tag=3a9ab0b, index=0, offset=1792
Test: L1, ffffffffb7f3da14
tag=fb7f3d, index=50, offset=14
Test: L2, bc07e89c34383a91
tag=61a1c, index=1d4, offset=11
Test: DTLB, ffffffffb7675da7
tag=7fdbb3a, index=0, offset=1da7
Test: L1, ffffffffdb3a5e19
tag=fdb3a5, index=70, offset=19
Test: L2, 775bcd72744b1c70
tag=13a25, index=8e3, offset=10
Test: DTLB, f0c1f80875257756
tag=43a92b, index=0, offset=1756
Test: L1, ffffffffa8ab5e19
tag=fa8ab5, index=70, offset=19
Test: L2, 618341b17b2622e4
tag=bd93, index=117, offset=4
Test: DTLB, 4507bfe975258b5f
tag=74ba92c, index=0, offset=b5f
Test: L1, fefeae695361e8ed
tag=95361e, index=47, offset=d
Test: L2, c0ccb9d167f5577e
tag=b3fa, index=abb, offset=1e
Test: DTLB, 686ea7c508077078
tag=628403b, index=0, offset=1078
Test: L1, 959bc58d7764ca1f
tag=d7764c, index=50, offset=1f
Test: L2, ffffffffe4f77cd4
tag=7f27b, index=be6, offset=14
Test: DTLB, ffffffffa60030f6
tag=7fd3001, index=0, offset=10f6
Test: L1, 12dad02e2c9ac870
tag=e2c9ac, index=43, offset=10
Test: L2, 82af4b0b05cff5b0
tag=582e7, index=fad, offset=10
Test: DTLB, c5bdb63159c22549
tag=18ace11, index=0, offset=549
Test: L1, f6a9936c4354e016
tag=c4354e, index=0, offset=16
Test: L2, 7320058c7b14bd00
tag=63d8a, index=5e8, offset=0
Test: DTLB, ea054ce562cc980d
tag=72b1664, index=0, offset=180d
Test: L1, ffffffff98b80505
tag=f98b80, index=28, offset=5
Test: L2, 7449d10e2a0d51d6
tag=71506, index=a8e, offset=16
Test: DTLB, ee929a764da53146
tag=3b26d29, index=0, offset=1146
Test: L1, ffffffffb3a81d90
tag=fb3a81, index=6c, offset=10
Test: L2, ffffffffd0ec66cb
tag=7e876, index=336, offset=b
Test: DTLB, ffffffffb624897f
tag=7fdb124, index=0, offset=97f
Test: L1, c247884479f23ca3
tag=479f23, index=65, offset=3
Test: L2, ffffffffda57ee2c
tag=7ed2b, index=f71, offset=c
Test: DTLB, ffffffff8ceb6d28
tag=7fc675b, index=0, offset=d28
Test: L1, ffffffffa9173ac5
tag=fa9173, index=56, offset=5
Test: L2, fffffffff46d4e32
tag=7fa36, index=a71, offset=12
Test: DTLB, ffffffff9504d0fd
tag=7fca826, index=0, offset=10fd
Test: L1, 54bbc7e76d888a30
tag=76d888, index=51, offset=10
Test: L2, 14fe8703489e1783
tag=1a44f, index=bc, offset=3
Test: DTLB, ffffffff83a0f663
tag=7fc1d07, index=0, offset=1663
Test: L1, 9bc754142ab2cd38
tag=42ab2c, index=69, offset=18
Test: L2, fffffffff0392e98
tag=7f81c, index=974, offset=18
Test: DTLB, ba6ef90d29991553
tag=694cc8, index=0, offset=1553
Test: L1, cece980c6b678110
tag=c6b678, index=8, offset=10
Test: L2, ffffffffae093d8a
tag=7d704, index=9ec, offset=a
Test: DTLB, ffffffffcca0d27a
tag=7fe6506, index=0, offset=127a
Test: L1, ffffffff97f88a17
tag=f97f88, index=50, offset=17
Test: L2, ffffffff9681bb04
tag=7cb40, index=dd8, offset=4
Test: DTLB, a5fee79d3f966635
tag=4e9fcb3, index=0, offset=635
Test: L1, fffffffff47e0e94
tag=ff47e0, index=74, offset=14
Test: L2, 711663681fd61c33
tag=40feb, index=e1, offset=13
Test: DTLB, ffffffffaead7640
tag=7fd756b, index=0, offset=1640
Test: L1, d6f934017e6301e9
tag=17e630, index=f, offset=9
Test: L2, 2751bdfe64964b6d
tag=7324b, index=25b, offset=d
Test: DTLB, 6fdbaa2a3b2662dd
tag=151d933, index=0, offset=2dd
Test: L1, 9e65d9760ac1b662
tag=60ac1b, index=33, offset=2
Test: L2, ffffffffce4232bf
tag=7e721, index=195, offset=1f
Test: DTLB, ffffffffb4977f6d
tag=7fda4bb, index=0, offset=1f6d
Test: L1, 8a227d834b63025f
tag=34b630, index=12, offset=1f
Test: L2, 187643cf4921ba2f
tag=7a490, index=dd1, offset=f
Test: DTLB, 7d50c4681ce0ea96
tag=340e707, index=0, offset=a96
Test: L1, ffffffffc6340992
tag=fc6340, index=4c, offset=12
Test: L2, ffffffffeff7ca87
tag=7f7fb, index=e54, offset=7
Test: DTLB, ffffffffc13342f4
tag=7fe099a, index=0, offset=2f4
Test: L1, 408f9c05225e490f
tag=5225e4, index=48, offset=f
Test: L2, ffffffff9010db9c
tag=7c808, index=6dc, offset=1c
Test: DTLB, d4c0eb692093cd4f
tag=349049e, index=0, offset=d4f
Test: L1, ffffffff96bcae5e
tag=f96bca, index=72, offset=1e
Test: L2, d18001f97daaa051
tag=4bed5, index=502, offset=11
Test: DTLB, fffffffff3e478e1
tag=7ff9f23, index=0, offset=18e1
Test: L1, ffffffffb52b764f
tag=fb52b7, index=32, offset=f
Test: L2, ffffffff85697550
tag=7c2b4, index=baa, offset=10
Test: DTLB, 97e5112171df943
tag=90b8ef, index=0, offset=1943
Test: L1, ffffffffd23674fb
tag=fd2367, index=27, offset=1b
Test: L2, ffffffff9153416b
tag=7c8a9, index=a0b, offset=b
Test: DTLB, ffffffff9aba6ce9
tag=7fcd5d3, index=0, offset=ce9
Test: L1, ba00a61a729f537e
tag=a729f5, index=1b, offset=1e
Test: L2, ffffffffc33d27ec
tag=7e19e, index=93f, offset=c
Test: DTLB, ffffffffd36964d9
tag=7fe9b4b, index=0, offset=4d9
Test: L1, 8d295b684137f5b2
tag=84137f, index=2d, offset=12
Test: L2, ffffffff9018fd23
tag=7c80c, index=7e9, offset=3
Test: DTLB, f1eaf8c07333d2cb
tag=603999e, index=0, offset=12cb
Test: L1, 4ac0d7971b355e84
tag=71b355, index=74, offset=4
Test: L2, 5ab53bb14c7e2f21
tag=a63f, index=179, offset=1
Test: DTLB, ffffffff95eb7136
tag=7fcaf5b, index=0, offset=1136
Test: L1, 6bbf84f5541d88ae
tag=5541d8, index=45, offset=e
Test: L2, ffffffffab1d009a
tag=7d58e, index=804, offset=1a
Test: DTLB, 63ebd3b240299b41
tag=592014c, index=0, offset=1b41
Test: L1, ffffffff8e29581d
tag=f8e295, index=40, offset=1d
Test: L2, ffffffff8df96e99
tag=7c6fc, index=b74, offset=19
Test: DTLB, ffffffffd6f6a78d
tag=7feb7b5, index=0, offset=78d
Test: L1, ffffffff80f706d7
tag=f80f70, index=36, offset=17
Test: L2, c3dec9f15b43b1a5
tag=ada1, index=d8d, offset=5
Test: DTLB, 607bc274602f3f14
tag=3a30179, index=0, offset=1f14
Test: L1, 7a56b9266151aae5
tag=66151a, index=57, offset=5
Test: L2, b973cb02059ada8e
tag=102cd, index=6d4, offset=e
Test: DTLB, c1f7043e2a36e281
tag=1f151b7, index=0, offset=281
Test: L1, 784715ca3dc61834
tag=a3dc61, index=41, offset=14
Test: L2, ffffffffda3047b9
tag=7ed18, index=23d, offset=19
Test: DTLB, a01d41a24750f9df
tag=5123a87, index=0, offset=19df
Test: L1, ffffffffc2cc0da6
tag=fc2cc0, index=6d, offset=6
Test: L2, fffffffff4b162ad
tag=7fa58, index=b15, offset=d
Test: DTLB, ffffffff8cbe641c
tag=7fc65f3, index=0, offset=41c
Test: L1, ffffffff97eea8bd
tag=f97eea, index=45, offset=1d
Test: L2, 76c1887f1694a236
tag=78b4a, index=511, offset=16
Test: DTLB, a139a0830e038da3
tag=418701c, index=0, offset=da3
Test: L1, 97ad5efb379b610d
tag=b379b6, index=8, offset=d
Test: L2, ffffffff9919663c
tag=7cc8c, index=b31, offset=1c
Test: DTLB, d71651582acdebc1
tag=2c1566f, index=0, offset=bc1
Test: L1, fb7042116a9ebadb
tag=16a9eb, index=56, offset=1b
Test: L2, c7dd56aa3f84fb6a
tag=51fc2, index=7db, offset=a
Test: DTLB, 6c1f298333c4ccf8
tag=4199e26, index=0, offset=cf8
Test: L1, ffffffffa8ecb0bf
tag=fa8ecb, index=5, offset=1f
Test: L2, f2ab1541721ebd4
tag=20b90, index=f5e, offset=14
Test: DTLB, ffffffffa0a8b262
tag=7fd0545, index=0, offset=1262
Test: L1, b44801d5318a97cd
tag=5318a9, index=3e, offset=d
Test: L2, 35f6309c4f968792
tag=627cb, index=43c, offset=12
Test: DTLB, fffffffffc9f95f9
tag=7ffe4fc, index=0, offset=15f9
Test: L1, 2f1797744a9c96c9
tag=44a9c9, index=36, offset=9
Test: L2, ffffffffa97e3324
tag=7d4bf, index=199, offset=4
Test: DTLB, ffffffff8a49d795
tag=7fc524e, index=0, offset=1795
Test: L1, ffffffffd0c7c0ed
tag=fd0c7c, index=7, offset=d
Test: L2, ffffffffc6968c78
tag=7e34b, index=463, offset=18
Test: DTLB, abb934f931d14335
tag=7c98e8a, index=0, offset=335
Test: L1, ffffffffc0629c11
tag=fc0629, index=60, offset=11
Test: L2, 2e2c471f1331e309
tag=78998, index=f18, offset=9
Test: DTLB, b9eb808841d59200
tag=4420eac, index=0, offset=1200
Test: L1, fffffffff8d55068
tag=ff8d55, index=3, offset=8
Test: L2, ffffffff81efad24
tag=7c0f7, index=d69, offset=4
Test: DTLB, ffffffff86eff352
tag=7fc377f, index=0, offset=1352
Test: L1, fffffffff1da33a5
tag=ff1da3, index=1d, offset=5
Test: L2, 255ac23c393d6ebb
tag=61c9e, index=b75, offset=1b
Test: DTLB, 12a225e31f73cb1c
tag=718fb9e, index=0, offset=b1c
Test: L1, c3e062e348f49bec
tag=348f49, index=5f, offset=c
Test: L2, ffffffffdf68d9c4
tag=7efb4, index=6ce, offset=4
Test: DTLB, ffffffffe1e2b2dd
tag=7ff0f15, index=0, offset=12dd
Test: L1, b1379dcf25cf5e3e
tag=f25cf5, index=71, offset=1e
Test: L2, ffffffffda4e1ba3
tag=7ed27, index=dd, offset=3
Test: DTLB, fffffffff3e95487
tag=7ff9f4a, index=0, offset=1487
Test: L1, ffffffff9435a750
tag=f9435a, index=3a, offset=10
Test: L2, ffffffff85db6c4f
tag=7c2ed, index=b62, offset=f
Test: DTLB, 6543595821d90d35
tag=2c10ec8, index=0, offset=d35
Test: L1, ffffffffa66255f2
tag=fa6625, index=2f, offset=12
Test: L2, fe6452e904c4b9e2
tag=48262, index=5cf, offset=2
Test: DTLB, a029a19c5783cf23
tag=4e2bc1e, index=0, offset=f23
Test: L1, df58728c151e7b87
tag=c151e7, index=5c, offset=7
Test: L2, ffffffffb20922ab
tag=7d904, index=915, offset=b
Test: DTLB, ffffffffc57c1422
tag=7fe2be0, index=0, offset=1422
Test: L1, ffffffffdb2c5aee
tag=fdb2c5, index=57, offset=e
Test: L2, 7724d48e3a1ad5f9
tag=71d0d, index=6af, offset=19
Test: DTLB, 7d1420492c33a198
tag=249619d, index=0, offset=198
Test: L1, d4ed91b4558a144a
tag=4558a1, index=22, offset=a
Test: L2, 4d205bbc3652e54e
tag=61b29, index=72a, offset=e
Test: DTLB, ffffffff87e69df5
tag=7fc3f34, index=0, offset=1df5
Test: L1, ffffffff9299c1fe
tag=f9299c, index=f, offset=1e
Test: L2, fffffffff1e2fcb7
tag=7f8f1, index=7e5, offset=17
Test: DTLB, ffffffff81aaa787
tag=7fc0d55, index=0, offset=787
Test: L1, ffffffffb5f52a5f
tag=fb5f52, index=52, offset=1f
Test: L2, ffffffffe8e3adef
tag=7f471, index=d6f, offset=f
Test: DTLB, 805c9bbb75925840
tag=5dbac92, index=0, offset=1840
Test: L1, ffffffffbf8c87d9
tag=fbf8c8, index=3e, offset=19
Test: L2, ffffffff95a0f54f
tag=7cad0, index=7aa, offset=f
Test: DTLB, 9efc987d3ccfae65
tag=3e9e67d, index=0, offset=e65
Test: L1, 32fd66a92cebf084
tag=92cebf, index=4, offset=4
Test: L2, 62d683fe5e1ff894
tag=72f0f, index=fc4, offset=14
Test: DTLB, ffffffffe98921de
tag=7ff4c49, index=0, offset=1de
Test: L1, ffffffffaa5a1ef9
tag=faa5a1, index=77, offset=19
Test: L2, 90fc60b171ad61cb
tag=b8d6, index=b0e, offset=b
Test: DTLB, ef92ad6b2c2e69a7
tag=3596173, index=0, offset=9a7
Test: L1, 3321896622a76fa8
tag=622a76, index=7d, offset=8
Test: L2, ab42557a4d7b1f00
tag=526bd, index=8f8, offset=0
Test: DTLB, ffffffffca7acecc
tag=7fe53d6, index=0, offset=ecc
Test: L1, ffffffff9eec5a35
tag=f9eec5, index=51, offset=15
Test: L2, fa95b76d3e264dda
tag=69f13, index=26e, offset=1a
Test: DTLB, cdb7f6971e02b1e5
tag=4b8f015, index=0, offset=11e5
Test: L1, ffffffff86eda94b
tag=f86eda, index=4a, offset=b
Test: L2, ffffffffe9d21506
tag=7f4e9, index=a8, offset=6
Test: DTLB, ffffffff93a341b7
tag=7fc9d1a, index=0, offset=1b7
Test: L1, ffffffff8a42a335
tag=f8a42a, index=19, offset=15
Test: L2, ffffffffd4832a73
tag=7ea41, index=953, offset=13
Test: DTLB, ffffffffb6380f43
tag=7fdb1c0, index=0, offset=f43
Test: L1, ffffffffa880468a
tag=fa8804, index=34, offset=a
Test: L2, f7a592746aa49780
tag=23552, index=4bc, offset=0
Test: DTLB, fffffffff4bec1c4
tag=7ffa5f6, index=0, offset=1c4
Test: L1, ffffffffb47dddd6
tag=fb47dd, index=6e, offset=16
Test: L2, ffffffff9f7fcd52
tag=7cfbf, index=e6a, offset=12
Test: DTLB, ffffffffbec65618
tag=7fdf632, index=0, offset=1618
Test: L1, bb55757f7d680f22
tag=f7d680, index=79, offset=2
Test: L2, ffffffffc08eaecb
tag=7e047, index=576, offset=b
Test: DTLB, 782ea5270b2968b4
tag=138594b, index=0, offset=8b4
Test: L1, fffffffffc71c14a
tag=ffc71c, index=a, offset=a
Test: L2, ffffffff9dd26e4c
tag=7cee9, index=372, offset=c
Test: DTLB, 9a49639052a84882
tag=4829542, index=0, offset=882
Test: L1, 409c1cb023f9881a
tag=23f98, index=40, offset=1a
Test: L2, b3d780643da856d1
tag=21ed4, index=2b6, offset=11
Test: DTLB, fffffffff113bea2
tag=7ff889d, index=0, offset=1ea2
Test: L1, ffffffffe52becaf
tag=fe52be, index=65, offset=f
Test: L2, fde0625f0b881a88
tag=785c4, index=d4, offset=8
Test: DTLB, abb107c51ad9b371
tag=628d6cd, index=0, offset=1371
Test: L1, ffffffffcb4a4027
tag=fcb4a4, index=1, offset=7
Test: L2, b4499d69491ac720
tag=4a48d, index=639, offset=0
Test: DTLB, ffffffffda91731f
tag=7fed48b, index=0, offset=131f
Test: L1, 74582e3236ef3440
tag=236ef3, index=22, offset=0
Test: L2, fffffffffafce980
tag=7fd7e, index=74c, offset=0
Test: DTLB, 72baadb20f2e5ee2
tag=5907972, index=0, offset=1ee2
Test: L1, fd6b4b672ae3d6cf
tag=72ae3d, index=36, offset=f
Test: L2, fffffffffa82249f
tag=7fd41, index=124, offset=1f
Test: DTLB, ffffffffa1d611cb
tag=7fd0eb0, index=0, offset=11cb
Test: L1, ffffffff95e2c0bd
tag=f95e2c, index=5, offset=1d
Test: L2, ffffffffd464f94c
tag=7ea32, index=7ca, offset=c
Test: DTLB, d60fafbd7a2ec3d1
tag=5ebd176, index=0, offset=3d1
Test: L1, 77d16ad63fab3770
tag=63fab3, index=3b, offset=10
Test: L2, 688ba39765fb0ac7
tag=3b2fd, index=856, offset=7
Test: DTLB, 15d205735b2d22c0
tag=39ad969, index=0, offset=2c0
Test: L1, ffffffffe3863ebb
tag=fe3863, index=75, offset=1b
Test: L2, 3a7d228f6b7e433c
tag=7b5bf, index=219, offset=1c
Test: DTLB, 2e147a4956fceb04
tag=24ab7e7, index=0, offset=b04
Test: L1, c8461fbf4b2da6d8
tag=f4b2da, index=36, offset=18
Test: L2, ffffffffec7ee189
tag=7f63f, index=70c, offset=9
Test: DTLB, 5d0d27bd2a8ed1b7
tag=5e95476, index=0, offset=11b7
Test: L1, ffffffffd49bffcd
tag=fd49bf, index=7e, offset=d
Test: L2, ffffffff881d3af8
tag=7c40e, index=9d7, offset=18
Test: DTLB, ffffffff915052e4
tag=7fc8a82, index=0, offset=12e4
Test: L1, ecfd434c5e4356fb
tag=c5e435, index=37, offset=1b
Test: L2, 4ad7b35667cb6c06
tag=333e5, index=b60, offset=6
Test: DTLB, 9a67b8f37f7e08d
tag=479bfbf, index=0, offset=8d
Test: L1, ffffffff9d3fbbe1
tag=f9d3fb, index=5f, offset=1
Test: L2, ffffffffcced468d
tag=7e676, index=a34, offset=d
Test: DTLB, 5b217bb853215b41
tag=5c2990a, index=0, offset=1b41
Test: L1, ffffffffbed2c55a
tag=fbed2c, index=2a, offset=1a
Test: L2, c1070662b425ace
tag=315a1, index=2d6, offset=e
Test: DTLB, ffffffffad11437c
tag=7fd688a, index=0, offset=37c
Test: L1, ffffffff80976b64
tag=f80976, index=5b, offset=4
Test: L2, 658b9919560834c8
tag=4ab04, index=1a6, offset=8
Test: DTLB, 22764d881906cbb5
tag=440c836, index=0, offset=bb5
Test: L1, dd1751bb25f4e285
tag=b25f4e, index=14, offset=5
Test: L2, fad30d57436eb8ca
tag=3a1b7, index=5c6, offset=a
Test: DTLB, f4ce62de20e758ca
tag=6f1073a, index=0, offset=18ca
Test: L1, aaeed57c52423613
tag=c52423, index=30, offset=13
Test: L2, ffffffffb3e02474
tag=7d9f0, index=123, offset=14
Test: DTLB, a83e50b3421742b3
tag=59a10ba, index=0, offset=2b3
Test: L1, 790fced5744c60a4
tag=5744c6, index=5, offset=4
Test: L2, 207636b114f51c58
tag=8a7a, index=8e2, offset=18
Test: DTLB, e8fc1e15f6aefed
tag=70afb57, index=0, offset=fed
Test: L1, ffffffffc85e8b27
tag=fc85e8, index=59, offset=7
Test: L2, 2e9c37f140c970ee
tag=a064, index=b87, offset=e
Test: DTLB, cde157317e355302
tag=18bf1aa, index=0, offset=1302
Test: L1, ffffffffef86ce51
tag=fef86c, index=72, offset=11
Test: L2, ffffffffc2173681
tag=7e10b, index=9b4, offset=1
Test: DTLB, 54d2b9da37d30978
tag=6d1be98, index=0, offset=978
Test: L1, 2d238b782b80917b
tag=82b809, index=b, offset=1b
Test: L2, 818a907c0cf1eecd
tag=60678, index=f76, offset=d
Test: DTLB, d34d4704acfc932
tag=382567e, index=0, offset=932
Test: L1, ffffffffb0307f57
tag=fb0307, index=7a, offset=17
Test: L2, 62a1695e09224266
tag=70491, index=213, offset=6
Test: DTLB, ff5c06a23bc46bcd
tag=511de23, index=0, offset=bcd
Test: L1, ffffffffc6be57f4
tag=fc6be5, index=3f, offset=14
Test: L2, ffffffffcddac154
tag=7e6ed, index=60a, offset=14
Test: DTLB, ffffffffd4043636
tag=7fea021, index=0, offset=1636
Test: L1, fffffffff5ea00c6
tag=ff5ea0, index=6, offset=6
Test: L2, ffffffffaca397ba
tag=7d651, index=cbd, offset=1a
Test: DTLB, 8ffefc9652835ad0
tag=4b2941a, index=0, offset=1ad0
Test: L1, ee38473c688fa3be
tag=c688fa, index=1d, offset=1e
Test: L2, 5a37575833217e14
tag=41990, index=bf0, offset=14
Test: DTLB, 4dc1e52623f96bdc
tag=1311fcb, index=0, offset=bdc
Test: L1, ffffffff9e41898b
tag=f9e418, index=4c, offset=b
Test: L2, 1feeb94d3952880f
tag=69ca9, index=440, offset=f
Test: DTLB, bb446ab17292885b
tag=58b9494, index=0, offset=85b
Test: L1, ffffffffe76e16c1
tag=fe76e1, index=36, offset=1
Test: L2, 8a59b222f555085
tag=117aa, index=a84, offset=5
Test: DTLB, ffffffffca949aaf
tag=7fe54a4, index=0, offset=1aaf
Test: L1, 1fba105220e2a240
tag=220e2a, index=12, offset=0
Test: L2, 6a06a1da72318fba
tag=53918, index=c7d, offset=1a
Test: DTLB, ffffffff9cae0c40
tag=7fce570, index=0, offset=c40
Test: L1, ffffffff81e52733
tag=f81e52, index=39, offset=13
Test: L2, 36eb7391a4b0beb
tag=48d25, index=85f, offset=b
Test: DTLB, ffffffffab2ba5e1
tag=7fd595d, index=0, offset=5e1
Test: L1, 9f8ce7744efd3126
tag=44efd3, index=9, offset=6
Test: L2, ffffffffe848386e
tag=7f424, index=1c3, offset=e
Test: DTLB, ffffffffbda22fef
tag=7fded11, index=0, offset=fef
Test: L1, b554a6eb5d00ceb7
tag=b5d00c, index=75, offset=17
Test: L2, 895d98ac020fdbb6
tag=60107, index=edd, offset=16
Test: DTLB, 94d240243228f07c
tag=1219147, index=0, offset=107c
Test: L1, 121e386a007c9c7a
tag=a007c9, index=63, offset=1a
Test: L2, ffffffff8a4b4cdc
tag=7c525, index=a66, offset=1c
Test: DTLB, ffffffff92bce63e
tag=7fc95e7, index=0, offset=63e
Test: L1, ffffffffdcc6af58
tag=fdcc6a, index=7a, offset=18
Test: L2, ffffffffb81a21db
tag=7dc0d, index=10e, offset=1b
Test: DTLB, fffffffffacad053
tag=7ffd656, index=0, offset=1053
Test: L1, f30d6b5b58bdb012
tag=b58bdb, index=0, offset=12
Test: L2, ffffffff9634c6e6
tag=7cb1a, index=637, offset=6
Test: DTLB, ffffffffcbe7c951
tag=7fe5f3e, index=0, offset=951
Test: L1, ffffffffe9d59937
tag=fe9d59, index=49, offset=17
Test: L2, e9fef7f11ded127
tag=788ef, index=689, offset=7
Test: DTLB, 5d61b81a6dbc66bd
tag=d36de3, index=0, offset=6bd
Test: L1, ffffffffa6859683
tag=fa6859, index=34, offset=3
Test: L2, ffffffff9111680e
tag=7c888, index=b40, offset=e
Test: DTLB, 6d89ddbc22dde40c
tag=5e116ef, index=0, offset=40c
Test: L1, fffffffff88bf6e9
tag=ff88bf, index=37, offset=9
Test: L2, d16655ee361bc3fd
tag=71b0d, index=e1f, offset=1d
Test: DTLB, ac07268223fa179a
tag=4111fd0, index=0, offset=179a
Test: L1, 48df65ef4c42bc04
tag=f4c42b, index=60, offset=4
Test: L2, ffffffff8aa55c5f
tag=7c552, index=ae2, offset=1f
Test: DTLB, f373d58976f59474
tag=44bb7ac, index=0, offset=1474
Test: L1, ffffffff88468aba
tag=f88468, index=55, offset=1a
Test: L2, d9112e293e49291e
tag=49f24, index=948, offset=1e
Test: DTLB, 4de840447e91ead7
tag=223f48f, index=0, offset=ad7
Test: L1, fffffffff1701fdd
tag=ff1701, index=7e, offset=1d
Test: L2, ffffffff88fbc0d2
tag=7c47d, index=e06, offset=12
Test: DTLB, db9c3576513e6c38
tag=3b289f3, index=0, offset=c38
Test: L1, ffffffffdb6aad43
tag=fdb6aa, index=6a, offset=3
Test: L2, ffffffff8a93b91a
tag=7c549, index=dc8, offset=1a
Test: DTLB, 96fba7a6614f0b8a
tag=5330a78, index=0, offset=b8a
Test: L1, ffffffff8414d237
tag=f8414d, index=11, offset=17
Test: L2, 46c6ec8f7ba0f491
tag=7bdd0, index=7a4, offset=11
Test: DTLB, ffffffffc32f7b60
tag=7fe197b, index=0, offset=1b60
Test: L1, a793cc565dc7e115
tag=65dc7e, index=8, offset=15
Test: L2, 719e82071363be93
tag=389b1, index=df4, offset=13
Test: DTLB, ffffffff871cec55
tag=7fc38e7, index=0, offset=c55
Test: L1, ffffffffffd43027
tag=fffd43, index=1, offset=7
Test: L2, 561353871e1ba11c
tag=38f0d, index=d08, offset=1c
Test: DTLB, 39be261d2c27d4d2
tag=e9613e, index=0, offset=14d2
Test: L1, ffffffffaa35546c
tag=faa355, index=23, offset=c
Test: L2, ffffffff863b5e00
tag=7c31d, index=af0, offset=0
Test: DTLB, 1590a644640d1f2
tag=3223206, index=0, offset=11f2
Test: L1, fffffffff54b33a1
tag=ff54b3, index=1d, offset=1
Test: L2, 95daf1e058ce5f5f
tag=2c67, index=2fa, offset=1f
Test: DTLB, 6d3b105465203ce2
tag=2a32901, index=0, offset=1ce2
Test: L1, ffffffffa2a64c30
tag=fa2a64, index=61, offset=10
Test: L2, eedb2e02132bfd33
tag=10995, index=fe9, offset=13
Test: DTLB, ffffffffb210cbb5
tag=7fd9086, index=0, offset=bb5
Test: L1, ffffffffb3246bca
tag=fb3246, index=5e, offset=a
Test: L2, ceadd4c5433a970d
tag=2a19d, index=4b8, offset=d
Test: DTLB, f4895f3b71029c72
tag=1db8814, index=0, offset=1c72
Test: L1, 32bd2442739a2870
tag=2739a2, index=43, offset=10
Test: L2, c664eeb73ce98a95
tag=39e74, index=c54, offset=15
Test: DTLB, 8966f6b178dd2b78
tag=58bc6e9, index=0, offset=b78
Test: L1, b8fa13f100a36d0f
tag=100a36, index=68, offset=f
Test: L2, ad6037a318c955c7
tag=18c64, index=aae, offset=7
Test: DTLB, fffffffff12b7500
tag=7ff895b, index=0, offset=1500
Test: L1, 2a00b235599256fd
tag=559925, index=37, offset=1d
Test: L2, 763433e9552af28a
tag=4aa95, index=794, offset=a
Test: DTLB, fffffffffb227e1c
tag=7ffd913, index=0, offset=1e1c
Test: L1, ffffffffecb279a4
tag=fecb27, index=4d, offset=4
Test: L2, fffffffff1500d03
tag=7f8a8, index=68, offset=3
Test: DTLB, 20acdeee402590a4
tag=772012c, index=0, offset=10a4
Test: L1, 70d998f71f80c4fd
tag=71f80c, index=27, offset=1d
Test: L2, ffffffff95254838
tag=7ca92, index=a41, offset=18
Test: DTLB, ffffffffa2935d1c
tag=7fd149a, index=0, offset=1d1c
Test: L1, 6b3446e26ad2b70a
tag=26ad2b, index=38, offset=a
Test: L2, fffffffffdec0aa1
tag=7fef6, index=55, offset=1
Test: DTLB, 5a428d4e10eca767
tag=2708765, index=0, offset=767
Test: L1, ffffffffb09e9ebe
tag=fb09e9, index=75, offset=1e
Test: L2, fffffffffee00cda
tag=7ff70, index=66, offset=1a
Test: DTLB, c6e2855d6e4de640
tag=2eb726f, index=0, offset=640
Test: L1, fc97697e28abefdb
tag=e28abe, index=7e, offset=1b
Test: L2, ffffffffe6877f0d
tag=7f343, index=bf8, offset=d
Test: DTLB, ffffffffe4abd7b4
tag=7ff255e, index=0, offset=17b4
Test: L1, ffffffffb84df2fe
tag=fb84df, index=17, offset=1e
Test: L2, 2e149a1c70889555
tag=63844, index=4aa, offset=15
Test: DTLB, f2614bce4f19be1b
tag=67278cd, index=0, offset=1e1b
Test: L1, c1dda70199bf0f8
tag=199bf, index=7, offset=18
Test: L2, 9412de0703716074
tag=381b8, index=b03, offset=14
Test: DTLB, ffffffffa9412834
tag=7fd4a09, index=0, offset=834
Test: L1, ffffffffe999b0ab
tag=fe999b, index=5, offset=b
Test: L2, a044de514d403289
tag=a6a0, index=194, offset=9
Test: DTLB, ffffffff8a6a1281
tag=7fc5350, index=0, offset=1281
Test: L1, ffffffffc2ba1594
tag=fc2ba1, index=2c, offset=14
Test: L2, 7ba3da3378cd2326
tag=1bc66, index=919, offset=6
Test: DTLB, 457311161054fa06
tag=b082a7, index=0, offset=1a06
Test: L1, 24086a8c174e9b0a
tag=c174e9, index=58, offset=a
Test: L2, bac7c7e841f2838b
tag=420f9, index=41c, offset=b
Test: DTLB, fef1405576829cec
tag=2abb414, index=0, offset=1cec
Test: L1, 4413efaf46c5ebf3
tag=f46c5e, index=5f, offset=13
Test: L2, ffffffffaaf7b662
tag=7d57b, index=db3, offset=2
Test: DTLB, 2e83c47258399059
tag=392c1cc, index=0, offset=1059
Test: L1, 22ad35ca769d733d
tag=a769d7, index=19, offset=1d
Test: L2, ffffffff8d37dc04
tag=7c69b, index=ee0, offset=4
Test: DTLB, ffffffffb1fc9343
tag=7fd8fe4, index=0, offset=1343
Test: L1, ffffffffa658b437
tag=fa658b, index=21, offset=17
Test: L2, ffffffffe9ae2be8
tag=7f4d7, index=15f, offset=8
Test: DTLB, ffffffffce4ba346
tag=7fe725d, index=0, offset=346
Test: L1, 33d6855755c6d283
tag=755c6d, index=14, offset=3
Test: L2, c23be41373c4e809
tag=1b9e2, index=740, offset=9
Test: DTLB, ffffffff8d4be434
tag=7fc6a5f, index=0, offset=434
Test: L1, 5fc614077830f8d6
tag=77830f, index=46, offset=16
Test: L2, fffffffff822505a
tag=7fc11, index=282, offset=1a
Test: DTLB, ffffffff9ad7ceab
tag=7fcd6be, index=0, offset=eab
Test: L1, ffffffff95708944
tag=f95708, index=4a, offset=4
Test: L2, ffffffff9942a20f
tag=7cca1, index=510, offset=f
Test: DTLB, 823694c3165d9299
tag=618b2ec, index=0, offset=1299
Test: L1, ffffffffe62a1d09
tag=fe62a1, index=68, offset=9
Test: L2, ffffffffc8da0c59
tag=7e46d, index=62, offset=19
Test: DTLB, 3497e6ec0dbe0ed1
tag=7606df0, index=0, offset=ed1
Test: L1, ffffffff9f2ac500
tag=f9f2ac, index=28, offset=0
Test: L2, 3cf6b88b0e288e38
tag=58714, index=471, offset=18
Test: DTLB, ffffffffb6fe1b4e
tag=7fdb7f0, index=0, offset=1b4e
Test: L1, ffffffffc3d94226
tag=fc3d94, index=11, offset=6
Test: L2, 1df83cb73e609391
tag=39f30, index=49c, offset=11
Test: DTLB, ffffffff9d2d0a9f
tag=7fce968, index=0, offset=a9f
Test: L1, fffffffffe9e7c53
tag=ffe9e7, index=62, offset=13
Test: L2, ffffffffd0d155a3
tag=7e868, index=aad, offset=3
Test: DTLB, 9caf6321007dd2e6
tag=10803ee, index=0, offset=12e6
Test: L1, e49885453d930743
tag=53d930, index=3a, offset=3
Test: L2, c214854010352684
tag=81a, index=934, offset=4
Test: DTLB, 174fd2e303e3cfd9
tag=7181f1e, index=0, offset=fd9
Test: L1, c84fe30f78284e20
tag=f78284, index=71, offset=0
Test: L2, 61557549186e6235
tag=48c37, index=311, offset=15
Test: DTLB, 7700fcd011451921
tag=6808a28, index=0, offset=1921
Test: L1, c54d554b5787cb29
tag=b5787c, index=59, offset=9
Test: L2, ffffffff9dc82a60
tag=7cee4, index=153, offset=0
Test: DTLB, bdc3ff9165f535c9
tag=48b2fa9, index=0, offset=15c9
Test: L1, ffffffff9ef78052
tag=f9ef78, index=2, offset=12
Test: L2, ffffffff91aff8e4
tag=7c8d7, index=fc7, offset=4
Test: DTLB, e5faaf1a46598b08
tag=d232cc, index=0, offset=b08
Test: L1, ffffffffb25bab8b
tag=fb25ba, index=5c, offset=b
Test: L2, ffffffffaf5c8e0b
tag=7d7ae, index=470, offset=b
Test: DTLB, ffffffff9db0449c
tag=7fced82, index=0, offset=49c
Test: L1, eaf1cf932469cbcc
tag=32469c, index=5e, offset=c
Test: L2, ffffffffb8d3ea68
tag=7dc69, index=f53, offset=8
Test: DTLB, 747de87925ac129c
tag=3c92d60, index=0, offset=129c
Test: L1, ffffffffe5a6db7d
tag=fe5a6d, index=5b, offset=1d
Test: L2, ffffffff98add62e
tag=7cc56, index=eb1, offset=e
Test: DTLB, ffffffffe8069d20
tag=7ff4034, index=0, offset=1d20
Test: L1, ffffffff85c6ae57
tag=f85c6a, index=72, offset=17
Test: L2, ffffffff8c2bbfbf
tag=7c615, index=dfd, offset=1f
Test: DTLB, ffffffffc33c6091
tag=7fe19e3, index=0, offset=91
Test: L1, d835f6274d819ae4
tag=74d819, index=57, offset=4
Test: L2, ffffffffd830867d
tag=7ec18, index=433, offset=1d
Test: DTLB, ffffffffe014ecdc
tag=7ff00a7, index=0, offset=cdc
Test: L1, e66f82b509b23c91
tag=509b23, index=64, offset=11
Test: L2, ffffffff8f40ea98
tag=7c7a0, index=754, offset=18
Test: DTLB, 4ca886057df96027
tag=2befcb, index=0, offset=27
Test: L1, cf8830506a570603
tag=6a570, index=30, offset=3
Test: L2, ffffffffc9176f63
tag=7e48b, index=b7b, offset=3
Test: DTLB, ffffffffd5021f10
tag=7fea810, index=0, offset=1f10
Test: L1, ffffffffc395b921
tag=fc395b, index=49, offset=1
Test: L2, 188d2cba742f6e45
tag=53a17, index=b72, offset=5
Test: DTLB, 3561eed750846622
tag=6ba8423, index=0, offset=622
Test: L1, 35a380ff63936770
tag=f63936, index=3b, offset=10
Test: L2, 85c810e17ba573ac
tag=bdd2, index=b9d, offset=c
Test: DTLB, ffffffff859ddefe
tag=7fc2cee, index=0, offset=1efe
Test: L1, 298a06a52ba08509
tag=52ba08, index=28, offset=9
Test: L2, cbf6a31f265d6e1c
tag=7932e, index=b70, offset=1c
Test: DTLB, ffffffffbb1ff039
tag=7fdd8ff, index=0, offset=1039
Test: L1, ffffffff8458d6b6
tag=f8458d, index=35, offset=16
Test: L2, 1b7bc4a61c2e578d
tag=30e17, index=2bc, offset=d
Test: DTLB, ffffffff89674e88
tag=7fc4b3a, index=0, offset=e88
Test: L1, 47e2c2171fd111d9
tag=71fd11, index=e, offset=19
Test: L2, bed709b61095e757
tag=3084a, index=f3a, offset=17
Test: DTLB, fffffffff0fd262a
tag=7ff87e9, index=0, offset=62a
Test: L1, 36ad02336f90d8c2
tag=36f90d, index=46, offset=2
Test: L2, 8206667c0e5fb711
tag=6072f, index=db8, offset=11
Test: DTLB, ffffffff8ca2b971
tag=7fc6515, index=0, offset=1971
Test: L1, 54c7ae3627745cd3
tag=627745, index=66, offset=13
Test: L2, ffffffffffc369d7
tag=7ffe1, index=b4e, offset=17
Test: DTLB, ffffffffd91294fd
tag=7fec894, index=0, offset=14fd
Test: L1, e41448686e0adbff
tag=86e0ad, index=5f, offset=1f
Test: L2, ffffffffadec8705
tag=7d6f6, index=438, offset=5
Test: DTLB, ffffffffdd80d4bd
tag=7feec06, index=0, offset=14bd
Test: L1, 79cc2dce4fc72109
tag=e4fc72, index=8, offset=9
Test: L2, ffffffffb3e3ee09
tag=7d9f1, index=f70, offset=9
Test: DTLB, 7c4340c82ab04383
tag=6415582, index=0, offset=383
Test: L1, ffffffffc17a0b35
tag=fc17a0, index=59, offset=15
Test: L2, c7882f1565498497
tag=2b2a4, index=c24, offset=17
Test: DTLB, ffffffff8a80ad24
tag=7fc5405, index=0, offset=d24
Test: L1, 244ec5f3124c6c22
tag=3124c6, index=61, offset=2
Test: L2, ffffffff99fc8ab0
tag=7ccfe, index=455, offset=10
Test: DTLB, 5ccb7b440ad5d1b5
tag=22056ae, index=0, offset=11b5
Test: L1, ffffffffbf9c52a4
tag=fbf9c5, index=15, offset=4
Test: L2, fc85ba7c32166030
tag=6190b, index=301, offset=10
Test: DTLB, 27b5eb211d556c88
tag=108eaab, index=0, offset=c88
Test: L1, ffffffff81f777d4
tag=f81f77, index=3e, offset=14
Test: L2, ffffffffaf6ff2a7
tag=7d7b7, index=f95, offset=7
Test: DTLB, ffffffffd522c5d4
tag=7fea916, index=0, offset=5d4
Test: L1, 519c386f0578c72f
tag=f0578c, index=39, offset=f
Test: L2, ffffffffa9648ee9
tag=7d4b2, index=477, offset=9
Test: DTLB, fffffffffac80680
tag=7ffd640, index=0, offset=680
Test: L1, 3428a2292078d615
tag=92078d, index=30, offset=15
Test: L2, 599695a90d876844
tag=486c3, index=b42, offset=4
Test: DTLB, 3312825d4233602c
tag=2ea119b, index=0, offset=2c
Test: L1, ffffffffdae6cbfe
tag=fdae6c, index=5f, offset=1e
Test: L2, 1050590b7387ca8a
tag=5b9c3, index=e54, offset=a
Test: DTLB, 261896d0303e5ee8
tag=68181f2, index=0, offset=1ee8
Test: L1, ffffffffa7dcf52c
tag=fa7dcf, index=29, offset=c
Test: L2, 87422c7e5ab914de
tag=72d5c, index=8a6, offset=1e
Test: DTLB, 8bd295c159fd1371
tag=60acfe8, index=0, offset=1371
Test: L1, ffffffffff54a11d
tag=fff54a, index=8, offset=1d
Test: L2, 1792dbf27c189346
tag=13e0c, index=49a, offset=6
Test: DTLB, 8dd121b07b1d4fd8
tag=583d8ea, index=0, offset=fd8
Test: L1, fe7fe6e8089cd0fc
tag=8089cd, index=7, offset=1c
Test: L2, ffffffffd00302e8
tag=7e801, index=817, offset=8
Test: DTLB, 12391af4463a2fb0
tag=7a231d1, index=0, offset=fb0
Test: L1, ba98da0e12a705e1
tag=e12a70, index=2f, offset=1
Test: L2, ffffffffcd8313f5
tag=7e6c1, index=89f, offset=15
Test: DTLB, 51950de01ccb1574
tag=700e658, index=0, offset=1574
Test: L1, ffffffffb624a539
tag=fb624a, index=29, offset=19
Test: L2, 4560ab6650a891e
tag=33285, index=448, offset=1e
Test: DTLB, e3876d061bb4c52
tag=6830dda, index=0, offset=c52
Test: L1, a14788b3313d712f
tag=3313d7, index=9, offset=f
Test: L2, 9c2439e67cc2ec5
tag=733e6, index=176, offset=5
Test: DTLB, 3d1c30ef1d7c4efc
tag=778ebe2, index=0, offset=efc
Test: L1, 18cafcbc5838594e
tag=c58385, index=4a, offset=e
Test: L2, ffffffff98c67a7d
tag=7cc63, index=3d3, offset=1d
Test: DTLB, ffffffffd13ae207
tag=7fe89d7, index=0, offset=207
Test: L1, bc51cc9a0e8b66c6
tag=a0e8b6, index=36, offset=6
Test: L2, ffffffff8f31851d
tag=7c798, index=c28, offset=1d
Test: DTLB, 4f7de42454349d01
tag=122a1a4, index=0, offset=1d01
Test: L1, a1a2f2df47f28248
tag=f47f28, index=12, offset=8
Test: L2, ca2c36a46dea2ef4
tag=236f5, index=177, offset=14
Test: DTLB, ffffffff88434702
tag=7fc421a, index=0, offset=702
Test: L1, 51c76d2b19c8d125
tag=b19c8d, index=9, offset=5
Test: L2, 5c231a8d1cba1e53
tag=68e5d, index=f2, offset=13
Test: DTLB, ffffffff8946a2cc
tag=7fc4a35, index=0, offset=2cc
Test: L1, ffffffffde143d1d
tag=fde143, index=68, offset=1d
Test: L2, ffffffffe2bd9777
tag=7f15e, index=cbb, offset=17
Test: DTLB, ffffffffcca504bf
tag=7fe6528, index=0, offset=4bf
Test: L1, ffffffffc0e41fae
tag=fc0e41, index=7d, offset=e
Test: L2, 652870217c046572
tag=be02, index=32b, offset=12
Test: DTLB, fffffffffdf77b15
tag=7ffefbb, index=0, offset=1b15
Test: L1, ffffffffec4bbcc2
tag=fec4bb, index=66, offset=2
Test: L2, 3756eb3c13a580c5
tag=609d2, index=c06, offset=5
Test: DTLB, ffffffffd776c4a6
tag=7febbb6, index=0, offset=4a6
Test: L1, fffffffff7394470
tag=ff7394, index=23, offset=10
Test: L2, da038eee18640485
tag=70c32, index=24, offset=5
Test: DTLB, ffffffffb289381c
tag=7fd9449, index=0, offset=181c
Test: L1, c695a307794c9590
tag=7794c9, index=2c, offset=10
Test: L2, ffffffffacb22c94
tag=7d659, index=164, offset=14
Test: DTLB, fffffffff0c7750e
tag=7ff863b, index=0, offset=150e
Test: L1, ffffffffebe1a06a
tag=febe1a, index=3, offset=a
Test: L2, e2e08937066117a6
tag=38330, index=8bd, offset=6
Test: DTLB, 2deb0f21401d0401
tag=10a00e8, index=0, offset=401
Test: L1, ffffffffa02911fc
tag=fa0291, index=f, offset=1c
Test: L2, ffffffff9e198ed6
tag=7cf0c, index=c76, offset=16
Test: DTLB, ffffffffb6e6ef82
tag=7fdb737, index=0, offset=f82
Test: L1, ffffffff94eb57a3
tag=f94eb5, index=3d, offset=3
Test: L2, 7c3108125288df28
tag=12944, index=6f9, offset=8
Test: DTLB, 1180513f6f537c26
tag=1fb7a9b, index=0, offset=1c26
Test: L1, ffffffffc8713797
tag=fc8713, index=3c, offset=17
Test: L2, 47c3643071773769
tag=38bb, index=9bb, offset=9
Test: DTLB, ffffffff969a137b
tag=7fcb4d0, index=0, offset=137b
Test: L1, 73e32079583bfa57
tag=9583bf, index=52, offset=17
Test: L2, ffffffff88b3328f
tag=7c459, index=994, offset=f
Test: DTLB, c72d88df03d96c72
tag=6f81ecb, index=0, offset=c72
Test: L1, ffffffff8b6d2085
tag=f8b6d2, index=4, offset=5
Test: L2, ffffffffd5115e4f
tag=7ea88, index=af2, offset=f
Test: DTLB, 32c7bfd6038f03c1
tag=6b01c78, index=0, offset=3c1
Test: L1, ffffffff99cb5b45
tag=f99cb5, index=5a, offset=5
Test: L2, ffffffffe171eaec
tag=7f0b8, index=f57, offset=c
Test: DTLB, ffffffff80ac6015
tag=7fc0563, index=0, offset=15
Test: L1, 18563970369d332
tag=70369d, index=19, offset=12
Test: L2, ffffffffabb3e777
tag=7d5d9, index=f3b, offset=17
Test: DTLB, 3bc40d2d5a70b645
tag=16ad385, index=0, offset=1645
Test: L1, 4f28481d07c1b96e
tag=d07c1b, index=4b, offset=e
Test: L2, 7a1f25c064ba05ca
tag=325d, index=2e, offset=a
Test: DTLB, 714065b7698336b8
tag=5bb4c19, index=0, offset=16b8
Test: L1, ea6829c561c0a64e
tag=561c0a, index=32, offset=e
Test: L2, a4c5a55d10336bc6
tag=68819, index=b5e, offset=6
Test: DTLB, f9a1975c61b3f4a2
tag=2e30d9f, index=0, offset=14a2
Test: L1, 3322c2fd0bcecbe1
tag=d0bcec, index=5f, offset=1
Test: L2, ffffffffea916176
tag=7f548, index=b0b, offset=16
Test: DTLB, ffffffffd5af4724
tag=7fead7a, index=0, offset=724
Test: L1, 72dd03392ab5ff8a
tag=92ab5f, index=7c, offset=a
Test: L2, ffffffffcee16c85
tag=7e770, index=b64, offset=5
Test: DTLB, ffffffffbd9324f4
tag=7fdec99, index=0, offset=4f4
Test: L1, 9049cc3746b3c7ef
tag=746b3c, index=3f, offset=f
Test: L2, fffffffff84f384a
tag=7fc27, index=9c2, offset=a
Test: DTLB, c7f5bc8047633b51
tag=4023b19, index=0, offset=1b51
Test: L1, 75d238974da046cb
tag=74da04, index=36, offset=b
Test: L2, e4119b335ceffb7e
tag=1ae77, index=fdb, offset=1e
Test: DTLB, ffffffffba85bd95
tag=7fdd42d, index=0, offset=1d95
Test: L1, ffffffffd16017ec
tag=fd1601, index=3f, offset=c
Test: L2, ffffffff9be92449
tag=7cdf4, index=922, offset=9
Test: DTLB, 43600ab81f7747f2
tag=5c0fbba, index=0, offset=7f2
Test: L1, ffffffffb6f84113
tag=fb6f84, index=8, offset=13
Test: L2, ffffffffa198bf5c
tag=7d0cc, index=5fa, offset=1c
Test: DTLB, 88967bc17b745d1b
tag=60bdba2, index=0, offset=1d1b
Test: L1, 10b56bec43296b46
tag=c43296, index=5a, offset=6
Test: L2, 516718e509c298de
tag=284e1, index=4c6, offset=1e
Test: DTLB, fffffffff29fe042
tag=7ff94ff, index=0, offset=42
Test: L1, ffffffff9e783628
tag=f9e783, index=31, offset=8
Test: L2, ffffffffdd6f303a
tag=7eeb7, index=981, offset=1a
Test: DTLB, 148c62f42a4b286c
tag=7a15259, index=0, offset=86c
Test: L1, 49c6e2b71fd839e9
tag=71fd83, index=4f, offset=9
Test: L2, ffffffffaee44aad
tag=7d772, index=255, offset=d
Test: DTLB, 51117e061a9cd829
tag=30d4e6, index=0, offset=1829
Test: L1, ffffffff84ad8264
tag=f84ad8, index=13, offset=4
Test: L2, c5dbc6ec5bdae596
tag=62ded, index=72c, offset=16
Test: DTLB, 63e5f99764c70994
tag=4bb2638, index=0, offset=994
Test: L1, ffffffffd5cfee52
tag=fd5cfe, index=72, offset=12
Test: L2, af39229731f95e68
tag=398fc, index=af3, offset=8
Test: DTLB, ffffffffe9256473
tag=7ff492b, index=0, offset=473
Test: L1, ffffffffbec13263
tag=fbec13, index=13, offset=3
Test: L2, a8fbadbb63152ce1
tag=5b18a, index=967, offset=1
Test: DTLB, 4bdd55553a96ecac
tag=2a9d4b7, index=0, offset=cac
Test: L1, ffffffff91aa7030
tag=f91aa7, index=1, offset=10
Test: L2, ffffffff96fc674c
tag=7cb7e, index=33a, offset=c
Test: DTLB, c9578944a6938a7
tag=4a25349, index=0, offset=18a7
Test: L1, fffffffff26c50ef
tag=ff26c5, index=7, offset=f
Test: L2, 3486def85b22ff1e
tag=42d91, index=7f8, offset=1e
Test: DTLB, e7f3a5e71c251224
tag=738e128, index=0, offset=1224
Test: L1, ffffffffba1e14f8
tag=fba1e1, index=27, offset=18
Test: L2, d5bfe78a0bebca97
tag=505f5, index=e54, offset=17
Test: DTLB, ffffffffa38ef154
tag=7fd1c77, index=0, offset=1154
Test: L1, ffffffff93b6be47
tag=f93b6b, index=72, offset=7
Test: L2, e5a6b9a11daceb82
tag=8ed6, index=75c, offset=2
Test: DTLB, d2042d7b041045b7
tag=3d82082, index=0, offset=5b7
Test: L1, aabd1ccd08ff968c
tag=d08ff9, index=34, offset=c
Test: L2, fffffffff444f1b5
tag=7fa22, index=78d, offset=15
Test: DTLB, ffffffffd3239e4f
tag=7fe991c, index=0, offset=1e4f
Test: L1, 74db4e7f595b73a6
tag=f595b7, index=1d, offset=6
Test: L2, 18d25ad16bed1a27
tag=b5f6, index=8d1, offset=7
Test: DTLB, 54f220806b2c1be2
tag=4035960, index=0, offset=1be2
Test: L1, ffffffffb94e61e3
tag=fb94e6, index=f, offset=3
Test: L2, fffffffff037fc77
tag=7f81b, index=fe3, offset=17
Test: DTLB, ad8187350768e8ce
tag=1a83b47, index=0, offset=8ce
Test: L1, ffffffffebc2b99a
tag=febc2b, index=4c, offset=1a
Test: L2, 2fa6a43362d55615
tag=1b16a, index=ab0, offset=15
Test: DTLB, e334ad0364fec842
tag=1b27f6, index=0, offset=842
Test: L1, 6eb913079e42f97
tag=79e42, index=7c, offset=17
Test: L2, ffffffffa40e83e8
tag=7d207, index=41f, offset=8
Test: DTLB, 814f4c3b38592504
tag=1d9c2c9, index=0, offset=504
Test: L1, ffffffffc63722d9
tag=fc6372, index=16, offset=19
Test: L2, ffffffffd1185b1c
tag=7e88c, index=2d8, offset=1c
Test: DTLB, ffffffff96e71c7e
tag=7fcb738, index=0, offset=1c7e
Test: L1, fffffffff5366efa
tag=ff5366, index=77, offset=1a
Test: L2, e290566c24f0de6b
tag=61278, index=6f3, offset=b
Test: DTLB, ec60d6d72c6742e1
tag=6b9633a, index=0, offset=2e1
Test: L1, ffffffff8d03fc27
tag=f8d03f, index=61, offset=7
Test: L2, 8a84d32e734a5eeb
tag=739a5, index=2f7, offset=b
Test: DTLB, e82896926c37a38d
tag=49361bd, index=0, offset=38d
Test: L1, ffffffffe742e779
tag=fe742e, index=3b, offset=19
Test: L2, ef3ba78201a10588
tag=100d0, index=82c, offset=8
Test: DTLB, ffffffffde535bda
tag=7fef29a, index=0, offset=1bda
Test: L1, ffffffffa375d5ee
tag=fa375d, index=2f, offset=e
Test: L2, ffffffffe60b4208
tag=7f305, index=a10, offset=8
Test: DTLB, ffffffffbc8a9d40
tag=7fde454, index=0, offset=1d40
Test: L1, fc87a9987b2bbc7d
tag=87b2bb, index=63, offset=1d
Test: L2, fffffffffba37978
tag=7fdd1, index=bcb, offset=18
Test: DTLB, 7612241e776beda1
tag=f3bb5f, index=0, offset=da1
Test: L1, 60e11ca328c8191d
tag=328c81, index=48, offset=1d
Test: L2, 333531d904979884
tag=4824b, index=cc4, offset=4
Test: DTLB, 9862120159556046
tag=acaab, index=0, offset=46
Test: L1, ffffffff87d72cf7
tag=f87d72, index=67, offset=17
Test: L2, ffffffffd108ae9f
tag=7e884, index=574, offset=1f
Test: DTLB, d766d1be3dcbad39
tag=5f1ee5d, index=0, offset=d39
Test: L1, 8a2a0e3362697c2e
tag=362697, index=61, offset=e
Test: L2, ffffffff80472bb4
tag=7c023, index=95d, offset=14
Test: DTLB, ffffffffacddd0d7
tag=7fd66ee, index=0, offset=10d7
Test: L1, 3d297c8b24171eac
tag=b24171, index=75, offset=c
Test: L2, ffffffffeac55108
tag=7f562, index=a88, offset=8
Test: DTLB, 633a17fd4743623d
tag=7ea3a1b, index=0, offset=23d
Test: L1, b781f934102d0b22
tag=4102d0, index=59, offset=2
Test: L2, be0d82c322077d17
tag=19103, index=be8, offset=17
Test: DTLB, ffffffffaab65a1d
tag=7fd55b2, index=0, offset=1a1d
Test: L1, 801fca4272946fb0
tag=272946, index=7d, offset=10
Test: L2, 8112ffeb7a8c528d
tag=5bd46, index=294, offset=d
Test: DTLB, 83eca4c915e6c8da
tag=648af36, index=0, offset=8da
Test: L1, ffffffffc5cc0409
tag=fc5cc0, index=20, offset=9
Test: L2, 518df308330b43d2
tag=41985, index=a1e, offset=12
Test: DTLB, fffffffffb5c4f2c
tag=7ffdae2, index=0, offset=f2c
Test: L1, 1b5ad34d46c63325
tag=d46c63, index=19, offset=5
Test: L2, ffffffffab1c010b
tag=7d58e, index=8, offset=b
Test: DTLB, ffffffff9ca5b38a
tag=7fce52d, index=0, offset=138a
Test: L1, ffffffffcb56a4a6
tag=fcb56a, index=25, offset=6
Test: L2, ffffffffb8c41f7c
tag=7dc62, index=fb, offset=1c
Test: DTLB, ffffffffc8c5963e
tag=7fe462c, index=0, offset=163e
Test: L1, 11239c2751b31076
tag=751b31, index=3, offset=16
Test: L2, ffffffffb6b8ed4d
tag=7db5c, index=76a, offset=d
Test: DTLB, 9ed66d447f005adb
tag=223f802, index=0, offset=1adb
Test: L1, e33acd866ffb1c2a
tag=66ffb1, index=61, offset=a
Test: L2, ffffffffd7fc75c6
tag=7ebfe, index=3ae, offset=6
Test: DTLB, 2b9008ef143a6892
tag=778a1d3, index=0, offset=892
Test: L1, fffffffff528211c
tag=ff5282, index=8, offset=1c
Test: L2, 66c3e9461e58f6f6
tag=30f2c, index=7b7, offset=16
Test: DTLB, ffffffffb1b70406
tag=7fd8db8, index=0, offset=406
Test: L1, 24e2ac20e872b11
tag=20e872, index=58, offset=11
Test: L2, f36661171fc6f2fa
tag=38fe3, index=797, offset=1a
Test: DTLB, ffffffffaeebaf3f
tag=7fd775d, index=0, offset=f3f
Test: L1, ffffffffae352b22
tag=fae352, index=59, offset=2
Test: L2, fffffffff5c4a088
tag=7fae2, index=504, offset=8
Test: DTLB, 98d9e86f618cdf22
tag=37b0c66, index=0, offset=1f22
Test: L1, ffffffff9923aa54
tag=f9923a, index=52, offset=14
Test: L2, ffffffffd0e16921
tag=7e870, index=b49, offset=1
Test: DTLB, ffffffff9ed143be
tag=7fcf68a, index=0, offset=3be
Test: L1, b7b1df681fd893d8
tag=81fd89, index=1e, offset=18
Test: L2, 6e3f254e6f2cfb91
tag=73796, index=7dc, offset=11
Test: DTLB, ffffffffdbeea636
tag=7fedf75, index=0, offset=636
Test: L1, c52a30ae0bdab666
tag=e0bdab, index=33, offset=6
Test: L2, 9a5cd230396c4e5a
tag=1cb6, index=272, offset=1a
Test: DTLB, 751569278fb1610
tag=493c7d8, index=0, offset=1610
Test: L1, ffffffffb03db2aa
tag=fb03db, index=15, offset=a
Test: L2, ffffffffa7e98203
tag=7d3f4, index=c10, offset=3
Test: DTLB, ffffffffee452781
tag=7ff7229, index=0, offset=781
Test: L1, ffffffffb807c233
tag=fb807c, index=11, offset=13
Test: L2, ffffffffa8aa67f5
tag=7d455, index=33f, offset=15
Test: DTLB, e6fcaf203dffa9a6
tag=101effd, index=0, offset=9a6
Test: L1, 69735522855f9c2
tag=22855f, index=4e, offset=2
Test: L2, 7d3a3ab45227aebb
tag=22913, index=d75, offset=1b
Test: DTLB, ffffffffef6bb3b4
tag=7ff7b5d, index=0, offset=13b4
Test: L1, ffffffffb5ed2a83
tag=fb5ed2, index=54, offset=3
Test: L2, a3c5ff5f3c6718f8
tag=79e33, index=8c7, offset=18
Test: DTLB, 170a6c1b6a8caec9
tag=db5465, index=0, offset=ec9
Test: L1, 55f31adb762efd54
tag=b762ef, index=6a, offset=14
Test: L2, ffffffffb30fa30a
tag=7d987, index=d18, offset=a
Test: DTLB, ab7f48e1726a9df8
tag=70b9354, index=0, offset=1df8
Test: L1, 9ce8189c46273023
tag=c46273, index=1, offset=3
Test: L2, db482b7a1180bafb
tag=508c0, index=5d7, offset=1b
Test: DTLB, ffffffff82ddc3c9
tag=7fc16ee, index=0, offset=3c9
Test: L1, a802627470979ab0
tag=470979, index=55, offset=10
Test: L2, ffffffff9404a495
tag=7ca02, index=524, offset=15
Test: DTLB, ffffffffbfc9e447
tag=7fdfe4f, index=0, offset=447
Test: L1, fffffffff957d227
tag=ff957d, index=11, offset=7
Test: L2, 7a0f23bb22963356
tag=5914b, index=19a, offset=16
Test: DTLB, ffffffff8e04a3df
tag=7fc7025, index=0, offset=3df
Test: L1, ffffffffb0fdbc25
tag=fb0fdb, index=61, offset=5
Test: L2, ffffffffc92e75ca
tag=7e497, index=3ae, offset=a
Test: DTLB, 8dca9f4b4a9c74e9
tag=25a54e3, index=0, offset=14e9
Test: L1, ffffffff88ab2e74
tag=f88ab2, index=73, offset=14
Test: L2, 8524ff377c31b926
tag=3be18, index=dc9, offset=6
Test: DTLB, ffffffff8f771930
tag=7fc7bb8, index=0, offset=1930
Test: L1, ffffffffb1793521
tag=fb1793, index=29, offset=1
Test: L2, abbe02527ed0327c
tag=13f68, index=193, offset=1c
Test: DTLB, ffffffffa68709a7
tag=7fd3438, index=0, offset=9a7
Test: L1, 88641d1f273f4375
tag=f273f4, index=1b, offset=15
Test: L2, 5636991833d4661d
tag=419ea, index=330, offset=1d
Test: DTLB, ec0439376b91fcde
tag=1bb5c8f, index=0, offset=1cde
Test: L1, ffffffffb84cf518
tag=fb84cf, index=28, offset=18
Test: L2, ffffffffe9e679ad
tag=7f4f3, index=3cd, offset=d
Test: DTLB, ffffffffba6a88cc
tag=7fdd354, index=0, offset=8cc
Test: L1, ffffffffe4b82853
tag=fe4b82, index=42, offset=13
Test: L2, 5379f9e37a2342da
tag=1bd11, index=a16, offset=1a
Test: DTLB, ffffffffdbc822b1
tag=7fede41, index=0, offset=2b1
Test: L1, e0225c550c911d8c
tag=50c911, index=6c, offset=c
Test: L2, ffffffffd0b8e6fa
tag=7e85c, index=737, offset=1a
Test: DTLB, 8949b477bf4fe13
tag=23bdfa7, index=0, offset=1e13
Test: L1, 8e43a15445c520e1
tag=445c52, index=7, offset=1
Test: L2, 25d70a862031e7c
tag=43101, index=8f3, offset=1c
Test: DTLB, ffffffff8543a466
tag=7fc2a1d, index=0, offset=466
Test: L1, ea86b2dc6ef51195
tag=c6ef51, index=c, offset=15
Test: L2, a78174b701e75a4f
tag=380f3, index=ad2, offset=f
Test: DTLB, 6159bd2043956990
tag=1021cab, index=0, offset=990
Test: L1, d11331fb3ea3b8c8
tag=b3ea3b, index=46, offset=8
Test: L2, e4443e0800dc8174
tag=4006e, index=40b, offset=14
Test: DTLB, 19d004b64d826838
tag=5b26c13, index=0, offset=838
Test: L1, ffffffff90121478
tag=f90121, index=23, offset=18
Test: L2, fffffffff4ed96b5
tag=7fa76, index=cb5, offset=15
Test: DTLB, 8c9d52ad669ceabd
tag=56b34e7, index=0, offset=abd
Test: L1, ffffffffe88660b6
tag=fe8866, index=5, offset=16
Test: L2, 909e0349364d2b92
tag=49b26, index=95c, offset=12
Test: DTLB, ffffffffe554a397
tag=7ff2aa5, index=0, offset=397
Test: L1, ffffffffe29b0bf8
tag=fe29b0, index=5f, offset=18
Test: L2, 48d9fb38543dc34f
tag=42a1e, index=e1a, offset=f
Test: DTLB, ffffffffbc8f8287
tag=7fde47c, index=0, offset=287
Test: L1, dca5bf0574ba694c
tag=574ba6, index=4a, offset=c
Test: L2, ffffffff85dcfaa4
tag=7c2ee, index=7d5, offset=4
Test: DTLB, fffffffff874eadb
tag=7ffc3a7, index=0, offset=adb
Test: L1, e04319ca4b0041a4
tag=a4b004, index=d, offset=4
Test: L2, 2d7cc8330963d837
tag=184b1, index=ec1, offset=17
Test: DTLB, 32e4f7ef4016962e
tag=77a00b4, index=0, offset=162e
Test: L1, ffffffffd864345e
tag=fd8643, index=22, offset=1e
Test: L2, ffffffff8378e7c2
tag=7c1bc, index=73e, offset=2
Test: DTLB, be208b4d266837be
tag=2693341, index=0, offset=17be
Test: L1, b0166c1168cfbe0c
tag=168cfb, index=70, offset=c
Test: L2, ffffffffb7935557
tag=7dbc9, index=aaa, offset=17
Test: DTLB, ffffffff9480daf3
tag=7fca406, index=0, offset=1af3
Test: L1, 561de32f43108aa8
tag=f43108, index=55, offset=8
Test: L2, 268f1985213c69d3
tag=2909e, index=34e, offset=13
Test: DTLB, ffffffff9ba4b187
tag=7fcdd25, index=0, offset=1187
Test: L1, ffffffff882d3046
tag=f882d3, index=2, offset=6
Test: L2, 112ef03f2ee799e7
tag=79773, index=ccf, offset=7
Test: DTLB, 939bb14b3e3eba90
tag=259f1f5, index=0, offset=1a90
Test: L1, ffffffffe2d12c98
tag=fe2d12, index=64, offset=18
Test: L2, e447391c5ac4c302
tag=62d62, index=618, offset=2
Test: DTLB, 369c6b1266af8373
tag=93357c, index=0, offset=373
Test: L1, eb2118a2feb2ed0
tag=a2feb2, index=76, offset=10
Test: L2, ffffffffcefdda80
tag=7e77e, index=ed4, offset=0
Test: DTLB, ffffffff80eb388a
tag=7fc0759, index=0, offset=188a
Test: L1, ffffffff813a3dea
tag=f813a3, index=6f, offset=a
Test: L2, ffffffffaf1e71ab
tag=7d78f, index=38d, offset=b
Test: DTLB, 43dbbf9565b115d4
tag=4ab2d88, index=0, offset=15d4
Test: L1, 4cd2c5714d48fecf
tag=14d48f, index=76, offset=f
Test: L2, 648366ef57088172
tag=7ab84, index=40b, offset=12
Test: DTLB, ffffffffcc2f44ae
tag=7fe617a, index=0, offset=4ae
Test: L1, 7040a9b443746ed1
tag=443746, index=76, offset=11
Test: L2, fffffffff3b98b3d
tag=7f9dc, index=c59, offset=1d
Test: DTLB, ffffffffadd0b372
tag=7fd6e85, index=0, offset=1372
Test: L1, ffffffffaaec4aa5
tag=faaec4, index=55, offset=5
Test: L2, 77e641104a4432c4
tag=2522, index=196, offset=4
Test: DTLB, ffffffffc95ab6db
tag=7fe4ad5, index=0, offset=16db
Test: L1, fffffffff31049bf
tag=ff3104, index=4d, offset=1f
Test: L2, ffffffffd4261f23
tag=7ea13, index=f9, offset=3
Test: DTLB, ffffffffab0185bd
tag=7fd580c, index=0, offset=5bd
Test: L1, c9520f6706a4f27d
tag=706a4f, index=13, offset=1d
Test: L2, e26c53ba29bcfaf3
tag=514de, index=7d7, offset=13
Test: DTLB, ffffffffcc427f54
tag=7fe6213, index=0, offset=1f54
Test: L1, 19ad1b523e5ba8bb
tag=23e5ba, index=45, offset=1b
Test: L2, ffffffffc6f4feff
tag=7e37a, index=7f7, offset=1f
Test: DTLB, 23877ceb09b8ede8
tag=7584dc7, index=0, offset=de8
Test: L1, 88c3410737f00466
tag=737f00, index=23, offset=6
Test: L2, ffffffffe6994450
tag=7f34c, index=a22, offset=10
Test: DTLB, fffffffff83f3cc9
tag=7ffc1f9, index=0, offset=1cc9
Test: L1, ffffffff826ecbc1
tag=f826ec, index=5e, offset=1
Test: L2, ffffffffe858a814
tag=7f42c, index=540, offset=14
Test: DTLB, ffffffffd5e11cd3
tag=7feaf08, index=0, offset=1cd3
Test: L1, ffffffffb275d1e2
tag=fb275d, index=f, offset=2
Test: L2, ffffffffe88ea687
tag=7f447, index=534, offset=7
Test: DTLB, ffffffff9939a0e0
tag=7fcc9cd, index=0, offset=e0
Test: L1, ffffffffa3b82ab7
tag=fa3b82, index=55, offset=17
Test: L2, 69927e786f4807ee
tag=437a4, index=3f, offset=e
Test: DTLB, 6881df75133c2587
tag=3a899e1, index=0, offset=587
Test: L1, ffffffffc170ad1e
tag=fc170a, index=68, offset=1e
Test: L2, d1019d584a5a2458
tag=4252d, index=122, offset=18
Test: DTLB, ffffffffe5af9781
tag=7ff2d7c, index=0, offset=1781
Test: L1, fffffffff4220ead
tag=ff4220, index=75, offset=d
Test: L2, 70368b52549f69e4
tag=12a4f, index=b4f, offset=4
Test: DTLB, f937d19f1307d87f
tag=4f8983e, index=0, offset=187f
Test: L1, 12c3d4cc0512e1e9
tag=c0512e, index=f, offset=9
Test: L2, ffffffffc1cbd7e0
tag=7e0e5, index=ebf, offset=0
Test: DTLB, ffffffffb0224ae4
tag=7fd8112, index=0, offset=ae4
Test: L1, fffffffffc5adc0e
tag=ffc5ad, index=60, offset=e
Test: L2, 60567bfd79fcf3a0
tag=6bcfe, index=79d, offset=0
Test: DTLB, ffffffffc375ebec
tag=7fe1baf, index=0, offset=bec
Test: L1, 83d64865588b8cc0
tag=5588b8, index=66, offset=0
Test: L2, ffffffffa321cd01
tag=7d190, index=e68, offset=1
Test: DTLB, ffffffff823664e8
tag=7fc11b3, index=0, offset=4e8
Test: L1, 4efc2a9f456732a8
tag=f45673, index=15, offset=8
Test: L2, ffffffffe5621fa3
tag=7f2b1, index=fd, offset=3
Test: DTLB, ffffffff8b1d6b45
tag=7fc58eb, index=0, offset=b45
Test: L1, ffffffffd683bc26
tag=fd683b, index=61, offset=6
Test: L2, d62963a008541710
tag=42a, index=b8, offset=10
Test: DTLB, fffffffff1b5462f
tag=7ff8daa, index=0, offset=62f
Test: L1, 14f45d6157dd0a07
tag=157dd0, index=50, offset=7
Test: L2, 1203adc7352bb07c
tag=39a95, index=d83, offset=1c
Test: DTLB, ffffffffbb8e3b3c
tag=7fddc71, index=0, offset=1b3c
Test: L1, 88c168450d5469c5
tag=50d546, index=4e, offset=5
Test: L2, 51463e864d564f19
tag=326ab, index=278, offset=19
Test: DTLB, e478a91b36e9779d
tag=d9b74b, index=0, offset=179d
Test: L1, 4220cd2517f4ff49
tag=517f4f, index=7a, offset=9
Test: L2, ffffffffdc23ba47
tag=7ee11, index=dd2, offset=7
Test: DTLB, ffffffffc9fa1183
tag=7fe4fd0, index=0, offset=1183
Test: L1, c96be012312a9be4
tag=2312a9, index=5f, offset=4
Test: L2, ffffffffb84db3e2
tag=7dc26, index=d9f, offset=2
Test: DTLB, fffffffff84c73ae
tag=7ffc263, index=0, offset=13ae
Test: L1, ecff7de87a3539d3
tag=87a353, index=4e, offset=13
Test: L2, 78eec7f401f0cee7
tag=200f8, index=677, offset=7
Test: DTLB, ffffffffddced3b7
tag=7feee76, index=0, offset=13b7
Test: L1, ffffffffc96051f3
tag=fc9605, index=f, offset=13
Test: L2, ffffffffef282b1e
tag=7f794, index=158, offset=1e
Test: DTLB, f57f34a6055c10a5
tag=5302ae0, index=0, offset=10a5
Test: L1, ffffffff8b8a3325
tag=f8b8a3, index=19, offset=5
Test: L2, 2ec99d9d6739ad95
tag=6b39c, index=d6c, offset=15
Test: DTLB, 5223abb0541aa7bc
tag=582a0d5, index=0, offset=7bc
Test: L1, 773304365a97c6c7
tag=65a97c, index=36, offset=7
Test: L2, 612a4c5419012735
tag=20c80, index=939, offset=15
Test: DTLB, ffffffffc1b325ed
tag=7fe0d99, index=0, offset=5ed
Test: L1, ffffffffa0956a3c
tag=fa0956, index=51, offset=1c
Test: L2, ffffffffd0576483
tag=7e82b, index=b24, offset=3
Test: DTLB, ffffffffef46d7c5
tag=7ff7a36, index=0, offset=17c5
Test: L1, ffffffffd51c0270
tag=fd51c0, index=13, offset=10
Test: L2, 47b7219b1d747d21
tag=58eba, index=3e9, offset=1
Test: DTLB, ffffffffcd7a866b
tag=7fe6bd4, index=0, offset=66b
Test: L1, ffffffff9ed9872e
tag=f9ed98, index=39, offset=e
Test: L2, e00d2fda1877ea0f
tag=50c3b, index=f50, offset=f
Test: DTLB, 1293f299685dc096
tag=4cb42ee, index=0, offset=96
Test: L1, cfc8fad70f931a3c
tag=70f931, index=51, offset=1c
Test: L2, ffffffff8b531756
tag=7c5a9, index=8ba, offset=16
Test: DTLB, ffffffffd0b08b6f
tag=7fe8584, index=0, offset=b6f
Test: L1, 11d623672a9e7e19
tag=72a9e7, index=70, offset=19
Test: L2, ffffffffb2fdf693
tag=7d97e, index=fb4, offset=13
Test: DTLB, ffffffff9b5cac4b
tag=7fcdae5, index=0, offset=c4b
Test: L1, ffffffff961fb558
tag=f961fb, index=2a, offset=18
Test: L2, ffffffff9c43853d
tag=7ce21, index=c29, offset=1d
Test: DTLB, ffffffffd6833b91
tag=7feb419, index=0, offset=1b91
Test: L1, ffffffff8a6ab84e
tag=f8a6ab, index=42, offset=e
Test: L2, ffffffffd5528db6
tag=7eaa9, index=46d, offset=16
Test: DTLB, dba5c6ff44d03458
tag=7fa2681, index=0, offset=1458
Test: L1, ffffffffffebba75
tag=fffebb, index=53, offset=15
Test: L2, ffffffff9a19b1c7
tag=7cd0c, index=d8e, offset=7
Test: DTLB, ffffffff81703f0f
tag=7fc0b81, index=0, offset=1f0f
Test: L1, 4ffcfa175bd9861f
tag=75bd98, index=30, offset=1f
Test: L2, 6dd675d0370246c3
tag=1b81, index=236, offset=3
Test: DTLB, ffffffffc2341a94
tag=7fe11a0, index=0, offset=1a94
Test: L1, ffffffffee208145
tag=fee208, index=a, offset=5
Test: L2, ffffffffe8ee4efe
tag=7f477, index=277, offset=1e
Test: DTLB, 69c27ebf239c178f
tag=5f91ce0, index=0, offset=178f
Test: L1, 65c14edd00399898
tag=d00399, index=44, offset=18
Test: L2, ffffffffeeab932d
tag=7f755, index=c99, offset=d
Test: DTLB, ffffffffa449994e
tag=7fd224c, index=0, offset=194e
Test: L1, 64e52c7e73c24a46
tag=e73c24, index=52, offset=6
Test: L2, 36b6111f7e147900
tag=7bf0a, index=3c8, offset=0
Test: DTLB, 705fc257106e3c8b
tag=2b88371, index=0, offset=1c8b
Test: L1, ffffffffab86fc71
tag=fab86f, index=63, offset=11
Test: L2, ffffffffe61d55d0
tag=7f30e, index=aae, offset=10
Test: DTLB, 72ee9e5b135e1967
tag=2d89af0, index=0, offset=1967
Test: L1, 923b267c09d6e620
tag=c09d6e, index=31, offset=0
Test: L2, 9c9592a639bccf47
tag=31cde, index=67a, offset=7
Test: DTLB, ace687d229aab6ff
tag=6914d55, index=0, offset=16ff
Test: L1, ffffffff864dfa5c
tag=f864df, index=52, offset=1c
Test: L2, ffffffffe8391452
tag=7f41c, index=8a2, offset=12
Test: DTLB, ffffffff8e50da8a
tag=7fc7286, index=0, offset=1a8a
Test: L1, 912608af457dc2d9
tag=f457dc, index=16, offset=19
Test: L2, 40b9494d7521fbd9
tag=6ba90, index=fde, offset=19
Test: DTLB, e4a8ca414544192a
tag=20a2a20, index=0, offset=192a
Test: L1, fffffffffd2d2278
tag=ffd2d2, index=13, offset=18
Test: L2, ffffffff8f42a639
tag=7c7a1, index=531, offset=19
Test: DTLB, fffffffffba07fcf
tag=7ffdd03, index=0, offset=1fcf
Test: L1, ffffffffc581fc36
tag=fc581f, index=61, offset=16
Test: L2, ffffffffab46610a
tag=7d5a3, index=308, offset=a
Test: DTLB, 65a4defd04f87dc7
tag=7e827c3, index=0, offset=1dc7
Test: L1, ffffffffc4654e4d
tag=fc4654, index=72, offset=d
Test: L2, ffffffffff36706f
tag=7ff9b, index=383, offset=f
Test: DTLB, 512ecd62387351c8
tag=311c39a, index=0, offset=11c8
Test: L1, ffffffffee0633fa
tag=fee063, index=1f, offset=1a
Test: L2, ffffffffd2e6adc1
tag=7e973, index=56e, offset=1
Test: DTLB, 4bfef76d339dec59
tag=3699cef, index=0, offset=c59
Test: L1, 44a04e9207b60ffa
tag=207b60, index=7f, offset=1a
Test: L2, ffffffffc531915c
tag=7e298, index=c8a, offset=1c
Test: DTLB, c7b953114a664491
tag=8a5332, index=0, offset=491
Test: L1, ffffffffeb36f5ab
tag=feb36f, index=2d, offset=b
Test: L2, 64a820be09851f1d
tag=704c2, index=8f8, offset=1d
Test: DTLB, ffffffffebea419a
tag=7ff5f52, index=0, offset=19a
Test: L1, ffffffffaab824e8
tag=faab82, index=27, offset=8
Test: L2, 72c00bd51bcf8305
tag=28de7, index=c18, offset=5
Test: DTLB, 9ae219b86d49d5be
tag=5c36a4e, index=0, offset=15be
Test: L1, d7e4b97d220bc315
tag=d220bc, index=18, offset=15
Test: L2, 42559721627e9e92
tag=b13f, index=4f4, offset=12
Test: DTLB, ffffffff9c9d92dd
tag=7fce4ec, index=0, offset=12dd
Test: L1, ffffffff90503e05
tag=f90503, index=70, offset=5
Test: L2, ffffffff86783ba9
tag=7c33c, index=1dd, offset=9
Test: DTLB, 58ea1fca77028736
tag=653b814, index=0, offset=736
Test: L1, ffffffffd461d4cf
tag=fd461d, index=26, offset=f
Test: L2, 419501324624fca5
tag=12312, index=7e5, offset=5
Test: DTLB, cdf088d53756777
tag=46a9bab, index=0, offset=777
Test: L1, 4163fd181a453a26
tag=81a453, index=51, offset=6
Test: L2, ffffffffc0ff909a
tag=7e07f, index=c84, offset=1a
Test: DTLB, ffffffff902ae2be
tag=7fc8157, index=0, offset=2be
Test: L1, ffffffffa006e788
tag=fa006e, index=3c, offset=8
Test: L2, ba9027bd0b943963
tag=685ca, index=1cb, offset=3
Test: DTLB, 5cc3e75275ef741f
tag=293af7b, index=0, offset=141f
Test: L1, fa41ebc047aa0537
tag=47aa0, index=29, offset=17
Test: L2, ffffffffc24689dd
tag=7e123, index=44e, offset=1d
Test: DTLB, 8dd5adfb2305ce17
tag=7d9182e, index=0, offset=e17
Test: L1, 5005536c30027679
tag=c30027, index=33, offset=19
Test: L2, cd63392459b77496
tag=22cdb, index=ba4, offset=16
Test: DTLB, c996ff613b242858
tag=309d921, index=0, offset=858
Test: L1, bc840a913035413
tag=913035, index=20, offset=13
Test: L2, 61f766fd64277043
tag=6b213, index=b82, offset=3
Test: DTLB, d878b2632660750e
tag=3193303, index=0, offset=150e
Test: L1, f0aec6d554c5652e
tag=554c56, index=29, offset=e
Test: L2, e7080e050e5c327b
tag=2872e, index=193, offset=1b
Test: DTLB, 7c0a223708fd57c3
tag=1b847ea, index=0, offset=17c3
Test: L1, f0bc9b91fbdca34
tag=91fbdc, index=51, offset=14
Test: L2, ffffffff809ce04a
tag=7c04e, index=702, offset=a
Test: DTLB, ffffffff95273f42
tag=7fca939, index=0, offset=1f42
Test: L1, ffffffffee73d771
tag=fee73d, index=3b, offset=11
Test: L2, 533174f929cda590
tag=494e6, index=d2c, offset=10
Test: DTLB, 5f52b31e503e2301
tag=f281f1, index=0, offset=301
Test: L1, fffffffff58ae77a
tag=ff58ae, index=3b, offset=1a
Test: L2, ffffffffdffc7311
tag=7effe, index=398, offset=11
Test: DTLB, fffffffff666b69f
tag=7ffb335, index=0, offset=169f
Test: L1, fffffffff4616826
tag=ff4616, index=41, offset=6
Test: L2, ffffffffab725fb6
tag=7d5b9, index=2fd, offset=16
Test: DTLB, ffffffffdb293a5d
tag=7fed949, index=0, offset=1a5d
Test: L1, ffffffffdf5a4d8b
tag=fdf5a4, index=6c, offset=b
Test: L2, dfda13c5090501ab
tag=28482, index=80d, offset=b
Test: DTLB, ffffffffc8a2a430
tag=7fe4515, index=0, offset=430
Test: L1, ffffffffec11ec90
tag=fec11e, index=64, offset=10
Test: L2, 32cb11b0423b96bf
tag=211d, index=cb5, offset=1f
Test: DTLB, 8b9418232a51408c
tag=119528a, index=0, offset=8c
Test: L1, ffffffffacbe9205
tag=facbe9, index=10, offset=5
Test: L2, 8fd205652052b9cc
tag=29029, index=5ce, offset=c
Test: DTLB, b2cc3351334d2910
tag=2899a69, index=0, offset=910
Test: L1, fffffffff228ab77
tag=ff228a, index=5b, offset=17
Test: L2, ffffffffdc78c537
tag=7ee3c, index=629, offset=17
Test: DTLB, ffffffff8791f804
tag=7fc3c8f, index=0, offset=1804
Test: L1, ffffffff828db070
tag=f828db, index=3, offset=10
Test: L2, 82a7f1e6640f1898
tag=33207, index=8c4, offset=18
Test: DTLB, ffffffff83af4263
tag=7fc1d7a, index=0, offset=263
Test: L1, fffffffff91dd549
tag=ff91dd, index=2a, offset=9
Test: L2, 28c9d8cb35f0cb0c
tag=59af8, index=658, offset=c
Test: DTLB, ffffffffcee8ed98
tag=7fe7747, index=0, offset=d98
Test: L1, 9cd70efb7f6b5272
tag=b7f6b5, index=13, offset=12
Test: L2, 5c00ce165ca2bca5
tag=32e51, index=5e5, offset=5
Test: DTLB, 6c987dc11bb8f80e
tag=608ddc7, index=0, offset=180e
Test: L1, c822168c6152725d
tag=c61527, index=12, offset=1d
Test: L2, e34e070452fd5697
tag=2297e, index=ab4, offset=17
Test: DTLB, 3c2f5341a2bbe4f
tag=1a0d15d, index=0, offset=1e4f
Test: L1, d2eb46e801385784
tag=801385, index=3c, offset=4
Test: L2, ffffffffb75fe8b3
tag=7dbaf, index=f45, offset=13
Test: DTLB, ffffffff80209027
tag=7fc0104, index=0, offset=1027
Test: L1, ffffffffda5b5ad0
tag=fda5b5, index=56, offset=10
Test: L2, e8908e5615d747d8
tag=30aeb, index=a3e, offset=18
Test: DTLB, 33e1a03735736f6
tag=1b9ab9, index=0, offset=16f6
Test: L1, ffffffffa707e249
tag=fa707e, index=12, offset=9
Test: L2, 8872db864fded2ec
tag=327ef, index=697, offset=c
Test: DTLB, ffffffff8464d068
tag=7fc2326, index=0, offset=1068
Test: L1, e613ab10109233f2
tag=10923, index=1f, offset=12
Test: L2, ffffffffe8cd5e1c
tag=7f466, index=af0, offset=1c
Test: DTLB, 25350ac057b1c928
tag=602bd8e, index=0, offset=928
Test: L1, 9e72aff879280b17
tag=879280, index=58, offset=17
Test: L2, a1b681165fb80c3d
tag=32fdc, index=61, offset=1d
Test: DTLB, 9415a19e61dfb26b
tag=4f30efd, index=0, offset=126b
Test: L1, fffffffffb19ded9
tag=ffb19d, index=76, offset=19
Test: L2, 761c168a14be59b2
tag=50a5f, index=2cd, offset=12
Test: DTLB, 614f21b666392cf8
tag=5b331c9, index=0, offset=cf8
Test: L1, f07dfd2d229cca3e
tag=d229cc, index=51, offset=1e
Test: L2, a0dcf5c752928e13
tag=3a949, index=470, offset=13
Test: DTLB, ffffffff92459994
tag=7fc922c, index=0, offset=1994
Test: L1, a80eb0bb7d6b00cd
tag=b7d6b0, index=6, offset=d
Test: L2, ffffffff83d360f9
tag=7c1e9, index=b07, offset=19
Test: DTLB, ffffffffcb186ef9
tag=7fe58c3, index=0, offset=ef9
Test: L1, f8ba0982430a22a7
tag=2430a2, index=15, offset=7
Test: L2, c319b177426e3b20
tag=3a137, index=1d9, offset=0
Test: DTLB, a286b5047df12d27
tag=23ef89, index=0, offset=d27
Test: L1, ffffffffd6c117f1
tag=fd6c11, index=3f, offset=11
Test: L2, ffffffff862cef76
tag=7c316, index=77b, offset=16
Test: DTLB, 3d8f0ac91253c65b
tag=648929e, index=0, offset=65b
Test: L1, ffffffffe56f4468
tag=fe56f4, index=23, offset=8
Test: L2, 4bb5583745e6184d
tag=3a2f3, index=c2, offset=d
Test: DTLB, ffffffffbf968697
tag=7fdfcb4, index=0, offset=697
Test: L1, ffffffffe6999057
tag=fe6999, index=2, offset=17
Test: L2, ffffffffbb4d6a9f
tag=7dda6, index=b54, offset=1f
Test: DTLB, 4983e6c9214557e0
tag=6490a2a, index=0, offset=17e0
Test: L1, ffffffffa306fc52
tag=fa306f, index=62, offset=12
Test: L2, b7f9e1050bde8821
tag=285ef, index=441, offset=1
Test: DTLB, b9555918470ee027
tag=c23877, index=0, offset=27
Test: L1, d489d96d7470c7f9
tag=d7470c, index=3f, offset=19
Test: L2, 17cfc8f02a87ac58
tag=1543, index=d62, offset=18
Test: DTLB, ffffffff827924f8
tag=7fc13c9, index=0, offset=4f8
Test: L1, 50dad3622d0fd69e
tag=22d0fd, index=34, offset=1e
Test: L2, ffffffffdcf66b3b
tag=7ee7b, index=359, offset=1b
Test: DTLB, 6d43011930a7a4e1
tag=c9853d, index=0, offset=4e1
Test: L1, ffffffffd2a72387
tag=fd2a72, index=1c, offset=7
Test: L2, ffffffffe40f7845
tag=7f207, index=bc2, offset=5
Test: DTLB, e516f4f8713c5233
tag=7c389e2, index=0, offset=1233
Test: L1, ffffffffc9043c49
tag=fc9043, index=62, offset=9
Test: L2, 256ca0462bd42b33
tag=315ea, index=159, offset=13
Test: DTLB, d420e92169a39743
tag=10b4d1c, index=0, offset=1743
Test: L1, fffffffff43ac82f
tag=ff43ac, index=41, offset=f
Test: L2, cb32fdbf27e5ff83
tag=793f2, index=ffc, offset=3
Test: DTLB, ffffffffe440e9f4
tag=7ff2207, index=0, offset=9f4
Test: L1, 1cdff5d95b1bcd1a
tag=95b1bc, index=68, offset=1a
Test: L2, fffffffff10e6cd5
tag=7f887, index=366, offset=15
Test: DTLB, e72b11c36b5863e9
tag=61b5ac3, index=0, offset=3e9
Test: L1, d96ab41b0390a98b
tag=b0390a, index=4c, offset=b
Test: L2, 8ce6545d7faa905c
tag=6bfd5, index=482, offset=1c
Test: DTLB, ffffffffc8e7f456
tag=7fe473f, index=0, offset=1456
Test: L1, 3cab4e40622bbd16
tag=622bb, index=68, offset=16
Test: L2, ca14f0ec2bbf28fd
tag=615df, index=947, offset=1d
Test: DTLB, 597b436b60261d08
tag=35b0130, index=0, offset=1d08
Test: L1, 1773276d4863ef34
tag=d4863e, index=79, offset=14
Test: L2, 77d9f9e55fe7e49c
tag=2aff3, index=f24, offset=1c
Test: DTLB, ffffffff94fea08c
tag=7fca7f5, index=0, offset=8c
Test: L1, ffffffffeea18ca3
tag=feea18, index=65, offset=3
Test: L2, ffffffff855f95cd
tag=7c2af, index=cae, offset=d
Test: DTLB, ffffffffcccc8db6
tag=7fe6664, index=0, offset=db6
Test: L1, 69f0e89756ca28b5
tag=756ca2, index=45, offset=15
Test: L2, fffffffff7f36ab7
tag=7fbf9, index=b55, offset=17
Test: DTLB, 89a5512875283fbb
tag=143a941, index=0, offset=1fbb
Test: L1, 740a262115920ac3
tag=115920, index=56, offset=3
Test: L2, ffffffffb9b627e2
tag=7dcdb, index=13f, offset=2
Test: DTLB, 6dea8aec4d30db43
tag=7626986, index=0, offset=1b43
Test: L1, ffffffffd1ed660a
tag=fd1ed6, index=30, offset=a
Test: L2, 8dd73f961a553fc5
tag=30d2a, index=9fe, offset=5
Test: DTLB, 99f2dd5448d3b95c
tag=2a2469d, index=0, offset=195c
Test: L1, 4eed3b6e390ebf3c
tag=e390eb, index=79, offset=1c
Test: L2, ffffffffc9a35013
tag=7e4d1, index=a80, offset=13
Test: DTLB, f305a81d1448acb7
tag=e8a245, index=0, offset=cb7
Test: L1, 53116eb472da355
tag=b472da, index=1a, offset=15
Test: L2, 3adbdfdc58c172c4
tag=62c60, index=b96, offset=4
Test: DTLB, 97b4b5ac7c7f0596
tag=563e3f8, index=0, offset=596
Test: L1, ffffffffc2e55efe
tag=fc2e55, index=77, offset=1e
Test: L2, 92bfaaa02b0fcaa
tag=50158, index=7e5, offset=a
Test: DTLB, ffffffff90ed85f4
tag=7fc876c, index=0, offset=5f4
Test: L1, ffffffffaf1de7f6
tag=faf1de, index=3f, offset=16
Test: L2, ffffffffe1ffb4e1
tag=7f0ff, index=da7, offset=1
Test: DTLB, 94008659001748d3
tag=2c800ba, index=0, offset=8d3
Test: L1, ffffffffdcc1e789
tag=fdcc1e, index=3c, offset=9
Test: L2, ffffffff8df959bc
tag=7c6fc, index=acd, offset=1c
Test: DTLB, 623c1db874197a89
tag=5c3a0cb, index=0, offset=1a89
Test: L1, 99a297a72efb1720
tag=72efb1, index=39, offset=0
Test: L2, d035ce4b324e4e85
tag=59927, index=274, offset=5
Test: DTLB, cc24fa11cacbaec
tag=508e565, index=0, offset=1aec
Test: L1, ffffffffeaf7a9d1
tag=feaf7a, index=4e, offset=11
Test: L2, ffffffffd5f42228
tag=7eafa, index=111, offset=8
Test: DTLB, ffffffff96c85ca3
tag=7fcb642, index=0, offset=1ca3
Test: L1, ffffffffb90c1fba
tag=fb90c1, index=7d, offset=1a
Test: L2, ffffffffdb3c99fc
tag=7ed9e, index=4cf, offset=1c
Test: DTLB, ffffffffa48953df
tag=7fd244a, index=0, offset=13df
Test: L1, ffffffffe268dad9
tag=fe268d, index=56, offset=19
Test: L2, 21fe50de1bca1961
tag=70de5, index=cb, offset=1
Test: DTLB, 7c17513d1b9a5ad5
tag=1e8dcd2, index=0, offset=1ad5
Test: L1, ffffffffbfee0cd2
tag=fbfee0, index=66, offset=12
Test: L2, 76211e637f1b4a1
tag=31bf8, index=da5, offset=1
Test: DTLB, c72113b01fd0d220
tag=580fe86, index=0, offset=1220
Test: L1, 404386af694dd698
tag=f694dd, index=34, offset=18
Test: L2, 760f6abb0a01534c
tag=58500, index=a9a, offset=c
Test: DTLB, ffffffffbe279947
tag=7fdf13c, index=0, offset=1947
Test: L1, ffffffffafde8b7c
tag=fafde8, index=5b, offset=1c
Test: L2, dfa469607012252e
tag=3809, index=129, offset=e
Test: DTLB, 8ebb9ec1568a6d73
tag=60ab453, index=0, offset=d73
Test: L1, 62017234583fc29f
tag=4583fc, index=14, offset=1f
Test: L2, ffffffffc3189881
tag=7e18c, index=4c4, offset=1
Test: DTLB, 6bc7e4a6698ee4ba
tag=5334c77, index=0, offset=4ba
Test: L1, ffffffffe9a5ec8c
tag=fe9a5e, index=64, offset=c
Test: L2, ffffffffe7c1ce39
tag=7f3e0, index=e71, offset=19
Test: DTLB, ffffffffba8d66e8
tag=7fdd46b, index=0, offset=6e8
Test: L1, cbd9d163036d2cfa
tag=3036d2, index=67, offset=1a
Test: L2, b573ec673e6a7913
tag=39f35, index=3c8, offset=13
Test: DTLB, ffffffffa3a24958
tag=7fd1d12, index=0, offset=958
Test: L1, bbafeee62af47977
tag=62af47, index=4b, offset=17
Test: L2, 333980700d267754
tag=693, index=3ba, offset=14
Test: DTLB, ffffffffe2b6abb9
tag=7ff15b5, index=0, offset=bb9
Test: L1, d849df8b2140c65c
tag=b2140c, index=32, offset=1c
Test: L2, 748355d26272563
tag=69313, index=92b, offset=3
Test: DTLB, ffffffffa90d4240
tag=7fd486a, index=0, offset=240
Test: L1, 59835894d386a9c
tag=94d386, index=54, offset=1c
Test: L2, 15d7d86705e812e7
tag=382f4, index=97, offset=7
Test: DTLB, ffffffffbee4d4ad
tag=7fdf726, index=0, offset=14ad
Test: L1, ffffffffe54b3a69
tag=fe54b3, index=53, offset=9
Test: L2, ffffffffd0c80f95
tag=7e864, index=7c, offset=15
Test: DTLB, 3f407cdc60c1aa17
tag=6e3060d, index=0, offset=a17
Test: L1, ffffffffa9731356
tag=fa9731, index=1a, offset=16
Test: L2, fffffffff515ed9b
tag=7fa8a, index=f6c, offset=1b
Test: DTLB, ffffffffb1a84aab
tag=7fd8d42, index=0, offset=aab
Test: L1, 5a3df0c261b5c96a
tag=261b5c, index=4b, offset=a
Test: L2, ffffffffd77d1486
tag=7ebbe, index=8a4, offset=6
Test: DTLB, ffffffffd2b4d481
tag=7fe95a6, index=0, offset=1481
Test: L1, ffffffffb51a8da8
tag=fb51a8, index=6d, offset=8
Test: L2, ffffffffd094c3fe
tag=7e84a, index=61f, offset=1e
Test: DTLB, 676df9c522def073
tag=62916f7, index=0, offset=1073
Test: L1, ffffffffbbdad8fe
tag=fbbdad, index=47, offset=1e
Test: L2, ffffffff8b6e75f3
tag=7c5b7, index=3af, offset=13
Test: DTLB, fffffffff3891ec6
tag=7ff9c48, index=0, offset=1ec6
Test: L1, fffffffff548a239
tag=ff548a, index=11, offset=19
Test: L2, ffffffff8269f162
tag=7c134, index=f8b, offset=2
Test: DTLB, ffffffffad188ebe
tag=7fd68c4, index=0, offset=ebe
Test: L1, e9c41a9e29699d94
tag=e29699, index=6c, offset=14
Test: L2, ffffffffea238c4e
tag=7f511, index=c62, offset=e
Test: DTLB, ce722493296a09d9
tag=4994b50, index=0, offset=9d9
Test: L1, 519bc8700ac2cd37
tag=ac2c, index=69, offset=17
Test: L2, c59047795a54929f
tag=4ad2a, index=494, offset=1f
Test: DTLB, fffffffffd778dc5
tag=7ffebbc, index=0, offset=dc5
Test: L1, f643a75d75f29547
tag=d75f29, index=2a, offset=7
Test: L2, ffffffff88a4540a
tag=7c452, index=2a0, offset=a
Test: DTLB, bd1be7301507f582
tag=180a83f, index=0, offset=1582
Test: L1, 5fc9852f0a74ec28
tag=f0a74e, index=61, offset=8
Test: L2, ffffffff9fea7933
tag=7cff5, index=3c9, offset=13
Test: DTLB, e2ee98e04c5831de
tag=70262c1, index=0, offset=11de
Test: L1, 488fb78548f8a3ee
tag=548f8a, index=1f, offset=e
Test: L2, ffffffffb047d6e6
tag=7d823, index=eb7, offset=6
Test: DTLB, fb49b7663a868d3a
tag=331d434, index=0, offset=d3a
Test: L1, c214071b4ca895bd
tag=b4ca89, index=2d, offset=1d
Test: L2, ac0e8af71dc1733f
tag=38ee0, index=b99, offset=1f
Test: DTLB, 77a8d8191841bf85
tag=c8c20d, index=0, offset=1f85
Test: L1, c59c18ce069dbc9e
tag=e069db, index=64, offset=1e
Test: L2, ffffffffb45fe508
tag=7da2f, index=f28, offset=8
Test: DTLB, ffffffffbdb5f3df
tag=7fdedaf, index=0, offset=13df
Test: L1, 2c3117b213291e65
tag=213291, index=73, offset=5
Test: L2, fffffffffc1ac5fb
tag=7fe0d, index=62f, offset=1b
Test: DTLB, ffffffffdaaa2637
tag=7fed551, index=0, offset=637
Test: L1, ffffffffa38d5e40
tag=fa38d5, index=72, offset=0
Test: L2, ffffffffbcc00d7b
tag=7de60, index=6b, offset=1b
Test: DTLB, fffffffff8a53ce1
tag=7ffc529, index=0, offset=1ce1
Test: L1, f57d84993c536b1f
tag=93c536, index=58, offset=1f
Test: L2, 9ce76c2f7bfa2a5b
tag=7bdfd, index=152, offset=1b
Test: DTLB, 7bccd4af2e919068
tag=579748c, index=0, offset=1068
Test: L1, dc0601134e618f26
tag=34e618, index=79, offset=6
Test: L2, fffffffff1caadf1
tag=7f8e5, index=56f, offset=11
Test: DTLB, ffffffffdc1a36aa
tag=7fee0d1, index=0, offset=16aa
Test: L1, a92491f70299d732
tag=70299d, index=39, offset=12
Test: L2, c31a862b421c3b04
tag=5a10e, index=1d8, offset=4
Test: DTLB, ffffffff928c0147
tag=7fc9460, index=0, offset=147
Test: L1, ffffffffeb42c59f
tag=feb42c, index=2c, offset=1f
Test: L2, a6cdcdfe370ef77d
tag=71b87, index=7bb, offset=1d
Test: DTLB, ffffffffdf0467c0
tag=7fef823, index=0, offset=7c0
Test: L1, 671fd6ff4d503a97
tag=f4d503, index=54, offset=17
Test: L2, fffffffff78c3460
tag=7fbc6, index=1a3, offset=0
Test: DTLB, a86a915024802d1
tag=a81240, index=0, offset=2d1
Test: L1, d69d94047c1c94f1
tag=47c1c9, index=27, offset=11
Test: L2, ffffffffbdc01ac0
tag=7dee0, index=d6, offset=0
Test: DTLB, ffffffff906e51f3
tag=7fc8372, index=0, offset=11f3
Test: L1, ffffffffca3ca388
tag=fca3ca, index=1c, offset=8
Test: L2, 4b7cd2702dfb7dd8
tag=16fd, index=bee, offset=18
Test: DTLB, 55f5cf9c43066258
tag=4e21833, index=0, offset=258
Test: L1, f57e06973755b149
tag=73755b, index=a, offset=9
Test: L2, 11fc42076d959479
tag=3b6ca, index=ca3, offset=19
Test: DTLB, ffffffffa600c633
tag=7fd3006, index=0, offset=633
Test: L1, ffffffffebda93ea
tag=febda9, index=1f, offset=a
Test: L2, 59ce102d10f555e1
tag=6887a, index=aaf, offset=1
Test: DTLB, ffffffffd16f25b4
tag=7fe8b79, index=0, offset=5b4
Test: L1, 1bfbe9e561130f9a
tag=561130, index=7c, offset=1a
Test: L2, ffffffffd0a331bb
tag=7e851, index=98d, offset=1b
Test: DTLB, ffffffffdd7d7b32
tag=7feebeb, index=0, offset=1b32
Test: L1, ffffffff8e0ba2b6
tag=f8e0ba, index=15, offset=16
Test: L2, ffffffff92b7c1e4
tag=7c95b, index=e0f, offset=4
Test: DTLB, 87bee1ed7e4d530b
tag=76bf26a, index=0, offset=130b
Test: L1, 1394302172706254
tag=172706, index=12, offset=14
Test: L2, ffffffff98ec3f80
tag=7cc76, index=1fc, offset=0
Test: DTLB, ffffffff81a0a2e7
tag=7fc0d05, index=0, offset=2e7
Test: L1, ffffffffa2a6f6da
tag=fa2a6f, index=36, offset=1a
Test: L2, ffffffff9f276797
tag=7cf93, index=b3c, offset=17
Test: DTLB, ffffffffceb8719a
tag=7fe75c3, index=0, offset=119a
Test: L1, fffffffffe3ae621
tag=ffe3ae, index=31, offset=1
Test: L2, 396b07e60ca2ed78
tag=30651, index=76b, offset=18
Test: DTLB, ffffffffad08ae22
tag=7fd6845, index=0, offset=e22
Test: L1, 3a8a4c3847e9d39e
tag=847e9d, index=1c, offset=1e
Test: L2, ffffffffcb397fa4
tag=7e59c, index=bfd, offset=4
Test: DTLB, 35fd9cfc58f317fa
tag=7e2c798, index=0, offset=17fa
Test: L1, ffffffffd5ac41a4
tag=fd5ac4, index=d, offset=4
Test: L2, fffffffff1615c30
tag=7f8b0, index=ae1, offset=10
Test: DTLB, 33774d9c3b1e9af3
tag=4e1d8f4, index=0, offset=1af3
Test: L1, ffffffffda245031
tag=fda245, index=1, offset=11
Test: L2, 7d2c83d17d8bd9b1
tag=bec5, index=ecd, offset=11
Test: DTLB, fffffffffd5482f6
tag=7ffeaa4, index=0, offset=2f6
Test: L1, fbeb08bf53a096cf
tag=f53a09, index=36, offset=f
Test: L2, ffffffffaa6c24d5
tag=7d536, index=126, offset=15
Test: DTLB, 75bada6e3bc2f252
tag=371de17, index=0, offset=1252
Test: L1, 9ffda8fc53c13943
tag=c53c13, index=4a, offset=3
Test: L2, 76b718a47f0e1c37
tag=23f87, index=e1, offset=17
Test: DTLB, ffffffffb5433fef
tag=7fdaa19, index=0, offset=1fef
Test: L1, eaf559615c86147b
tag=15c861, index=23, offset=1b
Test: L2, 4ac4f30a504ee719
tag=52827, index=738, offset=19
Test: DTLB, ffffffffbbd05d08
tag=7fdde82, index=0, offset=1d08
Test: L1, ffffffffc6f04012
tag=fc6f04, index=0, offset=12
Test: L2, 7f83af8574a5997a
tag=2ba52, index=ccb, offset=1a
Test: DTLB, bef5dc25772d5a66
tag=12bb96a, index=0, offset=1a66
Test: L1, fffffffffb79460f
tag=ffb794, index=30, offset=f
Test: L2, ffffffff8ffccacd
tag=7c7fe, index=656, offset=d
Test: DTLB, ffffffffd979b3f6
tag=7fecbcd, index=0, offset=13f6
Test: L1, ffffffffdf2ee467
tag=fdf2ee, index=23, offset=7
Test: L2, 706aa5843da4eb11
tag=21ed2, index=758, offset=11
Test: DTLB, ffffffffd73cec37
tag=7feb9e7, index=0, offset=c37
Test: L1, ffffffff9b005823
tag=f9b005, index=41, offset=3
Test: L2, 14d526b06d951a7f
tag=36ca, index=8d3, offset=1f
Test: DTLB, ffffffffeddd39e4
tag=7ff6ee9, index=0, offset=19e4
Test: L1, ffffffffaf7a6fed
tag=faf7a6, index=7f, offset=d
Test: L2, 4559222904396b5e
tag=4821c, index=b5a, offset=1e
Test: DTLB, 8e1b31f5223a09ea
tag=7a911d0, index=0, offset=9ea
Test: L1, ffffffffcf34b787
tag=fcf34b, index=3c, offset=7
Test: L2, ffffffffed8fcf0e
tag=7f6c7, index=e78, offset=e
Test: DTLB, fffffffff4785cec
tag=7ffa3c2, index=0, offset=1cec
Test: L1, ffffffffda357cc6
tag=fda357, index=66, offset=6
Test: L2, ffffffffef1a8e09
tag=7f78d, index=470, offset=9
Test: DTLB, 7f1f5db09862a35
tag=6d84c31, index=0, offset=a35
Test: L1, 6aed794c332a4087
tag=c332a4, index=4, offset=7
Test: L2, fffffffff65cfdb7
tag=7fb2e, index=7ed, offset=17
Test: DTLB, ffffffffc0d8e12a
tag=7fe06c7, index=0, offset=12a
Test: L1, ffffffffb378888d
tag=fb3788, index=44, offset=d
Test: L2, abdd2a2f731266c0
tag=7b989, index=336, offset=0
Test: DTLB, ffffffff83e59db6
tag=7fc1f2c, index=0, offset=1db6
Test: L1, 15a12dc15a65280a
tag=15a652, index=40, offset=a
Test: L2, ffffffff8d1bff73
tag=7c68d, index=ffb, offset=13
Test: DTLB, ffffffffb7723811
tag=7fdbb91, index=0, offset=1811
Test: L1, ffffffffad90d690
tag=fad90d, index=34, offset=10
Test: L2, 9c22d14a3ac5c3da
tag=51d62, index=e1e, offset=1a
Test: DTLB, ffffffffd3e23839
tag=7fe9f11, index=0, offset=1839
Test: L1, ffffffffecf32dc0
tag=fecf32, index=6e, offset=0
Test: L2, 96be27b279e7a7cb
tag=13cf3, index=d3e, offset=b
Test: DTLB, 456b8cc2625d1e0
tag=661312e, index=0, offset=11e0
Test: L1, 7ed203d673436278
tag=673436, index=13, offset=18
Test: L2, ffffffffa6fd3dd0
tag=7d37e, index=9ee, offset=10
Test: DTLB, ee55fd195843e551
tag=cac21f, index=0, offset=551
Test: L1, 27ec0e24250d7097
tag=4250d7, index=4, offset=17
Test: L2, ffffffffc626c1cf
tag=7e313, index=60e, offset=f
Test: DTLB, ffffffffe99d785d
tag=7ff4ceb, index=0, offset=185d
Test: L1, 458afa902001e5c9
tag=2001e, index=2e, offset=9
Test: L2, ffffffff81394abd
tag=7c09c, index=a55, offset=1d
Test: DTLB, 6516ca1d07cf4576
tag=e83e7a, index=0, offset=576
Test: L1, cff798421fcc0d10
tag=21fcc0, index=68, offset=10
Test: L2, 788738fc1f5e5609
tag=60faf, index=2b0, offset=9
Test: DTLB, 673826443f9fe79b
tag=221fcff, index=0, offset=79b
Test: L1, 6ed4396b692085c4
tag=b69208, index=2e, offset=4
Test: L2, fffffffffd891c26
tag=7fec4, index=8e1, offset=6
Test: DTLB, f986e35f4b7fa664
tag=2fa5bfd, index=0, offset=664
Test: L1, ffffffffb317fcb6
tag=fb317f, index=65, offset=16
Test: L2, 9334cdf67b467e9e
tag=33da3, index=3f4, offset=1e
Test: DTLB, 76ac1cc86a45dac3
tag=643522e, index=0, offset=1ac3
Test: L1, c228d71d1ce25a0a
tag=d1ce25, index=50, offset=a
Test: L2, 4b54eabb058494b1
tag=582c2, index=4a5, offset=11
Test: DTLB, ffffffff987e2704
tag=7fcc3f1, index=0, offset=704
Test: L1, ffffffffa0e01699
tag=fa0e01, index=34, offset=19
Test: L2, ca172fec3dd80933
tag=61eec, index=49, offset=13
Test: DTLB, b51de17a371130b2
tag=3d1b889, index=0, offset=10b2
Test: L1, 7cd273333fb3cbee
tag=33fb3c, index=5f, offset=e
Test: L2, ffffffffa2335090
tag=7d119, index=a84, offset=10
Test: DTLB, 67ae9a2a7cc67a6b
tag=153e633, index=0, offset=1a6b
Test: L1, 3488e7ae3bfa7d0c
tag=e3bfa7, index=68, offset=c
Test: L2, ffffffffb3ac6c44
tag=7d9d6, index=362, offset=4
Test: DTLB, ffffffffd89e14cb
tag=7fec4f0, index=0, offset=14cb
Test: L1, 6a6cddf212f24856
tag=212f24, index=42, offset=16
Test: L2, 56c07bd12f284399
tag=9794, index=21c, offset=19
Test: DTLB, ac2a295275806e0c
tag=293ac03, index=0, offset=e0c
Test: L1, ffffffffad2a2de9
tag=fad2a2, index=6f, offset=9
Test: L2, ffffffff809e0cff
tag=7c04f, index=67, offset=1f
Test: DTLB, ffffffffbe3d8f6a
tag=7fdf1ec, index=0, offset=f6a
Test: L1, ba85163d0c43c363
tag=d0c43c, index=1b, offset=3
Test: L2, ffffffff96b829cb
tag=7cb5c, index=14e, offset=b
Test: DTLB, ffffffffe5922ba3
tag=7ff2c91, index=0, offset=ba3
Test: L1, ffffffffaae6b4da
tag=faae6b, index=26, offset=1a
Test: L2, ffffffff97d13380
tag=7cbe8, index=99c, offset=0
Test: DTLB, ffffffffdf17126a
tag=7fef8b8, index=0, offset=126a
Test: L1, 5ecc967207239d8c
tag=207239, index=6c, offset=c
Test: L2, c1d466836c4c8dc7
tag=1b626, index=46e, offset=7
Test: DTLB, ffffffffe0fd935c
tag=7ff07ec, index=0, offset=135c
Test: L1, ffffffffab52d56a
tag=fab52d, index=2b, offset=a
Test: L2, 815185563f7bffba
tag=31fbd, index=ffd, offset=1a
Test: DTLB, 6a4646774830a3f5
tag=3ba4185, index=0, offset=3f5
Test: L1, 5f97590956a80ef1
tag=956a80, index=77, offset=11
Test: L2, cb0264ad5c93d9ff
tag=6ae49, index=ecf, offset=1f
Test: DTLB, 95255d4153b1b549
tag=20a9d8d, index=0, offset=1549
Test: L1, a30b8b46253b86d9
tag=6253b8, index=36, offset=19
Test: L2, ffffffffee0a979c
tag=7f705, index=4bc, offset=1c
Test: DTLB, 2d751cd55481b5b4
tag=6aaa40d, index=0, offset=15b4
Test: L1, 9d9a81e94ae775e2
tag=94ae77, index=2f, offset=2
Test: L2, ffffffffeb4e7b64
tag=7f5a7, index=3db, offset=4
Test: DTLB, ffffffff94acf073
tag=7fca567, index=0, offset=1073
Test: L1, 89d2258911d5e774
tag=911d5e, index=3b, offset=14
Test: L2, ffffffff8907632f
tag=7c483, index=b19, offset=f
Test: DTLB, b5ae02541cda8d87
tag=2a0e6d4, index=0, offset=d87
Test: L1, ffffffffc87de6e4
tag=fc87de, index=37, offset=4
Test: L2, ffffffffdea07bfb
tag=7ef50, index=3df, offset=1b
Test: DTLB, ffffffff8fca7c64
tag=7fc7e53, index=0, offset=1c64
Test: L1, ffffffffef519dd6
tag=fef519, index=6e, offset=16
Test: L2, ffffffffc8f865ab
tag=7e47c, index=32d, offset=b
Test: DTLB, f5ad4c102f13b04a
tag=81789d, index=0, offset=104a
Test: L1, ffffffff997a156e
tag=f997a1, index=2b, offset=e
Test: L2, ffffffff80d0e534
tag=7c068, index=729, offset=14
Test: DTLB, a283eaa7566f3f68
tag=53ab379, index=0, offset=1f68
Test: L1, 4ac31f3f43066fed
tag=f43066, index=7f, offset=d
Test: L2, 74c17d334e6d01a9
tag=1a736, index=80d, offset=9
Test: DTLB, ffffffffefc73467
tag=7ff7e39, index=0, offset=1467
Test: L1, 41169a98776f179e
tag=8776f1, index=3c, offset=1e
Test: L2, ffffffffc4f20919
tag=7e279, index=48, offset=19
Test: DTLB, ffffffffd97babd3
tag=7fecbdd, index=0, offset=bd3
Test: L1, ffffffff88e43c5e
tag=f88e43, index=62, offset=1e
Test: L2, 53f907ba1c7acad4
tag=50e3d, index=656, offset=14
Test: DTLB, ffffffffa2ed130b
tag=7fd1768, index=0, offset=130b
Test: L1, 3fa81ffd1c409614
tag=d1c409, index=30, offset=14
Test: L2, ffffffff89b12dee
tag=7c4d8, index=96f, offset=e
Test: DTLB, 3952a2750e5d994
tag=13a872e, index=0, offset=1994
Test: L1, ffffffffde9ba506
tag=fde9ba, index=28, offset=6
Test: L2, ffffffff8d0acf77
tag=7c685, index=67b, offset=17
Test: DTLB, ffffffffc1bce18f
tag=7fe0de7, index=0, offset=18f
Test: L1, ffffffff9e3d1d16
tag=f9e3d1, index=68, offset=16
Test: L2, 2ef43a3a57954ca5
tag=52bca, index=a65, offset=5
Test: DTLB, ffffffff9352687b
tag=7fc9a93, index=0, offset=87b
Test: L1, 8aa821042b2eab5b
tag=42b2ea, index=5a, offset=1b
Test: L2, 74743cce548ac9e9
tag=72a45, index=64f, offset=9
Test: DTLB, ffffffffb8c5c9eb
tag=7fdc62e, index=0, offset=9eb
Test: L1, ffffffffd2a1acac
tag=fd2a1a, index=65, offset=c
Test: L2, ffffffff92d0023b
tag=7c968, index=11, offset=1b
Test: DTLB, ffffffffa330ae8c
tag=7fd1985, index=0, offset=e8c
Test: L1, ffffffff8a830809
tag=f8a830, index=40, offset=9
Test: L2, ffffffff9fba1623
tag=7cfdd, index=b1, offset=3
Test: DTLB, b74c9bfe232b1e26
tag=7f11958, index=0, offset=1e26
Test: L1, ffffffffcc0a3de5
tag=fcc0a3, index=6f, offset=5
Test: L2, ffffffff9c4a095c
tag=7ce25, index=4a, offset=1c
Test: DTLB, 737a1015718bdcb5
tag=ab8c5e, index=0, offset=1cb5
Test: L1, 5376d6a33635e177
tag=33635e, index=b, offset=17
Test: L2, 7fc744d0063f1bcb
tag=31f, index=8de, offset=b
Test: DTLB, ffffffffe85e7605
tag=7ff42f3, index=0, offset=1605
Test: L1, ffffffffc6d27071
tag=fc6d27, index=3, offset=11
Test: L2, ffffffffeea70365
tag=7f753, index=81b, offset=5
Test: DTLB, ad5fc351633e5dc2
tag=28b19f2, index=0, offset=1dc2
Test: L1, e74023730afb006e
tag=30afb0, index=3, offset=e
Test: L2, ffffffffd468ecf8
tag=7ea34, index=767, offset=18
Test: DTLB, ffffffff9ee0205c
tag=7fcf701, index=0, offset=5c
Test: L1, ffffffffae789b6b
tag=fae789, index=5b, offset=b
Test: L2, d4c2f47949ac0de4
tag=4a4d6, index=6f, offset=4
Test: DTLB, ffffffff8323454f
tag=7fc191a, index=0, offset=54f
Test: L1, 9687f67a22104e25
tag=a22104, index=71, offset=5
Test: L2, 918438a220c71df1
tag=11063, index=8ef, offset=11
Test: DTLB, ffffffffb1819bc9
tag=7fd8c0c, index=0, offset=1bc9
Test: L1, 9c6bdfd9486a110d
tag=9486a1, index=8, offset=d
Test: L2, f43fd31b77ad633b
tag=5bbd6, index=b19, offset=1b
Test: DTLB, 8bd21a6e256cced7
tag=3712b66, index=0, offset=ed7
Test: L1, ffffffff9a872cc2
tag=f9a872, index=66, offset=2
Test: L2, ffffffff91f85d5b
tag=7c8fc, index=2ea, offset=1b
Test: DTLB, ffffffffaffee3da
tag=7fd7ff7, index=0, offset=3da
Test: L1, a92e333a5beabb4b
tag=a5beab, index=5a, offset=b
Test: L2, ffffffff82446143
tag=7c122, index=30a, offset=3
Test: DTLB, 88cdf7037b91646d
tag=1bdc8b, index=0, offset=46d
Test: L1, f36ad40b05625043
tag=b05625, index=2, offset=3
Test: L2, 6e97f49a0e91275c
tag=50748, index=93a, offset=1c
Test: DTLB, ffffffffcd08bac2
tag=7fe6845, index=0, offset=1ac2
Test: L1, ffffffff8fc4c258
tag=f8fc4c, index=12, offset=18
Test: L2, fffffffff7b5a1af
tag=7fbda, index=d0d, offset=f
Test: DTLB, fffffffff7906ead
tag=7ffbc83, index=0, offset=ead
Test: L1, ffffffffe8e4dc84
tag=fe8e4d, index=64, offset=4
Test: L2, 88d39f2c156b8313
tag=60ab5, index=c18, offset=13
Test: DTLB, ffffffffd85ce07b
tag=7fec2e7, index=0, offset=7b
Test: L1, ffffffffb2a7ffce
tag=fb2a7f, index=7e, offset=e
Test: L2, 7f5b4453196c3095
tag=18cb6, index=184, offset=15
Test: DTLB, 5564e17761bba071
tag=3bb0ddd, index=0, offset=71
Test: L1, d0774cf346884015
tag=346884, index=0, offset=15
Test: L2, 5cd2a4d153ee32c5
tag=a9f7, index=196, offset=5
Test: DTLB, ffffffffdde6e9e2
tag=7feef37, index=0, offset=9e2
Test: L1, 1b44780124dafcc2
tag=124daf, index=66, offset=2
Test: L2, ffffffffa55f7b44
tag=7d2af, index=bda, offset=4
Test: DTLB, ef341f260f113b63
tag=1307889, index=0, offset=1b63
Test: L1, ffffffffad8cfad5
tag=fad8cf, index=56, offset=15
Test: L2, c00ffc1920ab702e
tag=49055, index=b81, offset=e
Test: DTLB, d609a17f40026a8c
tag=3fa0013, index=0, offset=a8c
Test: L1, ffffffff9b5d325c
tag=f9b5d3, index=12, offset=1c
Test: L2, 1bd069bd62a424b8
tag=6b152, index=125, offset=18
Test: DTLB, ffffffff9ca822b8
tag=7fce541, index=0, offset=2b8
Test: L1, ffffffffd4a6b31f
tag=fd4a6b, index=18, offset=1f
Test: L2, 7b2fedbb6d6eb1c6
tag=5b6b7, index=58e, offset=6
Test: DTLB, 7a30cbdd64e4f165
tag=6eb2727, index=0, offset=1165
Test: L1, ffffffffd567e059
tag=fd567e, index=2, offset=19
Test: L2, 2fcbf81617a744ce
tag=30bd3, index=a26, offset=e
Test: DTLB, 1e6d27a63508ecf5
tag=531a847, index=0, offset=cf5
Test: L1, afa646fd102325bb
tag=d10232, index=2d, offset=1b
Test: L2, 58cafaa117a4426c
tag=8bd2, index=213, offset=c
Test: DTLB, d8661f2e5a77a9d9
tag=172d3bd, index=0, offset=9d9
Test: L1, fffffffff146fa1a
tag=ff146f, index=50, offset=1a
Test: L2, ffffffffe6117b77
tag=7f308, index=bdb, offset=17
Test: DTLB, 51e8f3254c4ce47c
tag=12a6267, index=0, offset=47c
Test: L1, 12d5517311369d06
tag=311369, index=68, offset=6
Test: L2, bfc7edf10daa769d
tag=86d5, index=3b4, offset=1d
Test: DTLB, ffffffff914b97d0
tag=7fc8a5c, index=0, offset=17d0
Test: L1, fffffffffcef7498
tag=ffcef7, index=24, offset=18
Test: L2, ffffffffb453a9b3
tag=7da29, index=d4d, offset=13
Test: DTLB, ffffffffc57b076f
tag=7fe2bd8, index=0, offset=76f
Test: L1, ffffffffb6ff3d8c
tag=fb6ff3, index=6c, offset=c
Test: L2, ac0df9a669858dae
tag=334c2, index=c6d, offset=e
Test: DTLB, ffffffffb3a3626e
tag=7fd9d1b, index=0, offset=26e
Test: L1, aa540be552a0d5c9
tag=552a0d, index=2e, offset=9
Test: L2, 5f538aa22a6d7ddc
tag=11536, index=bee, offset=1c
Test: DTLB, ffffffff82d244fb
tag=7fc1692, index=0, offset=4fb
Test: L1, 554ee4777062ff27
tag=77062f, index=79, offset=7
Test: L2, a3a42c6409dee61e
tag=204ef, index=730, offset=1e
Test: DTLB, ca692fb951ecbf81
tag=5ca8f65, index=0, offset=1f81
Test: L1, fffffffff365fa50
tag=ff365f, index=52, offset=10
Test: L2, ffffffffb5635fee
tag=7dab1, index=aff, offset=e
Test: DTLB, ed0b85b406be5410
tag=5a035f2, index=0, offset=1410
Test: L1, ffffffff941c4bb2
tag=f941c4, index=5d, offset=12
Test: L2, 7399d92b5e55e280
tag=5af2a, index=f14, offset=0
Test: DTLB, ffffffffab0482c0
tag=7fd5824, index=0, offset=2c0
Test: L1, fffffffff3060aca
tag=ff3060, index=56, offset=a
Test: L2, a94e64e96f5c7314
tag=4b7ae, index=398, offset=14
Test: DTLB, 4d39fd765a2c4415
tag=3b2d162, index=0, offset=415
Test: L1, ffffffffc50bcc39
tag=fc50bc, index=61, offset=19
Test: L2, ffffffffd4ee36da
tag=7ea77, index=1b6, offset=1a
Test: DTLB, 206e4ba403c52ce6
tag=5201e29, index=0, offset=ce6
Test: L1, 35a6fbd341736ee3
tag=341736, index=77, offset=3
Test: L2, 965cbaeb716a69fa
tag=5b8b5, index=34f, offset=1a
Test: DTLB, 1f973161617741d1
tag=30b0bba, index=0, offset=1d1
Test: L1, ffffffff92767589
tag=f92767, index=2c, offset=9
Test: L2, 73059d8675b67e82
tag=33adb, index=3f4, offset=2
Test: DTLB, ffffffffd0878866
tag=7fe843c, index=0, offset=866
Test: L1, 6fe9564d42cae804
tag=d42cae, index=40, offset=4
Test: L2, ffffffffbee80452
tag=7df74, index=22, offset=12
Test: DTLB, ffffffffcbe32e2e
tag=7fe5f19, index=0, offset=e2e
Test: L1, a9e428f272e9db5e
tag=272e9d, index=5a, offset=1e
Test: L2, ffffffffb2635068
tag=7d931, index=a83, offset=8
Test: DTLB, ce0095e872c8adec
tag=7439645, index=0, offset=dec
Test: L1, aa8d74862c0c536a
tag=62c0c5, index=1b, offset=a
Test: L2, 1ef3bb4a168abc12
tag=50b45, index=5e0, offset=12
Test: DTLB, ffffffffa6e5921a
tag=7fd372c, index=0, offset=121a
Test: L1, 32ce1c833df81318
tag=33df81, index=18, offset=18
Test: L2, 7e7f936e441f1d9f
tag=7220f, index=8ec, offset=1f
Test: DTLB, 73643f54349c07de
tag=2a1a4e0, index=0, offset=7de
Test: L1, ffffffffb3988ad6
tag=fb3988, index=56, offset=16
Test: L2, ffffffff8d305fb9
tag=7c698, index=2fd, offset=19
Test: DTLB, 7399a18448103b3e
tag=4224081, index=0, offset=1b3e
Test: L1, c5afebdd75741a78
tag=d75741, index=53, offset=18
Test: L2, ffffffff8b13db80
tag=7c589, index=edc, offset=0
Test: DTLB, df5d993c0d90ab5a
tag=1e06c85, index=0, offset=b5a
Test: L1, fa1f08f2d02d9f6
tag=f2d02d, index=4f, offset=16
Test: L2, a75792ef2094c6ec
tag=7904a, index=637, offset=c
Test: DTLB, d4a7ff55597229d2
tag=2aacb91, index=0, offset=9d2
Test: L1, fffffffffb1767cb
tag=ffb176, index=3e, offset=b
Test: L2, e2f8e81132395b4a
tag=991c, index=ada, offset=a
Test: DTLB, fdfb8d4e2538d4b7
tag=27129c6, index=0, offset=14b7
Test: L1, c20a45ba14d73658
tag=a14d73, index=32, offset=18
Test: L2, ffffffffd036ba2b
tag=7e81b, index=5d1, offset=b
Test: DTLB, ffffffffd0551564
tag=7fe82a8, index=0, offset=1564
Test: L1, ffffffffe9774ccd
tag=fe9774, index=66, offset=d
Test: L2, ffffffffab2b1e35
tag=7d595, index=8f1, offset=15
Test: DTLB, 19479d2620e36976
tag=131071b, index=0, offset=976
Test: L1, dc0c3f5d73e222eb
tag=d73e22, index=17, offset=b
Test: L2, ffffffff8f361557
tag=7c79b, index=aa, offset=17
Test: DTLB, ffffffff81757fea
tag=7fc0bab, index=0, offset=1fea
Test: L1, ffffffffae8498c9
tag=fae849, index=46, offset=9
Test: L2, ffffffff983997ff
tag=7cc1c, index=cbf, offset=1f
Test: DTLB, ffffffff9aec838d
tag=7fcd764, index=0, offset=38d
Test: L1, 59555f602bf1014b
tag=2bf10, index=a, offset=b
Test: L2, ffffffff96a0d945
tag=7cb50, index=6ca, offset=5
Test: DTLB, 635b3e96d1905fb
tag=74b68c8, index=0, offset=5fb
Test: L1, 596250444f94ce82
tag=44f94c, index=74, offset=2
Test: L2, 8036704e555f914b
tag=72aaf, index=c8a, offset=b
Test: DTLB, e977e9e329988ee
tag=4f194cc, index=0, offset=8ee
Test: L1, 84f4745e714584a4
tag=e71458, index=25, offset=4
Test: L2, ab3ed2b130efbed0
tag=9877, index=df6, offset=10
Test: DTLB, 2fee8db4541bdab1
tag=5a2a0de, index=0, offset=1ab1
Test: L1, b04f091f7e6c8ffc
tag=f7e6c8, index=7f, offset=1c
Test: L2, dc3257cd45583b0e
tag=6a2ac, index=1d8, offset=e
Test: DTLB, aabf07104e400442
tag=827200, index=0, offset=442
Test: L1, ffffffffccbac87c
tag=fccbac, index=43, offset=1c
Test: L2, d9ddb0475bcbc3da
tag=3ade5, index=e1e, offset=1a
Test: DTLB, d5f28c5e6f258745
tag=2f3792c, index=0, offset=745
Test: L1, ffffffff8d86020f
tag=f8d860, index=10, offset=f
Test: L2, 7d9dbeae31d2365f
tag=718e9, index=1b2, offset=1f
Test: DTLB, ffffffffa8e6225b
tag=7fd4731, index=0, offset=25b
Test: L1, ffffffffe699f0eb
tag=fe699f, index=7, offset=b
Test: L2, c0b8979e21a2c9d0
tag=710d1, index=64e, offset=10
Test: DTLB, 58c38cc947ac3b9f
tag=64a3d61, index=0, offset=1b9f
Test: L1, ffffffffd3f9a818
tag=fd3f9a, index=40, offset=18
Test: L2, ffffffff8f1e2dbe
tag=7c78f, index=16d, offset=1e
Test: DTLB, 7b771c432c0e6e8a
tag=2196073, index=0, offset=e8a
Test: L1, ffffffffce5a2a70
tag=fce5a2, index=53, offset=10
Test: L2, a8c6cb846cdb6a01
tag=2366d, index=b50, offset=1
Test: DTLB, ffffffffe37ec060
tag=7ff1bf6, index=0, offset=60
Test: L1, 148628ec23ebf9fb
tag=c23ebf, index=4f, offset=1b
Test: L2, 89979bb92f927aee
tag=497c9, index=3d7, offset=e
Test: DTLB, 59419fd159aef544
tag=68acd77, index=0, offset=1544
Test: L1, f6ce0ca1690a207b
tag=1690a2, index=3, offset=1b
Test: L2, ffffffffa2f0be6a
tag=7d178, index=5f3, offset=a
Test: DTLB, 7463131c46c0bb3d
tag=e23605, index=0, offset=1b3d
Test: L1, ffffffffb2fdb5fe
tag=fb2fdb, index=2f, offset=1e
Test: L2, 81ed5d03a4072eb
tag=1d20, index=397, offset=b
Test: DTLB, b877df927d21dd56
tag=493e90e, index=0, offset=1d56
Test: L1, c45153ec618d1cd3
tag=c618d1, index=66, offset=13
Test: L2, b25f3c34327fc35
tag=1a193, index=fe1, offset=15
Test: DTLB, ffffffffdd3d4110
tag=7fee9ea, index=0, offset=110
Test: L1, ffffffffbffbba3c
tag=fbffbb, index=51, offset=1c
Test: L2, d4e0a13569b43565
tag=2b4da, index=1ab, offset=5
Test: DTLB, ffffffffb3a3c1f2
tag=7fd9d1e, index=0, offset=1f2
Test: L1, ffffffff92cb4c51
tag=f92cb4, index=62, offset=11
Test: L2, 34ba4b7a36177c54
tag=51b0b, index=be2, offset=14
Test: DTLB, cb30c2fe61a3fa91
tag=7f30d1f, index=0, offset=1a91
Test: L1, 1a9ee88d0a2c9f30
tag=d0a2c9, index=79, offset=10
Test: L2, fffffffffe9804e8
tag=7ff4c, index=27, offset=8
Test: DTLB, eeb8902616e62112
tag=130b731, index=0, offset=112
Test: L1, ffffffffd2f95abb
tag=fd2f95, index=55, offset=1b
Test: L2, cf1bca4b067ee501
tag=5833f, index=728, offset=1
Test: DTLB, 99be24891da65d5e
tag=448ed32, index=0, offset=1d5e
Test: L1, a9dcfb9f0271087f
tag=f02710, index=43, offset=1f
Test: L2, a3be8acd328e36a0
tag=69947, index=1b5, offset=0
Test: DTLB, ffffffffef94e05f
tag=7ff7ca7, index=0, offset=5f
Test: L1, ffffffff87cb3d85
tag=f87cb3, index=6c, offset=5
Test: L2, ee95626575ae938d
tag=2bad7, index=49c, offset=d
Test: DTLB, 7a431fc02a659ace
tag=601532c, index=0, offset=1ace
Test: L1, ffffffffb9616070
tag=fb9616, index=3, offset=10
Test: L2, ffffffffed7dcdff
tag=7f6be, index=e6f, offset=1f
Test: DTLB, ffffffff9901140e
tag=7fcc808, index=0, offset=140e
Test: L1, c763130b3452b059
tag=b3452b, index=2, offset=19
Test: L2, 6b19d595069fff30
tag=2834f, index=ff9, offset=10
Test: DTLB, ffffffff95b97c24
tag=7fcadcb, index=0, offset=1c24
Test: L1, ffffffffc2202f4b
tag=fc2202, index=7a, offset=b
Test: L2, fffffffffc73c0e3
tag=7fe39, index=e07, offset=3
Test: DTLB, ad7effdc61c0590d
tag=6e30e02, index=0, offset=190d
Test: L1, ffffffffda0130fa
tag=fda013, index=7, offset=1a
Test: L2, af5ca8a168cbf289
tag=b465, index=f94, offset=9
Test: DTLB, ffffffff82a2cce9
tag=7fc1516, index=0, offset=ce9
Test: L1, ffffffffc68554b5
tag=fc6855, index=25, offset=15
Test: L2, ffffffffc9b6707d
tag=7e4db, index=383, offset=1d
Test: DTLB, ffffffffb252372c
tag=7fd9291, index=0, offset=172c
Test: L1, 264e17e8563038ea
tag=856303, index=47, offset=a
Test: L2, fffffffffc18f53e
tag=7fe0c, index=7a9, offset=1e
Test: DTLB, 1db6767b44f3ccce
tag=3da279e, index=0, offset=cce
Test: L1, fcd94b8242428f36
tag=242428, index=79, offset=16
Test: L2, d2d5f62a2fd7f976
tag=517eb, index=fcb, offset=16
Test: DTLB, ffffffffeb31cbb6
tag=7ff598e, index=0, offset=bb6
Test: L1, fffffffff1533b54
tag=ff1533, index=5a, offset=14
Test: L2, ad16a0b81a73757a
tag=40d39, index=bab, offset=1a
Test: DTLB, ffffffffa8a328b0
tag=7fd4519, index=0, offset=8b0
Test: L1, ce58597153ce8a0e
tag=153ce8, index=50, offset=e
Test: L2, ffffffffe6decee6
tag=7f36f, index=677, offset=6
Test: DTLB, f2b94d2f35f75714
tag=179afba, index=0, offset=1714
Test: L1, ffffffffe1455edf
tag=fe1455, index=76, offset=1f
Test: L2, 19843b5500d34737
tag=28069, index=a39, offset=17
Test: DTLB, c0b670820aae174d
tag=4105570, index=0, offset=174d
Test: L1, 9fcfe9f419e58cdd
tag=419e58, index=66, offset=1d
Test: L2, ffffffff8041e38f
tag=7c020, index=f1c, offset=f
Test: DTLB, ffffffffec1c3dc9
tag=7ff60e1, index=0, offset=1dc9
Test: L1, 22a200830598dae8
tag=30598d, index=57, offset=8
Test: L2, ffffffff8e1feb75
tag=7c70f, index=f5b, offset=15
Test: DTLB, fffffffffd029014
tag=7ffe814, index=0, offset=1014
Test: L1, ffffffffeb15784b
tag=feb157, index=42, offset=b
Test: L2, ffffffff8601df0a
tag=7c300, index=ef8, offset=a
Test: DTLB, fbe14ae04f03a888
tag=702781d, index=0, offset=888
Test: L1, ffffffff870b0a39
tag=f870b0, index=51, offset=19
Test: L2, ffffffffdeb6c7b8
tag=7ef5b, index=63d, offset=18
Test: DTLB, 96ce0c360b37d2f
tag=61b059b, index=0, offset=1d2f
Test: L1, ffffffffb315bb35
tag=fb315b, index=59, offset=15
Test: L2, ffffffffb2e148c0
tag=7d970, index=a46, offset=0
Test: DTLB, 56e2ecc32f56b20c
tag=6197ab5, index=0, offset=120c
Test: L1, e22df558377fb136
tag=8377fb, index=9, offset=16
Test: L2, ffffffffa845fb1b
tag=7d422, index=fd8, offset=1b
Test: DTLB, fffffffff74aed48
tag=7ffba57, index=0, offset=d48
Test: L1, 73d6f65f1f0d9415
tag=f1f0d9, index=20, offset=15
Test: L2, fffffffff1093cf2
tag=7f884, index=9e7, offset=12
Test: DTLB, ffffffffacac308d
tag=7fd6561, index=0, offset=108d
Test: L1, b9a970a64547c349
tag=64547c, index=1a, offset=9
Test: L2, 674544fc5547977e
tag=62aa3, index=cbb, offset=1e
Test: DTLB, ef81f5e97df5ee7e
tag=74befaf, index=0, offset=e7e
Test: L1, 37aaf3af3dee77d7
tag=f3dee7, index=3e, offset=17
Test: L2, b753c6645aecf3b4
tag=22d76, index=79d, offset=14
Test: DTLB, ffffffff9a2fa28a
tag=7fcd17d, index=0, offset=28a
Test: L1, e47de195660f98ce
tag=5660f9, index=46, offset=e
Test: L2, e00340c5736eab36
tag=2b9b7, index=559, offset=16
Test: DTLB, ffffffffe510f435
tag=7ff2887, index=0, offset=1435
Test: L1, ffffffffcba38d98
tag=fcba38, index=6c, offset=18
Test: L2, ffffffffa7fc40a4
tag=7d3fe, index=205, offset=4
Test: DTLB, ffffffffe02bb620
tag=7ff015d, index=0, offset=1620
Test: L1, ffffffffed5ea79b
tag=fed5ea, index=3c, offset=1b
Test: L2, c3eba44e4a614fb6
tag=72530, index=a7d, offset=16
Test: DTLB, 178fd5537dfb5866
tag=29befda, index=0, offset=1866
Test: L1, ffffffff8aa5d5e9
tag=f8aa5d, index=2f, offset=9
Test: L2, ffffffff8c32b2a6
tag=7c619, index=595, offset=6
Test: DTLB, ffffffffe1380dc5
tag=7ff09c0, index=0, offset=dc5
Test: L1, 9dbd5fc4298035f1
tag=429803, index=2f, offset=11
Test: L2, 4d794f110d530a23
tag=86a9, index=851, offset=3
Test: DTLB, 84694f4c51af99bf
tag=2628d7c, index=0, offset=19bf
Test: L1, 3b5cf87f195537a0
tag=f19553, index=3d, offset=0
Test: L2, 47a0d15e4324175c
tag=72192, index=ba, offset=1c
Test: DTLB, ffffffffb2725b6e
tag=7fd9392, index=0, offset=1b6e
Test: L1, 80af8d2e4927dcba
tag=e4927d, index=65, offset=1a
Test: L2, fffffffff2c830b1
tag=7f964, index=185, offset=11
Test: DTLB, ffffffff99600f84
tag=7fccb00, index=0, offset=f84
Test: L1, 253e6bd3014e048f
tag=3014e0, index=24, offset=f
Test: L2, ffffffffe7776fb9
tag=7f3bb, index=b7d, offset=19
Test: DTLB, caeaf7eb1a4ab79d
tag=758d255, index=0, offset=179d
Test: L1, ffffffffe13ea417
tag=fe13ea, index=20, offset=17
Test: L2, 8b41874878ff41ca
tag=43c7f, index=a0e, offset=a
Test: DTLB, 3e9e7a2801f9cdf0
tag=1400fce, index=0, offset=df0
Test: L1, d6a8072d35e7c914
tag=d35e7c, index=48, offset=14
Test: L2, 7faa2a6f6323cc79
tag=7b191, index=e63, offset=19
Test: DTLB, 1d9c2c921d8e7dda
tag=490ec73, index=0, offset=1dda
Test: L1, ffffffffd7ed1755
tag=fd7ed1, index=3a, offset=15
Test: L2, ffffffffbde9536d
tag=7def4, index=a9b, offset=d
Test: DTLB, 5579eab80dbd31e6
tag=5c06de9, index=0, offset=11e6
Test: L1, ffffffffb5d1db69
tag=fb5d1d, index=5b, offset=9
Test: L2, ffffffffe27356e7
tag=7f139, index=ab7, offset=7
Test: DTLB, 9f4d47a570531d30
tag=52b8298, index=0, offset=1d30
Test: L1, 992fa91868c86ec2
tag=868c86, index=76, offset=2
Test: L2, 1fa7d9711346f1a2
tag=89a3, index=78d, offset=2
Test: DTLB, ffffffff8a6a7171
tag=7fc5353, index=0, offset=1171
Test: L1, 147005a9174475b0
tag=917447, index=2d, offset=10
Test: L2, d536e4746dd63cde
tag=236eb, index=1e6, offset=1e
Test: DTLB, ffffffffb83fee2e
tag=7fdc1ff, index=0, offset=e2e
Test: L1, ffffffffe368cbe4
tag=fe368c, index=5f, offset=4
Test: L2, bfda96c619b9228e
tag=30cdc, index=914, offset=e
Test: DTLB, ffffffffca0fbf42
tag=7fe507d, index=0, offset=1f42
Test: L1, ffffffff8ad1e032
tag=f8ad1e, index=1, offset=12
Test: L2, ffffffff994981fe
tag=7cca4, index=c0f, offset=1e
Test: DTLB, ffffffff8cc8be54
tag=7fc6645, index=0, offset=1e54
Test: L1, ffffffffcbc2031d
tag=fcbc20, index=18, offset=1d
Test: L2, 14a6224c205125c7
tag=61028, index=92e, offset=7
Test: DTLB, 462c3f1f41147958
tag=fa08a3, index=0, offset=1958
Test: L1, ffffffffe774c599
tag=fe774c, index=2c, offset=19
Test: L2, 54f7802b7d17b221
tag=5be8b, index=d91, offset=1
Test: DTLB, 2bbe53af7b9f8c7e
tag=57bdcfc, index=0, offset=c7e
Test: L1, ffffffffcc474bb9
tag=fcc474, index=5d, offset=19
Test: L2, e18a3f4e41cf1c19
tag=720e7, index=8e0, offset=19
Test: DTLB, ffffffffcaed9050
tag=7fe576c, index=0, offset=1050
Test: L1, ffffffffa89d37a8
tag=fa89d3, index=3d, offset=8
Test: L2, 1789b7f63ac246e9
tag=31d61, index=237, offset=9
Test: DTLB, ffffffffc74e112c
tag=7fe3a70, index=0, offset=112c
Test: L1, 907883893575ee44
tag=93575e, index=72, offset=4
Test: L2, ffffffffe6257977
tag=7f312, index=bcb, offset=17
Test: DTLB, ffffffffc6a129dd
tag=7fe3509, index=0, offset=9dd
Test: L1, 765abf3e58b66c81
tag=e58b66, index=64, offset=1
Test: L2, ffffffff995c4bd2
tag=7ccae, index=25e, offset=12
Test: DTLB, ffffffffcb3311d8
tag=7fe5998, index=0, offset=11d8
Test: L1, ffffffffd890c452
tag=fd890c, index=22, offset=12
Test: L2, ffffffff8ca523cd
tag=7c652, index=91e, offset=d
Test: DTLB, ec16aa76242ca6bd
tag=3b12165, index=0, offset=6bd
Test: L1, ffffffff8c889b29
tag=f8c889, index=59, offset=9
Test: L2, fffffffffd294f27
tag=7fe94, index=a79, offset=7
Test: DTLB, 80c2e200785bfb58
tag=3c2df, index=0, offset=1b58
Test: L1, 3ac90acb5e6b9d5c
tag=b5e6b9, index=6a, offset=1c
Test: L2, 39ab5d4217ee65d4
tag=10bf7, index=32e, offset=14
Test: DTLB, ffffffffd812256e
tag=7fec091, index=0, offset=56e
Test: L1, ffffffffdf79143c
tag=fdf791, index=21, offset=1c
Test: L2, ffffffffa306e97d
tag=7d183, index=74b, offset=1d
Test: DTLB, ffffffff8d6f0146
tag=7fc6b78, index=0, offset=146
Test: L1, c76ee2aa61171648
tag=a61171, index=32, offset=8
Test: L2, ffffffffc99eefdf
tag=7e4cf, index=77e, offset=1f
Test: DTLB, 893e6433176f14e3
tag=198bb78, index=0, offset=14e3
Test: L1, 21b28e6b003dbd7a
tag=b003db, index=6b, offset=1a
Test: L2, 95e607d77491ee29
tag=3ba48, index=f71, offset=9
Test: DTLB, c692e229709cc8e4
tag=14b84e6, index=0, offset=8e4
Test: L1, ffffffffee5c2b63
tag=fee5c2, index=5b, offset=3
Test: L2, ffffffffefe2b1a2
tag=7f7f1, index=58d, offset=2
Test: DTLB, 61be28642ebc276c
tag=32175e1, index=0, offset=76c
Test: L1, 397c0ddd45f39294
tag=d45f39, index=14, offset=14
Test: L2, fffffffffc9f5461
tag=7fe4f, index=aa3, offset=1
Test: DTLB, 7c9ba57262cce7e8
tag=3931667, index=0, offset=7e8
Test: L1, 1d39bab70f71a4ad
tag=70f71a, index=25, offset=d
Test: L2, ffffffffcd865adf
tag=7e6c3, index=2d6, offset=1f
Test: DTLB, 2edfbb412ea8ceb8
tag=2097546, index=0, offset=eb8
Test: L1, ffffffff81faa334
tag=f81faa, index=19, offset=14
Test: L2, ffffffffa6c95a42
tag=7d364, index=ad2, offset=2
Test: DTLB, ffffffff84aa256e
tag=7fc2551, index=0, offset=56e
Test: L1, ffffffffb6616773
tag=fb6616, index=3b, offset=13
Test: L2, fbb179535b001594
tag=1ad80, index=ac, offset=14
Test: DTLB, 6b491b9f5d553ba4
tag=4faeaa9, index=0, offset=1ba4
Test: L1, ffffffffb4088fd3
tag=fb4088, index=7e, offset=13
Test: L2, ffffffffa50236e3
tag=7d281, index=1b7, offset=3
Test: DTLB, ffffffffc923da63
tag=7fe491e, index=0, offset=1a63
Test: L1, c705eba90043d77a
tag=90043d, index=3b, offset=1a
Test: L2, fffffffff9597530
tag=7fcac, index=ba9, offset=10
Test: DTLB, ffffffffb772ccbf
tag=7fdbb96, index=0, offset=cbf
Test: L1, 936589f04673418a
tag=46734, index=c, offset=a
Test: L2, fffffffff13b78ed
tag=7f89d, index=bc7, offset=d
Test: DTLB, 8f98a6b912480eb9
tag=5c89240, index=0, offset=eb9
Test: L1, c15e14f67cd176ce
tag=67cd17, index=36, offset=e
Test: L2, a83b405369ffe42
tag=29b4f, index=ff2, offset=2
Test: DTLB, ffffffff9661ad7d
tag=7fcb30d, index=0, offset=d7d
Test: L1, 229b078676e6ad9
tag=8676e6, index=56, offset=19
Test: L2, 7e6f37831b45c08d
tag=18da2, index=e04, offset=d
Test: DTLB, 55798ab3b43d7cb
tag=559da1e, index=0, offset=17cb
Test: L1, 9769835d7926f51b
tag=d7926f, index=28, offset=1b
Test: L2, ffffffffabc8062c
tag=7d5e4, index=31, offset=c
Test: DTLB, 9be65c3735992b3d
tag=1b9acc9, index=0, offset=b3d
Test: L1, f761698847850b35
tag=847850, index=59, offset=15
Test: L2, 2027e395683733a8
tag=2b41b, index=99d, offset=8
Test: DTLB, ffffffffa08aaa26
tag=7fd0455, index=0, offset=a26
Test: L1, ffffffffafdb2770
tag=fafdb2, index=3b, offset=10
Test: L2, ffffffff857c9e2e
tag=7c2be, index=4f1, offset=e
Test: DTLB, ffffffffdd75e51b
tag=7feebaf, index=0, offset=51b
Test: L1, ffffffffae814220
tag=fae814, index=11, offset=0
Test: L2, 47c02f6e1f345e50
tag=70f9a, index=2f2, offset=10
Test: DTLB, ffffffffaf8afa4a
tag=7fd7c57, index=0, offset=1a4a
Test: L1, 21bc4ee125ae26d7
tag=125ae2, index=36, offset=17
Test: L2, cfce9cd13cc7ddfc
tag=9e63, index=eef, offset=1c
Test: DTLB, ffffffff8303ee17
tag=7fc181f, index=0, offset=e17
Test: L1, ffffffff8f8a9f8d
tag=f8f8a9, index=7c, offset=d
Test: L2, ffffffffef487ffa
tag=7f7a4, index=3ff, offset=1a
Test: DTLB, ffffffffbe4309e7
tag=7fdf218, index=0, offset=9e7
Test: L1, 98c9a8490a68a160
tag=90a68a, index=b, offset=0
Test: L2, d7c3c84f7aa2a436
tag=7bd51, index=521, offset=16
Test: DTLB, bda705b64c2c43d7
tag=5b26162, index=0, offset=3d7
Test: L1, 6d9d70db7ac3513e
tag=b7ac35, index=9, offset=1e
Test: L2, ffffffff83bf1635
tag=7c1df, index=8b1, offset=15
Test: DTLB, ffffffff9adbb0fd
tag=7fcd6dd, index=0, offset=10fd
Test: L1, ffffffffefc77253
tag=fefc77, index=12, offset=13
Test: L2, 3761ebf63d278596
tag=31e93, index=c2c, offset=16
Test: DTLB, ffffffff807b26ba
tag=7fc03d9, index=0, offset=6ba
Test: L1, ffffffff962410c2
tag=f96241, index=6, offset=2
Test: L2, 6902c52d6732aef9
tag=6b399, index=577, offset=19
Test: DTLB, ffffffffd97b722e
tag=7fecbdb, index=0, offset=122e
Test: L1, ffffffffdbf7db67
tag=fdbf7d, index=5b, offset=7
Test: L2, 9fda31344a589e6e
tag=2252c, index=4f3, offset=e
Test: DTLB, ffffffffb0e7194f
tag=7fd8738, index=0, offset=194f
Test: L1, ffffffffdb6f57e4
tag=fdb6f5, index=3f, offset=4
Test: L2, 982a688734270116
tag=39a13, index=808, offset=16
Test: DTLB, ffffffffa0d737c2
tag=7fd06b9, index=0, offset=17c2
Test: L1, ffffffffe4896c71
tag=fe4896, index=63, offset=11
Test: L2, fffffffff522f2a4
tag=7fa91, index=795, offset=4
Test: DTLB, ffffffffc27d8210
tag=7fe13ec, index=0, offset=210
Test: L1, ffffffff9290b9ee
tag=f9290b, index=4f, offset=e
Test: L2, ffffffff977c31d6
tag=7cbbe, index=18e, offset=16
Test: DTLB, b3cbd2d2381ccc2b
tag=691c0e6, index=0, offset=c2b
Test: L1, 15d0eda4625949b6
tag=462594, index=4d, offset=16
Test: L2, ffffffff9a553a49
tag=7cd2a, index=9d2, offset=9
Test: DTLB, ffffffffed135776
tag=7ff689a, index=0, offset=1776
Test: L1, 822814cc73653e94
tag=c73653, index=74, offset=14
Test: L2, ffffffffd9a24ad5
tag=7ecd1, index=256, offset=15
Test: DTLB, b566403842ae3d93
tag=1c21571, index=0, offset=1d93
Test: L1, 3f03308f782c15ac
tag=f782c1, index=2d, offset=c
Test: L2, ffffffffc0f231bb
tag=7e079, index=18d, offset=1b
Test: DTLB, caf03fac5cc048a5
tag=562e602, index=0, offset=8a5
Test: L1, ffffffffe5aeff40
tag=fe5aef, index=7a, offset=0
Test: L2, ffffffffa88495ec
tag=7d442, index=4af, offset=c
Test: DTLB, 7993eabc72d73af6
tag=5e396b9, index=0, offset=1af6
Test: L1, 7d6c376e1d88d603
tag=e1d88d, index=30, offset=3
Test: L2, ffffffffd2dbd112
tag=7e96d, index=e88, offset=12
Test: DTLB, ffffffff8236552c
tag=7fc11b2, index=0, offset=152c
Test: L1, ffffffffeebabc1e
tag=feebab, index=60, offset=1e
Test: L2, 961603497924a8a1
tag=4bc92, index=545, offset=1
Test: DTLB, ffffffff822e04bc
tag=7fc1170, index=0, offset=4bc
Test: L1, fffffffff45f2b40
tag=ff45f2, index=5a, offset=0
Test: L2, ec06e870474f8e09
tag=23a7, index=c70, offset=9
Test: DTLB, ffffffff92c1f50b
tag=7fc960f, index=0, offset=150b
Test: L1, c0b846a158fe5118
tag=158fe5, index=8, offset=18
Test: L2, 9c7792d73725e6a2
tag=39b92, index=f35, offset=2
Test: DTLB, 4450f7e013621cdc
tag=7009b10, index=0, offset=1cdc
Test: L1, b2f3abd64c5ec282
tag=64c5ec, index=14, offset=2
Test: L2, ffffffffb3dcb259
tag=7d9ee, index=592, offset=19
Test: DTLB, dfe5277134c3bb02
tag=389a61d, index=0, offset=1b02
Test: L1, 4f512bc804cb51e2
tag=804cb5, index=f, offset=2
Test: L2, ffffffff89fd36f1
tag=7c4fe, index=9b7, offset=11
Test: DTLB, 489cad3750da8a87
tag=1ba86d4, index=0, offset=a87
Test: L1, 9efea5375ff3781c
tag=75ff37, index=40, offset=1c
Test: L2, c3be35c42b0ec1df
tag=21587, index=60e, offset=1f
Test: DTLB, 295d506b60262d47
tag=35b0131, index=0, offset=d47
Test: L1, 8dea32d456fae18f
tag=456fae, index=c, offset=f
Test: L2, ffffffff93837056
tag=7c9c1, index=b82, offset=16
Test: DTLB, 87454a2a685e5e60
tag=15342f2, index=0, offset=1e60
Test: L1, 31054ce267c8c62
tag=e267c8, index=63, offset=2
Test: L2, ffffffffd346e2f3
tag=7e9a3, index=717, offset=13
Test: DTLB, 6f2eee4d34b785c2
tag=269a5bc, index=0, offset=5c2
Test: L1, ffffffffb058e403
tag=fb058e, index=20, offset=3
Test: L2, ce243762361a0d87
tag=11b0d, index=6c, offset=7
Test: DTLB, 9945742c0daa9a43
tag=1606d54, index=0, offset=1a43
Test: L1, ffffffffe9bdb6bd
tag=fe9bdb, index=35, offset=1d
Test: L2, db7c714545184564
tag=2a28c, index=22b, offset=4
Test: DTLB, 93d0a83b734ca829
tag=1db9a65, index=0, offset=829
Test: L1, ffffffffebef8d48
tag=febef8, index=6a, offset=8
Test: L2, ffffffffa38269a1
tag=7d1c1, index=34d, offset=1
Test: DTLB, ffffffffb71bd101
tag=7fdb8de, index=0, offset=1101
Test: L1, ffffffffe2bcd587
tag=fe2bcd, index=2c, offset=7
Test: L2, fffffffff7bef1e2
tag=7fbdf, index=78f, offset=2
Test: DTLB, ffffffffb00049fe
tag=7fd8002, index=0, offset=9fe
Test: L1, 66dc07e262089951
tag=262089, index=4a, offset=11
Test: L2, fffffffffd10e2ab
tag=7fe88, index=715, offset=b
Test: DTLB, ffffffffca30c3f4
tag=7fe5186, index=0, offset=3f4
Test: L1, ef5babcd7d8fd28d
tag=d7d8fd, index=14, offset=d
Test: L2, ffffffff9b9484c7
tag=7cdca, index=426, offset=7
Test: DTLB, fffffffff5e1f368
tag=7ffaf0f, index=0, offset=1368
Test: L1, d6e2e8ef52cf2247
tag=f52cf2, index=12, offset=7
Test: L2, ffffffffbc681f25
tag=7de34, index=f9, offset=5
Test: DTLB, 6b2685b65c3a0158
tag=5b2e1d0, index=0, offset=158
Test: L1, ffffffffa2351c5f
tag=fa2351, index=62, offset=1f
Test: L2, ffffffffd28738f4
tag=7e943, index=9c7, offset=14
Test: DTLB, b3d35f341ac50014
tag=1a0d628, index=0, offset=14
Test: L1, 87b267815f18fe07
tag=15f18f, index=70, offset=7
Test: L2, 584a40c92bd19437
tag=495e8, index=ca1, offset=17
Test: DTLB, cdaa487878fbd588
tag=3c3c7de, index=0, offset=1588
Test: L1, 513e98b4f88350e
tag=b4f883, index=28, offset=e
Test: L2, ffffffffd4d89b2c
tag=7ea6c, index=4d9, offset=c
Test: DTLB, 26f3c45b539c61bc
tag=2da9ce3, index=0, offset=1bc
Test: L1, ffffffffb8d62c8e
tag=fb8d62, index=64, offset=e
Test: L2, 464f41625bec6a3e
tag=12df6, index=351, offset=1e
Test: DTLB, fe3fbbde6d9dab1f
tag=6f36ced, index=0, offset=b1f
Test: L1, ffffffffe35b5ab7
tag=fe35b5, index=55, offset=17
Test: L2, ac7ba4b63a69aa7a
tag=31d34, index=d53, offset=1a
Test: DTLB, fff6c94d55f2443f
tag=26aaf92, index=0, offset=43f
Test: L1, de9cb18611f866a8
tag=611f86, index=35, offset=8
Test: L2, 8e56baf87252c45e
tag=43929, index=622, offset=1e
Test: DTLB, 508a86a5b9a8fea
tag=352dcd4, index=0, offset=fea
Test: L1, 8d3c67e966e45034
tag=966e45, index=1, offset=14
Test: L2, 7822015252a1e888
tag=12950, index=f44, offset=8
Test: DTLB, c32221ae74354639
tag=573a1aa, index=0, offset=639
Test: L1, ffffffff887a7c7f
tag=f887a7, index=63, offset=1f
Test: L2, 9bdf13632b5db80c
tag=195ae, index=dc0, offset=c
Test: DTLB, 99e6dcf573ea5fdb
tag=7ab9f52, index=0, offset=1fdb
Test: L1, ffffffff8b467196
tag=f8b467, index=c, offset=16
Test: L2, ffffffffb07ed51f
tag=7d83f, index=6a8, offset=1f
Test: DTLB, ffffffffb990c975
tag=7fdcc86, index=0, offset=975
Test: L1, ffffffffa18d781c
tag=fa18d7, index=40, offset=1c
Test: L2, 280a859a0394ff07
tag=501ca, index=7f8, offset=7
Test: DTLB, 3e98ef6948352f2e
tag=34a41a9, index=0, offset=f2e
Test: L1, a038e3e46e93f595
tag=46e93f, index=2c, offset=15
Test: L2, 197a5f310eee69d1
tag=8777, index=34e, offset=11
Test: DTLB, ffffffffbb87f1a1
tag=7fddc3f, index=0, offset=11a1
Test: L1, ffffffff9d164362
tag=f9d164, index=1b, offset=2
Test: L2, ffffffffa0963e52
tag=7d04b, index=1f2, offset=12
Test: DTLB, 7b29b1293a09763e
tag=149d04b, index=0, offset=163e
Test: L1, 9eaf604fb263eb
tag=4fb26, index=1f, offset=b
Test: L2, 7b4d9f231e2997f9
tag=18f14, index=cbf, offset=19
Test: DTLB, d20ebe47275a964b
tag=2393ad4, index=0, offset=164b
Test: L1, ffffffffc1182db9
tag=fc1182, index=6d, offset=19
Test: L2, fffffffffe423779
tag=7ff21, index=1bb, offset=19
Test: DTLB, f3a63be36fa22622
tag=71b7d11, index=0, offset=622
Test: L1, ffffffff8ffabc7b
tag=f8ffab, index=63, offset=1b
Test: L2, 6e42f5787d5132e8
tag=43ea8, index=997, offset=8
Test: DTLB, 83673186658a9b8e
tag=4332c54, index=0, offset=1b8e
Test: L1, ffffffff8265e38b
tag=f8265e, index=1c, offset=b
Test: L2, ffffffffb9b01300
tag=7dcd8, index=98, offset=0
Test: DTLB, fffffffff729378c
tag=7ffb949, index=0, offset=178c
Test: L1, fffffffffaa67004
tag=ffaa67, index=0, offset=4
Test: L2, ced3ddca7842bb64
tag=53c21, index=5db, offset=4
Test: DTLB, ffffffff924baa5b
tag=7fc925d, index=0, offset=a5b
Test: L1, dac5e3cf111f9f85
tag=f111f9, index=7c, offset=5
Test: L2, b08e81fa35cfb47d
tag=51ae7, index=da3, offset=1d
Test: DTLB, bfc541822e80827b
tag=4117404, index=0, offset=27b
Test: L1, b419164b0892fcb0
tag=b0892f, index=65, offset=10
Test: L2, ffffffffad4a970e
tag=7d6a5, index=4b8, offset=e
Test: DTLB, 875e3a9d51354b27
tag=4ea89aa, index=0, offset=b27
Test: L1, 13f574d12226fc67
tag=12226f, index=63, offset=7
Test: L2, e1f479dd50a5f230
tag=6a852, index=f91, offset=10
Test: DTLB, 3e90419160b6a150
tag=48b05b5, index=0, offset=150
Test: L1, bd5b776929d732cd
tag=929d73, index=16, offset=d
Test: L2, ffffffff861dd110
tag=7c30e, index=e88, offset=10
Test: DTLB, ffffffffc6d1e7d0
tag=7fe368f, index=0, offset=7d0
Test: L1, dfdc496017610ee5
tag=17610, index=77, offset=5
Test: L2, ffffffffb19104d4
tag=7d8c8, index=826, offset=14
Test: DTLB, ffffffff8c8740c2
tag=7fc643a, index=0, offset=c2
Test: L1, ffffffffdb6f7468
tag=fdb6f7, index=23, offset=8
Test: L2, cfeba79c739cdeff
tag=639ce, index=6f7, offset=1f
Test: DTLB, ffffffffa0cf4f82
tag=7fd067a, index=0, offset=f82
Test: L1, ffffffff97e723bd
tag=f97e72, index=1d, offset=1d
Test: L2, 65fab45f6d250d08
tag=7b692, index=868, offset=8
Test: DTLB, ffffffffe4398f72
tag=7ff21cc, index=0, offset=f72
Test: L1, ffffffffb5f2dbf8
tag=fb5f2d, index=5f, offset=18
Test: L2, 6782a0e2036f4518
tag=101b7, index=a28, offset=18
Test: DTLB, 37a41c8476994b10
tag=423b4ca, index=0, offset=b10
Test: L1, ffffffffe41af566
tag=fe41af, index=2b, offset=6
Test: L2, 43969f9101654201
tag=80b2, index=a10, offset=1
Test: DTLB, 872cc63255299734
tag=192a94c, index=0, offset=1734
Test: L1, 396dd175212809bb
tag=521280, index=4d, offset=1b
Test: L2, ffffffff812e5af9
tag=7c097, index=2d7, offset=19
Test: DTLB, ffffffffe01a017f
tag=7ff00d0, index=0, offset=17f
Test: L1, ffffffffdee41a70
tag=fdee41, index=53, offset=10
Test: L2, ffffffff9faa402c
tag=7cfd5, index=201, offset=c
Test: DTLB, 1408f6176d9aab57
tag=bb6cd5, index=0, offset=b57
Test: L1, ffffffff89c71a99
tag=f89c71, index=54, offset=19
Test: L2, ffffffff9e111335
tag=7cf08, index=899, offset=15
Test: DTLB, ffffffffb7288e60
tag=7fdb944, index=0, offset=e60
Test: L1, 409b14cc473f61fb
tag=c473f6, index=f, offset=1b
Test: L2, ffffffffe94fc5e9
tag=7f4a7, index=e2f, offset=9
Test: DTLB, 1f088d0213aba098
tag=109d5d, index=0, offset=98
Test: L1, d6179a041d2cd78b
tag=41d2cd, index=3c, offset=b
Test: L2, 25ea4432747206fe
tag=13a39, index=37, offset=1e
Test: DTLB, ffffffffff684ada
tag=7fffb42, index=0, offset=ada
Test: L1, cd08b32b4c3f8656
tag=b4c3f8, index=32, offset=16
Test: L2, 2d693d1b2f406fa8
tag=597a0, index=37d, offset=8
Test: DTLB, dfa5d01939d7290d
tag=c9ceb9, index=0, offset=90d
Test: L1, fffffffffe4e90eb
tag=ffe4e9, index=7, offset=b
Test: L2, ffffffffc05d9b58
tag=7e02e, index=cda, offset=18
Test: DTLB, fffffffff4597be9
tag=7ffa2cb, index=0, offset=1be9
Test: L1, 2540a68a42e681be
tag=a42e68, index=d, offset=1e
Test: L2, e28dbf22764b22cb
tag=13b25, index=916, offset=b
Test: DTLB, 8a9a33e62006cdfc
tag=7310036, index=0, offset=dfc
Test: L1, fffffffff4dedd6a
tag=ff4ded, index=6b, offset=a
Test: L2, ffffffffd3e49563
tag=7e9f2, index=4ab, offset=3
Test: DTLB, ffffffffd6350c58
tag=7feb1a8, index=0, offset=c58
Test: L1, 961edbcb4f21d5e2
tag=b4f21d, index=2f, offset=2
Test: L2, ffffffffcd0d97e1
tag=7e686, index=cbf, offset=1
Test: DTLB, fa747a1203794d03
tag=901bca, index=0, offset=d03
Test: L1, b2f7e2c37b4fe469
tag=37b4fe, index=23, offset=9
Test: L2, ffffffff9a776e2b
tag=7cd3b, index=b71, offset=b
Test: DTLB, 91fdb7db58d07d83
tag=6dac683, index=0, offset=1d83
Test: L1, ffffffff93ea64ac
tag=f93ea6, index=25, offset=c
Test: L2, a55462b7745f0387
tag=3ba2f, index=81c, offset=7
Test: DTLB, 2bbbdf3361038c53
tag=19b081c, index=0, offset=c53
Test: L1, ffffffffb7a1eb12
tag=fb7a1e, index=58, offset=12
Test: L2, ffffffffdd40b2f5
tag=7eea0, index=597, offset=15
Test: DTLB, 6c904570372d80ce
tag=381b96c, index=0, offset=ce
Test: L1, ffffffff9775fb22
tag=f9775f, index=59, offset=2
Test: L2, ffffffffeb94313f
tag=7f5ca, index=189, offset=1f
Test: DTLB, ffffffff82719c6d
tag=7fc138c, index=0, offset=1c6d
Test: L1, ffffffff8875293c
tag=f88752, index=49, offset=1c
Test: L2, d6f7407f46de2b06
tag=7a36f, index=158, offset=6
Test: DTLB, 51bb27133e5d649c
tag=99f2eb, index=0, offset=49c
Test: L1, f10739717a2a0abf
tag=17a2a0, index=55, offset=1f
Test: L2, ffffffffa10bce31
tag=7d085, index=e71, offset=11
Test: DTLB, e821bb9a5738bf93
tag=4d2b9c5, index=0, offset=1f93
Test: L1, ce22e3fc7ee002af
tag=c7ee00, index=15, offset=f
Test: L2, ffffffff9ef2cb13
tag=7cf79, index=658, offset=13
Test: DTLB, 974961565d8fbee4
tag=2b2ec7d, index=0, offset=1ee4
Test: L1, 2789e2df27438ada
tag=f27438, index=56, offset=1a
Test: L2, ffffffffdbd5b8ea
tag=7edea, index=dc7, offset=a
Test: DTLB, 86f5937e08191ed4
tag=3f040c8, index=0, offset=1ed4
Test: L1, 92b3884c39d752c7
tag=c39d75, index=16, offset=7
Test: L2, fffffffff19d7fb7
tag=7f8ce, index=bfd, offset=17
Test: DTLB, ffffffffb401eaae
tag=7fda00f, index=0, offset=aae
Test: L1, dc84d2b028a47852
tag=28a47, index=42, offset=12
Test: L2, 97c833be10e0bcae
tag=70870, index=5e5, offset=e
Test: DTLB, ffffffffeea5672e
tag=7ff752b, index=0, offset=72e
Test: L1, ffffffffc3460d10
tag=fc3460, index=68, offset=10
Test: L2, 29a62f17385e6d49
tag=39c2f, index=36a, offset=9
Test: DTLB, 8de9fc7d4c0bd1d2
tag=3ea605e, index=0, offset=11d2
Test: L1, ffffffff8dc9fced
tag=f8dc9f, index=67, offset=d
Test: L2, 55daa1307b0100e4
tag=3d80, index=807, offset=4
Test: DTLB, ffffffffdffec4a4
tag=7fefff6, index=0, offset=4a4
Test: L1, ffffffffba5c110a
tag=fba5c1, index=8, offset=a
Test: L2, ffffffffdf49e4e3
tag=7efa4, index=f27, offset=3
Test: DTLB, ffffffffca0b953d
tag=7fe505c, index=0, offset=153d
Test: L1, d3536e2d4845fdba
tag=d4845f, index=6d, offset=1a
Test: L2, ffffffffc5f23521
tag=7e2f9, index=1a9, offset=1
Test: DTLB, ffffffff94e23fd8
tag=7fca711, index=0, offset=1fd8
Test: L1, ac39eee30dc10bc1
tag=30dc10, index=5e, offset=1
Test: L2, 2380358655752337
tag=32aba, index=919, offset=17
Test: DTLB, 27e1f2021de59df8
tag=10ef2c, index=0, offset=1df8
Test: L1, 4b9715a458fefee9
tag=458fef, index=77, offset=9
Test: L2, ffffffff9af6c97c
tag=7cd7b, index=64b, offset=1c
Test: DTLB, fffffffff76fa6fa
tag=7ffbb7d, index=0, offset=6fa
Test: L1, e3f5a5b97acad04c
tag=97acad, index=2, offset=c
Test: L2, 64eeaf652a529621
tag=29529, index=4b1, offset=1
Test: DTLB, 6e0905c84c113aba
tag=6426089, index=0, offset=1aba
Test: L1, fffffffff6318d01
tag=ff6318, index=68, offset=1
Test: L2, ffffffffb923498e
tag=7dc91, index=a4c, offset=e
Test: DTLB, 1315175d0aee5f7f
tag=2e85772, index=0, offset=1f7f
Test: L1, ffffffffeadad4b1
tag=feadad, index=25, offset=11
Test: L2, ffffffffed05ff65
tag=7f682, index=ffb, offset=5
Test: DTLB, ffffffffae14c4a9
tag=7fd70a6, index=0, offset=4a9
Test: L1, ffffffffcee744e0
tag=fcee74, index=27, offset=0
Test: L2, ffffffff900f1663
tag=7c807, index=8b3, offset=3
Test: DTLB, fe1dae5276790a77
tag=293b3c8, index=0, offset=a77
Test: L1, ffffffffac325736
tag=fac325, index=39, offset=16
Test: L2, e6a6cc727b751111
tag=13dba, index=888, offset=11
Test: DTLB, cb181f14179bf80c
tag=a0bcdf, index=0, offset=180c
Test: L1, ffffffff8f408206
tag=f8f408, index=10, offset=6
Test: L2, ffffffffe387fb59
tag=7f1c3, index=fda, offset=19
Test: DTLB, 2c6b8d243e778c45
tag=121f3bc, index=0, offset=c45
Test: L1, c5e7fc4d373866ca
tag=d37386, index=36, offset=a
Test: L2, ffffffffef97e542
tag=7f7cb, index=f2a, offset=2
Test: DTLB, ffffffffd74a3e37
tag=7feba51, index=0, offset=1e37
Test: L1, fffffffffdc171c3
tag=ffdc17, index=e, offset=3
Test: L2, fffffffff58d2ae5
tag=7fac6, index=957, offset=5
Test: DTLB, ffffffffb1973990
tag=7fd8cb9, index=0, offset=1990
Test: L1, b3ba39673d497a8e
tag=73d497, index=54, offset=e
Test: L2, a9b4325b5989aff3
tag=5acc4, index=d7f, offset=13
Test: DTLB, ffffffffdd96a061
tag=7feecb5, index=0, offset=61
Test: L1, fffffffff314dbb7
tag=ff314d, index=5d, offset=17
Test: L2, 64165f240b68c1e
tag=1205b, index=460, offset=1e
Test: DTLB, ffffffff8c047004
tag=7fc6023, index=0, offset=1004
Test: L1, 963c3b4f007e087b
tag=f007e0, index=43, offset=1b
Test: L2, f9ce86b60bcd0f26
tag=305e6, index=879, offset=6
Test: DTLB, ffffffffc45f14d4
tag=7fe22f8, index=0, offset=14d4
Test: L1, ffffffffe6a98fac
tag=fe6a98, index=7d, offset=c
Test: L2, ffffffffc2e90b5c
tag=7e174, index=85a, offset=1c
Test: DTLB, 7c5ce16521180f2c
tag=32908c0, index=0, offset=f2c
Test: L1, fc82dc1b54e3eb07
tag=b54e3e, index=58, offset=7
Test: L2, fffffffff9c7ef2d
tag=7fce3, index=f79, offset=d
Test: DTLB, 53445d261db6ca0e
tag=130edb6, index=0, offset=a0e
Test: L1, 7bafef650962ff29
tag=50962f, index=79, offset=9
Test: L2, a6ed89bb620c584b
tag=5b106, index=2c2, offset=b
Test: DTLB, ffffffffc3079710
tag=7fe183c, index=0, offset=1710
Test: L1, ffffffff8d3d7813
tag=f8d3d7, index=40, offset=13
Test: L2, ffffffffb1d79c34
tag=7d8eb, index=ce1, offset=14
Test: DTLB, ffffffffe0286878
tag=7ff0143, index=0, offset=878
Test: L1, ffffffffb88d8c91
tag=fb88d8, index=64, offset=11
Test: L2, 4f26c26951063c41
tag=4a883, index=1e2, offset=1
Test: DTLB, e1c104e3098a8df8
tag=7184c54, index=0, offset=df8
Test: L1, 5bd8da1a081454bd
tag=a08145, index=25, offset=1d
Test: L2, ffffffff8b573a18
tag=7c5ab, index=9d0, offset=18
Test: DTLB, ffffffff8c052ada
tag=7fc6029, index=0, offset=ada
Test: L1, c47a9b57c348654
tag=57c348, index=32, offset=14
Test: L2, 93b42cd5540098e
tag=6aaa0, index=4c, offset=e
Test: DTLB, ffffffffa04e9c6f
tag=7fd0274, index=0, offset=1c6f
Test: L1, 5fc8f1dc4e6295ad
tag=c4e629, index=2d, offset=d
Test: L2, ffffffffb8892189
tag=7dc44, index=90c, offset=9
Test: DTLB, 17347f317151d0c5
tag=18b8a8e, index=0, offset=10c5
Test: L1, 54e213fd168ff3a8
tag=d168ff, index=1d, offset=8
Test: L2, 53c0daef46c4935f
tag=7a362, index=49a, offset=1f
Test: DTLB, ffffffffab6052f7
tag=7fd5b02, index=0, offset=12f7
Test: L1, fffffffffe280151
tag=ffe280, index=a, offset=11
Test: L2, ffffffff93f19eab
tag=7c9f8, index=cf5, offset=b
Test: DTLB, e33e3c1e01b6b463
tag=f00db5, index=0, offset=1463
Test: L1, fffffffff856522f
tag=ff8565, index=11, offset=f
Test: L2, ffffffffffa731f4
tag=7ffd3, index=98f, offset=14
Test: DTLB, ffffffffff827884
tag=7fffc13, index=0, offset=1884
Test: L1, ffffffffea44d436
tag=fea44d, index=21, offset=16
Test: L2, ffffffff9e67e874
tag=7cf33, index=f43, offset=14
Test: DTLB, b32bdf681dfdbb52
tag=340efed, index=0, offset=1b52
Test: L1, ffffffff94e9233b
tag=f94e92, index=19, offset=1b
Test: L2, ffffffffcecff913
tag=7e767, index=fc8, offset=13
Test: DTLB, 986a98e4514d3f2e
tag=7228a69, index=0, offset=1f2e
Test: L1, ffffffffd6dee342
tag=fd6dee, index=1a, offset=2
Test: L2, ffffffffc232509f
tag=7e119, index=284, offset=1f
Test: DTLB, ffffffffe7fbb341
tag=7ff3fdd, index=0, offset=1341
Test: L1, d521c29810863c50
tag=810863, index=62, offset=10
Test: L2, ffffffff9cd1733a
tag=7ce68, index=b99, offset=1a
Test: DTLB, 8f84186d5e7128c2
tag=36af389, index=0, offset=8c2
Test: L1, 4ee730082583076e
tag=825830, index=3b, offset=e
Test: L2, 23f84f07313b7aa1
tag=3989d, index=bd5, offset=1
Test: DTLB, 9a84a365f8231bf
tag=1b2fc11, index=0, offset=11bf
Test: L1, fffffffff6e0b1c2
tag=ff6e0b, index=e, offset=2
Test: L2, fd5fb057299fb51e
tag=394cf, index=da8, offset=1e
Test: DTLB, 9120f8254a08bc7b
tag=12a5045, index=0, offset=1c7b
Test: L1, d2025f7103f8f64f
tag=103f8f, index=32, offset=f
Test: L2, aea7775917f30d6e
tag=48bf9, index=86b, offset=e
Test: DTLB, ffffffffc98e7d9a
tag=7fe4c73, index=0, offset=1d9a
Test: L1, f6009187538bbd1d
tag=7538bb, index=68, offset=1d
Test: L2, ffffffffc82356af
tag=7e411, index=ab5, offset=f
Test: DTLB, ffffffffb94ef4f4
tag=7fdca77, index=0, offset=14f4
Test: L1, c63c64ea31d95652
tag=a31d95, index=32, offset=12
Test: L2, d892eaf6441cf6bc
tag=3220e, index=7b5, offset=1c
Test: DTLB, 55d32eaa23b12ca8
tag=5511d89, index=0, offset=ca8
Test: L1, 649e10b334cadd90
tag=334cad, index=6c, offset=10
Test: L2, ffffffff82e54a51
tag=7c172, index=a52, offset=11
Test: DTLB, ffffffffef6018f3
tag=7ff7b00, index=0, offset=18f3
Test: L1, c5949827749e5314
tag=7749e5, index=18, offset=14
Test: L2, 67b4b25c358e4de4
tag=61ac7, index=26f, offset=4
Test: DTLB, ffffffffe1242422
tag=7ff0921, index=0, offset=422
Test: L1, fffffffff5b3b1a2
tag=ff5b3b, index=d, offset=2
Test: L2, ffffffff8404ed3c
tag=7c202, index=769, offset=1c
Test: DTLB, c78a689b3dc5756f
tag=4d9ee2b, index=0, offset=156f
Test: L1, ffffffffc74a0baa
tag=fc74a0, index=5d, offset=a
Test: L2, f82c316a1318b69c
tag=5098c, index=5b4, offset=1c
Test: DTLB, 4022189773f71535
tag=4bb9fb8, index=0, offset=1535
Test: L1, fffffffff7d8db9b
tag=ff7d8d, index=5c, offset=1b
Test: L2, c62e03e366db9dd0
tag=1b36d, index=cee, offset=10
Test: DTLB, 7a101ab2268863b9
tag=5913443, index=0, offset=3b9
Test: L1, 91329996486a7ce3
tag=6486a7, index=67, offset=3
Test: L2, ff15eebe2848176f
tag=71424, index=bb, offset=f
Test: DTLB, ce62591f12445c7b
tag=f89222, index=0, offset=1c7b
Test: L1, ffffffff89d6e11f
tag=f89d6e, index=8, offset=1f
Test: L2, 6fa6fc9233aa49d5
tag=119d5, index=24e, offset=15
Test: DTLB, ffffffffcd335821
tag=7fe699a, index=0, offset=1821
Test: L1, e2d3577d2ec689e9
tag=d2ec68, index=4f, offset=9
Test: L2, 9aa564a70c2dde05
tag=38616, index=ef0, offset=5
Test: DTLB, ffffffff97bf9c75
tag=7fcbdfc, index=0, offset=1c75
Test: L1, bc7af71919552281
tag=919552, index=14, offset=1
Test: L2, ffffffff9976920e
tag=7ccbb, index=490, offset=e
Test: DTLB, ffffffff92d9446e
tag=7fc96ca, index=0, offset=46e
Test: L1, 324c95122fc3dc56
tag=22fc3d, index=62, offset=16
Test: L2, ffffffffdba8fafc
tag=7edd4, index=7d7, offset=1c
Test: DTLB, ffffffff98fb7454
tag=7fcc7db, index=0, offset=1454
Test: L1, 83ee7cb333ef8976
tag=333ef8, index=4b, offset=16
Test: L2, ffffffffbbf7a8a9
tag=7ddfb, index=d45, offset=9
Test: DTLB, ffffffffedbf0a26
tag=7ff6df8, index=0, offset=a26
Test: L1, ffffffffd017f7c1
tag=fd017f, index=3e, offset=1
Test: L2, 40f1ce0c24d91860
tag=6126c, index=8c3, offset=0
Test: DTLB, ffffffffae32acaf
tag=7fd7195, index=0, offset=caf
Test: L1, 7f4b7e34229671a4
tag=422967, index=d, offset=4
Test: L2, adbef07f6136a75b
tag=7b09b, index=53a, offset=1b
Test: DTLB, efea9e9e559744a5
tag=4f2acba, index=0, offset=4a5
Test: L1, ffffffffab110cbb
tag=fab110, index=65, offset=1b
Test: L2, ffffffff9b7918fa
tag=7cdbc, index=8c7, offset=1a
Test: DTLB, ba22eda85169e25d
tag=5428b4f, index=0, offset=25d
Test: L1, 20a68ae7451b0f8f
tag=7451b0, index=7c, offset=f
Test: L2, ffffffffba21dd66
tag=7dd10, index=eeb, offset=6
Test: DTLB, 6a71f0410acf151
tag=208567, index=0, offset=1151
Test: L1, 1078cfad2b3d45a1
tag=d2b3d4, index=2d, offset=1
Test: L2, d8002913331edd72
tag=1998f, index=6eb, offset=12
Test: DTLB, 3f7e9e4f0d24ca3c
tag=2786926, index=0, offset=a3c
Test: L1, 4c7897d50579d9b1
tag=50579d, index=4d, offset=11
Test: L2, 5ae1d98b3bedb87a
tag=59df6, index=dc3, offset=1a
Test: DTLB, ffffffffdaf694eb
tag=7fed7b4, index=0, offset=14eb
Test: L1, ffffffffed28ebd4
tag=fed28e, index=5e, offset=14
Test: L2, ffffffffd8adb1a7
tag=7ec56, index=d8d, offset=7
Test: DTLB, ffffffffb8fc225f
tag=7fdc7e1, index=0, offset=25f
Test: L1, 9fbe46155b4bb579
tag=55b4bb, index=2b, offset=19
Test: L2, fffffffff42e2d1b
tag=7fa17, index=168, offset=1b
Test: DTLB, ffffffffdb33e608
tag=7fed99f, index=0, offset=608
Test: L1, ffffffffaeade16f
tag=faeade, index=b, offset=f
Test: L2, 2c26700435f633f0
tag=21afb, index=19f, offset=10
Test: DTLB, ffffffffe30a6a0c
tag=7ff1853, index=0, offset=a0c
Test: L1, 1326b3df19144be7
tag=f19144, index=5f, offset=7
Test: L2, 2ab989bc4acf83ce
tag=62567, index=c1e, offset=e
Test: DTLB, ffffffffc6b55164
tag=7fe35aa, index=0, offset=1164
Test: L1, 1465986a4ca274d8
tag=a4ca27, index=26, offset=18
Test: L2, ffffffffee0ea109
tag=7f707, index=508, offset=9
Test: DTLB, 749c6d0854e7f47c
tag=42a73f, index=0, offset=147c
Test: L1, 45d73eb214fb6dab
tag=214fb6, index=6d, offset=b
Test: L2, d2e50a042394d0e3
tag=211ca, index=687, offset=3
Test: DTLB, ffffffffdf16f050
tag=7fef8b7, index=0, offset=1050
Test: L1, ebc71bb57200e776
tag=57200e, index=3b, offset=16
Test: L2, ffffffffa581f674
tag=7d2c0, index=fb3, offset=14
Test: DTLB, ffffffffe0e983f0
tag=7ff074c, index=0, offset=3f0
Test: L1, 6073cd80792483d7
tag=79248, index=1e, offset=17
Test: L2, 7dff4c656fb4b5b0
tag=2b7da, index=5ad, offset=10
Test: DTLB, 52b3f149000acbab
tag=2480056, index=0, offset=bab
Test: L1, f3496e0a014d5ae5
tag=a014d5, index=57, offset=5
Test: L2, ffffffff8b669894
tag=7c5b3, index=4c4, offset=14
Test: DTLB, bb4e95760a1ca72b
tag=3b050e5, index=0, offset=72b
Test: L1, 90aea7b96ed27356
tag=96ed27, index=1a, offset=16
Test: L2, ffffffffd2255344
tag=7e912, index=a9a, offset=4
Test: DTLB, 765172983a70b1d5
tag=4c1d385, index=0, offset=11d5
Test: L1, ffffffffc1c9afeb
tag=fc1c9a, index=7f, offset=b
Test: L2, ffffffff90eefd55
tag=7c877, index=7ea, offset=15
Test: DTLB, b9e7931855958f5b
tag=c2acac, index=0, offset=f5b
Test: L1, 2887a0b8078ddcaf
tag=8078dd, index=65, offset=f
Test: L2, 8209b5145e7125dc
tag=22f38, index=92e, offset=1c
Test: DTLB, a0bb054815b3a45a
tag=240ad9d, index=0, offset=45a
Test: L1, 1047fc1611e056d4
tag=611e05, index=36, offset=14
Test: L2, e82aa085cb0e0d0
tag=42e58, index=706, offset=10
Test: DTLB, ae7ce9b70f8b9ea1
tag=5b87c5c, index=0, offset=1ea1
Test: L1, 5314f5b5515229d0
tag=551522, index=4e, offset=10
Test: L2, b2e39e63296ccc71
tag=194b6, index=663, offset=11
Test: DTLB, ffffffffab0c5fdd
tag=7fd5862, index=0, offset=1fdd
Test: L1, cddc2fa40739eea5
tag=40739e, index=75, offset=5
Test: L2, ffffffffa3d5f6f9
tag=7d1ea, index=fb7, offset=19
Test: DTLB, fffffffffc298928
tag=7ffe14c, index=0, offset=928
Test: L1, ffffffffeb453cc4
tag=feb453, index=66, offset=4
Test: L2, d0780c220b06b463
tag=10583, index=5a3, offset=3
Test: DTLB, ffffffffaf5b7e47
tag=7fd7adb, index=0, offset=1e47
Test: L1, f129c8dd515330db
tag=d51533, index=6, offset=1b
Test: L2, ffffffffdaba9455
tag=7ed5d, index=4a2, offset=15
Test: DTLB, 303183e350175716
tag=71a80ba, index=0, offset=1716
Test: L1, 711bce1f40e5357a
tag=f40e53, index=2b, offset=1a
Test: L2, 7619384c62cde1b7
tag=63166, index=f0d, offset=17
Test: DTLB, fb1dd9e56e432506
tag=72b7219, index=0, offset=506
Test: L1, ffffffff988eb74a
tag=f988eb, index=3a, offset=a
Test: L2, fb9f9d7d6e5390b1
tag=6b729, index=c85, offset=11
Test: DTLB, 5820315b73e8cef7
tag=2db9f46, index=0, offset=ef7
Test: L1, ffffffffb895fab4
tag=fb895f, index=55, offset=14
Test: L2, f1477d556cf64e7f
tag=2b67b, index=273, offset=1f
Test: DTLB, 77c828690d13dcb7
tag=348689e, index=0, offset=1cb7
Test: L1, fa7b0a46852f3c7
tag=46852f, index=1e, offset=7
Test: L2, 8f269282454768a8
tag=122a3, index=b45, offset=8
Test: DTLB, ffffffffd0dc7c62
tag=7fe86e3, index=0, offset=1c62
Test: L1, dba876e550623b4b
tag=550623, index=5a, offset=b
Test: L2, 6249ab87254c3de3
tag=392a6, index=1ef, offset=3
Test: DTLB, ffffffffd83a1e91
tag=7fec1d0, index=0, offset=1e91
Test: L1, d74df4d366964c36
tag=366964, index=61, offset=16
Test: L2, 25bb662d08743f30
tag=6843a, index=1f9, offset=10
Test: DTLB, ffffffffc3c5cd40
tag=7fe1e2e, index=0, offset=d40
Test: L1, ffffffffc47614df
tag=fc4761, index=26, offset=1f
Test: L2, ffffffffe4719555
tag=7f238, index=caa, offset=15
Test: DTLB, ffffffff8fd45dfa
tag=7fc7ea2, index=0, offset=1dfa
Test: L1, ffffffffdcca2e16
tag=fdcca2, index=70, offset=16
Test: L2, ffffffff95cb3f86
tag=7cae5, index=9fc, offset=6
Test: DTLB, 530db6363fbe4845
tag=1b1fdf2, index=0, offset=845
Test: L1, ffffffff86cb202c
tag=f86cb2, index=1, offset=c
Test: L2, ffffffffec1bf5d6
tag=7f60d, index=fae, offset=16
Test: DTLB, ffffffff987e8290
tag=7fcc3f4, index=0, offset=290
Test: L1, ffffffffcb6d1e05
tag=fcb6d1, index=70, offset=5
Test: L2, ffffffffbaa5fa9b
tag=7dd52, index=fd4, offset=1b
Test: DTLB, ffffffff9458335c
tag=7fca2c1, index=0, offset=135c
Test: L1, 84c74e2e39738245
tag=e39738, index=12, offset=5
Test: L2, ffffffffc8ed27e6
tag=7e476, index=93f, offset=6
Test: DTLB, 446726a6254ca361
tag=5312a65, index=0, offset=361
Test: L1, ffffffffdef22c9d
tag=fdef22, index=64, offset=1d
Test: L2, ffffffffe47c39ce
tag=7f23e, index=1ce, offset=e
Test: DTLB, ffffffffb78ed0e2
tag=7fdbc76, index=0, offset=10e2
Test: L1, ffffffff80fb5048
tag=f80fb5, index=2, offset=8
Test: L2, ffffffffb3146edc
tag=7d98a, index=376, offset=1c
Test: DTLB, fffffffff1942ca3
tag=7ff8ca1, index=0, offset=ca3
Test: L1, 54f9ab5e173547ae
tag=e17354, index=3d, offset=e
Test: L2, ffffffffd5bb8c32
tag=7eadd, index=c61, offset=12
Test: DTLB, ffffffffc4055d59
tag=7fe202a, index=0, offset=1d59
Test: L1, 45332f4b14d59a1c
tag=b14d59, index=50, offset=1c
Test: L2, 9a5bf019222c4056
tag=49116, index=202, offset=16
Test: DTLB, fffffffff6e9f689
tag=7ffb74f, index=0, offset=1689
Test: L1, ffffffffd6367765
tag=fd6367, index=3b, offset=5
Test: L2, ffffffffcb5a2cb0
tag=7e5ad, index=165, offset=10
Test: DTLB, ffffffffe33b1973
tag=7ff19d8, index=0, offset=1973
Test: L1, 7600a54f026e084f
tag=f026e0, index=42, offset=f
Test: L2, ffffffffe6b204fe
tag=7f359, index=27, offset=1e
Test: DTLB, ffffffffe59b8679
tag=7ff2cdc, index=0, offset=679
Test: L1, 80b967036b75291d
tag=36b752, index=48, offset=1d
Test: L2, 4c0920f17dbf4ccc
tag=bedf, index=a66, offset=c
Test: DTLB, f0e5f2034d08112a
tag=1a6840, index=0, offset=112a
Test: L1, ffffffffb2ffc905
tag=fb2ffc, index=48, offset=5
Test: L2, 54edda32444e6f2c
tag=12227, index=379, offset=c
Test: DTLB, 853419451d26296f
tag=228e931, index=0, offset=96f
Test: L1, c1f050363e8ee5d7
tag=63e8ee, index=2e, offset=17
Test: L2, 21536cce279fc8cf
tag=713cf, index=e46, offset=f
Test: DTLB, ffffffffbf847651
tag=7fdfc23, index=0, offset=1651
Test: L1, bcb51af475cefb3d
tag=475cef, index=59, offset=1d
Test: L2, ffffffffbb4db557
tag=7dda6, index=daa, offset=17
Test: DTLB, 742f26f907d58e4e
tag=7c83eac, index=0, offset=e4e
Test: L1, ffffffffca19d90e
tag=fca19d, index=48, offset=e
Test: L2, ffffffffed266c29
tag=7f693, index=361, offset=9
Test: DTLB, 475050ce09503b33
tag=6704a81, index=0, offset=1b33
Test: L1, 1cca8a4e1ff9f1c3
tag=e1ff9f, index=e, offset=3
Test: L2, ffffffff890d6949
tag=7c486, index=b4a, offset=9
Test: DTLB, ffffffff8f20ddd4
tag=7fc7906, index=0, offset=1dd4
Test: L1, 56cff1e309b328a
tag=e309b3, index=14, offset=a
Test: L2, ffffffffbd338828
tag=7de99, index=c41, offset=8
Test: DTLB, bfe6832d55d36ee7
tag=16aae9b, index=0, offset=ee7
Test: L1, 87a36b8c6b318886
tag=c6b318, index=44, offset=6
Test: L2, ffffffffb69d2d68
tag=7db4e, index=96b, offset=8
Test: DTLB, e1f503a80ba2657f
tag=5405d13, index=0, offset=57f
Test: L1, f7ce6ab454181ac1
tag=454181, index=56, offset=1
Test: L2, fffffffff1fb9697
tag=7f8fd, index=cb4, offset=17
Test: DTLB, ffffffffd8a3223d
tag=7fec519, index=0, offset=23d
Test: L1, ffffffffba2251c6
tag=fba225, index=e, offset=6
Test: L2, ffffffffdd045e5a
tag=7ee82, index=2f2, offset=1a
Test: DTLB, 2ca9588f6944c3cf
tag=47b4a26, index=0, offset=3cf
Test: L1, ffffffffd5d68c5d
tag=fd5d68, index=62, offset=1d
Test: L2, ffffffffc9a9c27e
tag=7e4d4, index=e13, offset=1e
Test: DTLB, ffffffffce892f63
tag=7fe7449, index=0, offset=f63
Test: L1, ffffffffb4bfc9cc
tag=fb4bfc, index=4e, offset=c
Test: L2, fffffffff7febf79
tag=7fbff, index=5fb, offset=19
Test: DTLB, 546b6b7476d2256
tag=5ba3b69, index=0, offset=256
Test: L1, ffffffffc1d5302d
tag=fc1d53, index=1, offset=d
Test: L2, 7f4eb5f85ea254b2
tag=42f51, index=2a5, offset=12
Test: DTLB, cc202e5b44820002
tag=2da2410, index=0, offset=2
Test: L1, ffffffffacd5fea6
tag=facd5f, index=75, offset=6
Test: L2, ffffffffa19629ef
tag=7d0cb, index=14f, offset=f
Test: DTLB, 3ec52db71d8c709d
tag=5b8ec63, index=0, offset=109d
Test: L1, ffffffffc8a00383
tag=fc8a00, index=1c, offset=3
Test: L2, ffffffff855dd07d
tag=7c2ae, index=e83, offset=1d
Test: DTLB, 398775f21de360f6
tag=790ef1b, index=0, offset=f6
Test: L1, d8a3d03f2bceedea
tag=f2bcee, index=6f, offset=a
Test: L2, ffffffffe031d5b7
tag=7f018, index=ead, offset=17
Test: DTLB, 8010c6f62744ff0b
tag=7b13a27, index=0, offset=1f0b
Test: L1, ffffffffc1f5d461
tag=fc1f5d, index=23, offset=1
Test: L2, f25374221cd34af6
tag=10e69, index=a57, offset=16
Test: DTLB, ffffffffa569067a
tag=7fd2b48, index=0, offset=67a
Test: L1, 1fa3e048149175fe
tag=814917, index=2f, offset=1e
Test: L2, ffffffff93f7f6d6
tag=7c9fb, index=fb6, offset=16
Test: DTLB, 6ea86ce71726c90
tag=6738b93, index=0, offset=c90
Test: L1, a4cde93b21d17d0a
tag=b21d17, index=68, offset=a
Test: L2, ffffffff9a7e1819
tag=7cd3f, index=c0, offset=19
Test: DTLB, ffffffffe909df80
tag=7ff484e, index=0, offset=1f80
Test: L1, 2cff2e33ccf799
tag=e33ccf, index=3c, offset=19
Test: L2, 8fa9bd32036c23e9
tag=101b6, index=11f, offset=9
Test: DTLB, 4a8883747ecf93cc
tag=3a3f67c, index=0, offset=13cc
Test: L1, ffffffffa76a5654
tag=fa76a5, index=32, offset=14
Test: L2, 3b947c911d8b86e1
tag=8ec5, index=c37, offset=1
Test: DTLB, ffffffffea9d4f3c
tag=7ff54ea, index=0, offset=f3c
Test: L1, 580581ba51b56b42
tag=a51b56, index=5a, offset=2
Test: L2, ffffffffd3513a9d
tag=7e9a8, index=9d4, offset=1d
Test: DTLB, 65bd71537f3e516f
tag=29bf9f2, index=0, offset=116f
Test: L1, e9703b750d53edf7
tag=50d53e, index=6f, offset=17
Test: L2, ffffffff8c710987
tag=7c638, index=84c, offset=7
Test: DTLB, ffffffffa1b48dcf
tag=7fd0da4, index=0, offset=dcf
Test: L1, 15f866ce4838429b
tag=e48384, index=14, offset=1b
Test: L2, 7c589cb104a2ba39
tag=8251, index=5d1, offset=19
Test: DTLB, 4bced3f1314761ba
tag=7898a3b, index=0, offset=1ba
Test: L1, ffffffff9ebf8207
tag=f9ebf8, index=10, offset=7
Test: L2, efa5882b67a4821e
tag=5b3d2, index=410, offset=1e
Test: DTLB, ffffffff95fa15ba
tag=7fcafd0, index=0, offset=15ba
Test: L1, ffffffffa399df81
tag=fa399d, index=7c, offset=1
Test: L2, ffffffffad8231a7
tag=7d6c1, index=18d, offset=7
Test: DTLB, ffffffffb84b7c7d
tag=7fdc25b, index=0, offset=1c7d
Test: L1, b7eeebfa2e57f39e
tag=a2e57f, index=1c, offset=1e
Test: L2, 1c87226217140166
tag=10b8a, index=b, offset=6
Test: DTLB, 9df2b6c6a3b08fd
tag=36351d8, index=0, offset=8fd
Test: L1, ffffffffbc0da9c6
tag=fbc0da, index=4e, offset=6
Test: L2, a42b92ff10df056f
tag=7886f, index=82b, offset=f
Test: DTLB, 258f648a14c780de
tag=450a63c, index=0, offset=de
Test: L1, ffffffff9b7375e8
tag=f9b737, index=2f, offset=8
Test: L2, 93b676cc271c3cd8
tag=6138e, index=1e6, offset=18
Test: DTLB, b108569a7732f1a6
tag=4d3b997, index=0, offset=11a6
Test: L1, ffffffffc40b6363
tag=fc40b6, index=1b, offset=3
Test: L2, 3adc05e469ef8a1c
tag=234f7, index=c50, offset=1c
Test: DTLB, fffffffff81698cc
tag=7ffc0b4, index=0, offset=18cc
Test: L1, b8cc24b6362d9118
tag=6362d9, index=8, offset=18
Test: L2, b430bea06764eb36
tag=33b2, index=759, offset=16
Test: DTLB, fffffffffa41cb60
tag=7ffd20e, index=0, offset=b60
Test: L1, d7a76e414fb7902b
tag=14fb79, index=1, offset=b
Test: L2, ffffffff87ed0d93
tag=7c3f6, index=86c, offset=13
Test: DTLB, a102bc1d1eae1941
tag=e8f570, index=0, offset=1941
Test: L1, 7eab4e0b6446fc26
tag=b6446f, index=61, offset=6
Test: L2, ffffffffaab79be9
tag=7d55b, index=cdf, offset=9
Test: DTLB, ffffffff8ac31d2e
tag=7fc5618, index=0, offset=1d2e
Test: L1, f2d7fe070a03907f
tag=70a039, index=3, offset=1f
Test: L2, ffffffffc5993666
tag=7e2cc, index=9b3, offset=6
Test: DTLB, 3fb78e8328028f89
tag=4194014, index=0, offset=f89
Test: L1, ffffffff977d9788
tag=f977d9, index=3c, offset=8
Test: L2, ffffffff85e2e066
tag=7c2f1, index=703, offset=6
Test: DTLB, 340ea39c3a6bdc9c
tag=4e1d35e, index=0, offset=1c9c
Test: L1, dc93edad1784f8b1
tag=d1784f, index=45, offset=11
Test: L2, c33e6a5874683f55
tag=43a34, index=1fa, offset=15
Test: DTLB, f01ded270e8d6cdd
tag=138746b, index=0, offset=cdd
Test: L1, e194d38322eed30c
tag=322eed, index=18, offset=c
Test: L2, ffffffffcb9be68c
tag=7e5cd, index=f34, offset=c
Test: DTLB, e47b350a7e524778
tag=53f292, index=0, offset=778
Test: L1, ffffffffd71e3716
tag=fd71e3, index=38, offset=16
Test: L2, ea6b11da7513ac66
tag=53a89, index=d63, offset=6
Test: DTLB, ffffffff8b06e733
tag=7fc5837, index=0, offset=733
Test: L1, ffffffffd122ccd5
tag=fd122c, index=66, offset=15
Test: L2, 7f473c0034c25c01
tag=1a61, index=2e0, offset=1
Test: DTLB, 3430f8bb4c146b09
tag=5da60a3, index=0, offset=b09
Test: L1, ffffffffcd3b9c7b
tag=fcd3b9, index=63, offset=1b
Test: L2, d340897f20987fb4
tag=7904c, index=3fd, offset=14
Test: DTLB, ffffffff9c0b7386
tag=7fce05b, index=0, offset=1386
Test: L1, eddc87a332966145
tag=332966, index=a, offset=5
Test: L2, ffffffffedf247e9
tag=7f6f9, index=23f, offset=9
Test: DTLB, ec10078547df955c
tag=42a3efc, index=0, offset=155c
Test: L1, ffffffff94619115
tag=f94619, index=8, offset=15
Test: L2, 92e05ae836edfc70
tag=41b76, index=fe3, offset=10
Test: DTLB, 525f07a34ebbb34e
tag=51a75dd, index=0, offset=134e
Test: L1, ffffffffe7920eff
tag=fe7920, index=77, offset=1f
Test: L2, ffffffff9cf0baa3
tag=7ce78, index=5d5, offset=3
Test: DTLB, ffffffffa8617d88
tag=7fd430b, index=0, offset=1d88
Test: L1, fffffffff78a9deb
tag=ff78a9, index=6f, offset=b
Test: L2, ffffffffb7511ead
tag=7dba8, index=8f5, offset=d
Test: DTLB, dc9fdb865835b701
tag=432c1ad, index=0, offset=1701
Test: L1, ffffffffe7ec4a26
tag=fe7ec4, index=51, offset=6
Test: L2, 486ba6811a4ec51
tag=408d2, index=762, offset=11
Test: DTLB, 71c7e65235fd1b83
tag=291afe8, index=0, offset=1b83
Test: L1, fffffffff7eec4f0
tag=ff7eec, index=27, offset=10
Test: L2, b7f10fdc46c5d581
tag=62362, index=eac, offset=1
Test: DTLB, 99c37e3262bf845c
tag=19315fc, index=0, offset=45c
Test: L1, d49b21771b80af34
tag=71b80a, index=79, offset=14
Test: L2, ffffffff928a9ced
tag=7c945, index=4e7, offset=d
Test: DTLB, 2ba9ee9f60558df2
tag=4fb02ac, index=0, offset=df2
Test: L1, ffffffffc3d6acc4
tag=fc3d6a, index=66, offset=4
Test: L2, dd157dac06125dfc
tag=60309, index=2ef, offset=1c
Test: DTLB, ffffffff9c06bd88
tag=7fce035, index=0, offset=1d88
Test: L1, bf5755f077403dc6
tag=77403, index=6e, offset=6
Test: L2, c9f256c27dac2490
tag=13ed6, index=124, offset=10
Test: DTLB, b0f1875e0442b3ab
tag=2f02215, index=0, offset=13ab
Test: L1, fffffffff9cdc0d2
tag=ff9cdc, index=6, offset=12
Test: L2, 6c27367167585f78
tag=b3ac, index=2fb, offset=18
Test: DTLB, ffffffff9fa1b959
tag=7fcfd0d, index=0, offset=1959
Test: L1, 68ba9c1b1edbafe1
tag=b1edba, index=7f, offset=1
Test: L2, ffffffffff16f71d
tag=7ff8b, index=7b8, offset=1d
Test: DTLB, ffffffffd6f885dc
tag=7feb7c4, index=0, offset=5dc
Test: L1, 93d2323f735d01b0
tag=f735d0, index=d, offset=10
Test: L2, d56160ab013f024a
tag=5809f, index=812, offset=a
Test: DTLB, ffffffffbc90fe15
tag=7fde487, index=0, offset=1e15
Test: L1, ffffffffa1a1492c
tag=fa1a14, index=49, offset=c
Test: L2, ffffffffe9df15df
tag=7f4ef, index=8ae, offset=1f
Test: DTLB, ffffffffe92a972c
tag=7ff4954, index=0, offset=172c
Test: L1, ffffffffd5bef159
tag=fd5bef, index=a, offset=19
Test: L2, ffffffffbe5259e3
tag=7df29, index=2cf, offset=3
Test: DTLB, adf5d3c40e79a4bf
tag=62073cd, index=0, offset=4bf
Test: L1, b5307e96489efa96
tag=6489ef, index=54, offset=16
Test: L2, ffffffff87862741
tag=7c3c3, index=13a, offset=1
Test: DTLB, ed49c50b4abaa402
tag=5a55d5, index=0, offset=402
Test: L1, ffffffffdbc1e007
tag=fdbc1e, index=0, offset=7
Test: L2, fffffffffaa3a53e
tag=7fd51, index=d29, offset=1e
Test: DTLB, 863419874e38cc84
tag=43a71c6, index=0, offset=c84
Test: L1, ffffffff9708243c
tag=f97082, index=21, offset=1c
Test: L2, ffffffffc2244bee
tag=7e112, index=25f, offset=e
Test: DTLB, ffffffffaef1c9b3
tag=7fd778e, index=0, offset=9b3
Test: L1, be3d50e054144c58
tag=54144, index=62, offset=18
Test: L2, f33d94d465a4b0ed
tag=232d2, index=587, offset=d
Test: DTLB, fffffffffa772c58
tag=7ffd3b9, index=0, offset=c58
Test: L1, 69d2bb1c2becd991
tag=c2becd, index=4c, offset=11
Test: L2, 7dbf4bf622bf1d36
tag=3115f, index=8e9, offset=16
Test: DTLB, 89f7760f1d783c69
tag=78ebc1, index=0, offset=1c69
Test: L1, 788ceaf46338bcea
tag=46338b, index=67, offset=a
Test: L2, 48e8e89f7b4dffa3
tag=7bda6, index=ffd, offset=3
Test: DTLB, ffffffff92f2e11a
tag=7fc9797, index=0, offset=11a
Test: L1, c782eff102aa127f
tag=102aa1, index=13, offset=1f
Test: L2, 8c5457581287b8c5
tag=40943, index=dc6, offset=5
Test: DTLB, 73036bd44d8e57a8
tag=6a26c72, index=0, offset=17a8
Test: L1, fffffffff4d81f23
tag=ff4d81, index=79, offset=3
Test: L2, ffffffffeb9001c2
tag=7f5c8, index=e, offset=2
Test: DTLB, ffffffffef97b6ae
tag=7ff7cbd, index=0, offset=16ae
Test: L1, ffffffffc52964e9
tag=fc5296, index=27, offset=9
Test: L2, ffffffffa5c87444
tag=7d2e4, index=3a2, offset=4
Test: DTLB, ffffffff8e75a07d
tag=7fc73ad, index=0, offset=7d
Test: L1, 2e2441b63878be53
tag=63878b, index=72, offset=13
Test: L2, fffffffffb1ebec7
tag=7fd8f, index=5f6, offset=7
Test: DTLB, 9ec7c1e95e08e431
tag=74af047, index=0, offset=431
Test: L1, ffffffffb244859d
tag=fb2448, index=2c, offset=1d
Test: L2, 4115b3db209a61d3
tag=5904d, index=30e, offset=13
Test: DTLB, ffffffffc9d5e1f7
tag=7fe4eaf, index=0, offset=1f7
Test: L1, cf8473110772b5a4
tag=10772b, index=2d, offset=4
Test: L2, 60bf66643d8b53ee
tag=21ec5, index=a9f, offset=e
Test: DTLB, d8434d1c68ca3eb8
tag=e34651, index=0, offset=1eb8
Test: L1, 33f514eb77e495c9
tag=b77e49, index=2e, offset=9
Test: L2, cc158eb33943e918
tag=19ca1, index=f48, offset=18
Test: DTLB, ffffffffb3a33870
tag=7fd9d19, index=0, offset=1870
Test: L1, ffffffffb19b756f
tag=fb19b7, index=2b, offset=f
Test: L2, 2b2acc9a765e88ed
tag=53b2f, index=447, offset=d
Test: DTLB, ffffffffa6774a20
tag=7fd33ba, index=0, offset=a20
Test: L1, 88a475e82ec3a2d9
tag=82ec3a, index=16, offset=19
Test: L2, e21300ec6f8248c1
tag=637c1, index=246, offset=1
Test: DTLB, fffffffffc354a3e
tag=7ffe1aa, index=0, offset=a3e
Test: L1, ffffffffc8ddb62c
tag=fc8ddb, index=31, offset=c
Test: L2, a7c8901672efe3a2
tag=33977, index=f1d, offset=2
Test: DTLB, ffffffff9fff204c
tag=7fcfff9, index=0, offset=4c
Test: L1, fffffffff5303c5a
tag=ff5303, index=62, offset=1a
Test: L2, f0b688f6553ba177
tag=32a9d, index=d0b, offset=17
Test: DTLB, 22f4644c4dda6331
tag=2626ed3, index=0, offset=331
Test: L1, ffffffffc49bb3b7
tag=fc49bb, index=1d, offset=17
Test: L2, ffffffffae50b157
tag=7d728, index=58a, offset=17
Test: DTLB, f99c554203a9875d
tag=2101d4c, index=0, offset=75d
Test: L1, 16b21d8c7864e48b
tag=c7864e, index=24, offset=b
Test: L2, 3a0dbe8378003cba
tag=1bc00, index=1e5, offset=1a
Test: DTLB, ffffffff9fde842f
tag=7fcfef4, index=0, offset=42f
Test: L1, 1ca1520c55634e43
tag=c55634, index=72, offset=3
Test: L2, 110bf4e777b1d76d
tag=3bbd8, index=ebb, offset=d
Test: DTLB, 94f74a072fbed11e
tag=397df6, index=0, offset=111e
Test: L1, 77edb68578dcaf77
tag=578dca, index=7b, offset=17
Test: L2, fdc30ad1747341cb
tag=ba39, index=a0e, offset=b
Test: DTLB, ffffffffaa38ea25
tag=7fd51c7, index=0, offset=a25
Test: L1, ffffffffe9618532
tag=fe9618, index=29, offset=12
Test: L2, ffffffffba275be2
tag=7dd13, index=adf, offset=2
Test: DTLB, 23ae67b50a6ca478
tag=5a85365, index=0, offset=478
Test: L1, ffffffff9500f8ed
tag=f9500f, index=47, offset=d
Test: L2, ffffffffa125af1f
tag=7d092, index=d78, offset=1f
Test: DTLB, ffffffffd236c5a5
tag=7fe91b6, index=0, offset=5a5
Test: L1, f556183b7c4ed17a
tag=b7c4ed, index=b, offset=1a
Test: L2, 8b77b39c4d9d5a71
tag=626ce, index=ad3, offset=11
Test: DTLB, d45982c4022bef7b
tag=620115f, index=0, offset=f7b
Test: L1, 443abcc3336bbf11
tag=3336bb, index=78, offset=11
Test: L2, 2c9dc0ad1b6cf0d9
tag=68db6, index=786, offset=19
Test: DTLB, de7dc9d871c353b5
tag=6c38e1a, index=0, offset=13b5
Test: L1, c041800448b171e0
tag=448b17, index=f, offset=0
Test: L2, ffffffffbaeef313
tag=7dd77, index=798, offset=13
Test: DTLB, ffffffffd571c824
tag=7feab8e, index=0, offset=824
Test: L1, ffffffffd2f0a1a5
tag=fd2f0a, index=d, offset=5
Test: L2, d10d74c11532d646
tag=8a99, index=6b2, offset=6
Test: DTLB, d9c5b1a30e5a8bfe
tag=51872d4, index=0, offset=bfe
Test: L1, f5959698425347ea
tag=842534, index=3f, offset=a
Test: L2, 6cf012e2579218dc
tag=12bc9, index=c6, offset=1c
Test: DTLB, ffffffffa93671b2
tag=7fd49b3, index=0, offset=11b2
Test: L1, ffffffff9d08a91d
tag=f9d08a, index=48, offset=1d
Test: L2, fffffffffc20ed94
tag=7fe10, index=76c, offset=14
Test: DTLB, 97a7b24d5c2bee7f
tag=26ae15f, index=0, offset=e7f
Test: L1, 27eaf77620cc0a25
tag=620cc0, index=51, offset=5
Test: L2, ffffffffbc92ff20
tag=7de49, index=7f9, offset=0
Test: DTLB, ffffffffa2cbe4be
tag=7fd165f, index=0, offset=4be
Test: L1, 57a4c679682743ed
tag=968274, index=1f, offset=d
Test: L2, ca623bb34fa680e1
tag=1a7d3, index=407, offset=1
Test: DTLB, 41e9d64c2a099b33
tag=261504c, index=0, offset=1b33
Test: L1, 2e98cad004039186
tag=4039, index=c, offset=6
Test: L2, ffffffffc8000422
tag=7e400, index=21, offset=2
Test: DTLB, ffffffffdabb7ee5
tag=7fed5db, index=0, offset=1ee5
Test: L1, ffffffffc621c158
tag=fc621c, index=a, offset=18
Test: L2, ffffffff892a9df7
tag=7c495, index=4ef, offset=17
Test: DTLB, ffffffffb031e5b3
tag=7fd818f, index=0, offset=5b3
Test: L1, ffffffffa40e8f24
tag=fa40e8, index=79, offset=4
Test: L2, 831d626968642b85
tag=4b432, index=15c, offset=5
Test: DTLB, ffffffffa141f352
tag=7fd0a0f, index=0, offset=1352
Test: L1, ffffffffe869c029
tag=fe869c, index=1, offset=9
Test: L2, ffffffffbee3a3e3
tag=7df71, index=d1f, offset=3
Test: DTLB, ffffffffa0a26cff
tag=7fd0513, index=0, offset=cff
Test: L1, ffffffff986dc706
tag=f986dc, index=38, offset=6
Test: L2, f120eda3270290a3
tag=19381, index=485, offset=3
Test: DTLB, ffffffffa28d2680
tag=7fd1469, index=0, offset=680
Test: L1, ffffffff99d46dc0
tag=f99d46, index=6e, offset=0
Test: L2, 82a6eba8152fa2f9
tag=40a97, index=d17, offset=19
Test: DTLB, 11ed3529044887d0
tag=1482244, index=0, offset=7d0
Test: L1, bc7459862e6480fa
tag=62e648, index=7, offset=1a
Test: L2, 9e07b90a685a3995
tag=5342d, index=1cc, offset=15
Test: DTLB, bcef71fb722540e6
tag=7db912a, index=0, offset=e6
Test: L1, 81886bbd0d10913f
tag=d0d109, index=9, offset=1f
Test: L2, ffffffffa14afc0f
tag=7d0a5, index=7e0, offset=f
Test: DTLB, ffffffff8958f3a6
tag=7fc4ac7, index=0, offset=13a6
Test: L1, fffffffffb369c9f
tag=ffb369, index=64, offset=1f
Test: L2, ffffffffbd2d58f1
tag=7de96, index=ac7, offset=11
Test: DTLB, 872ed25f2c5e4c44
tag=2f962f2, index=0, offset=c44
Test: L1, ffffffff8f779013
tag=f8f779, index=0, offset=13
Test: L2, fffffffff47a7898
tag=7fa3d, index=3c4, offset=18
Test: DTLB, fffffffff98a8170
tag=7ffcc54, index=0, offset=170
Test: L1, 413cd8af0b1f4e84
tag=f0b1f4, index=74, offset=4
Test: L2, f1e408cd5d4b2932
tag=6aea5, index=949, offset=12
Test: DTLB, 343c43f27b7fa437
tag=793dbfd, index=0, offset=437
Test: L1, 5e7845eb6013f52b
tag=b6013f, index=29, offset=b
Test: L2, ffffffffe5d452fc
tag=7f2ea, index=297, offset=1c
Test: DTLB, 702f12d80bce6fb1
tag=6c05e73, index=0, offset=fb1
Test: L1, 884f170625b3929d
tag=625b39, index=14, offset=1d
Test: L2, ffffffffd668b0a0
tag=7eb34, index=585, offset=0
Test: DTLB, 174aaf49205c5eef
tag=24902e2, index=0, offset=1eef
Test: L1, c78c6cce009cf286
tag=e009cf, index=14, offset=6
Test: L2, 1d46222b0796575f
tag=583cb, index=2ba, offset=1f
Test: DTLB, 71d9609d66095135
tag=4eb304a, index=0, offset=1135
Test: L1, ffffffff830d8fe4
tag=f830d8, index=7f, offset=4
Test: L2, ffffffffd313868e
tag=7e989, index=c34, offset=e
Test: DTLB, ffffffff896d8f64
tag=7fc4b6c, index=0, offset=f64
Test: L1, ffffffffbc415c69
tag=fbc415, index=63, offset=9
Test: L2, ffffffff904aa929
tag=7c825, index=549, offset=9
Test: DTLB, ffffffff94fcf437
tag=7fca7e7, index=0, offset=1437
Test: L1, ffffffffabfa4511
tag=fabfa4, index=28, offset=11
Test: L2, 6c025f3f48425317
tag=7a421, index=298, offset=17
Test: DTLB, ffffffffa83aad4a
tag=7fd41d5, index=0, offset=d4a
Test: L1, 48f40564191e7f57
tag=4191e7, index=7a, offset=17
Test: L2, ffffffffd6911566
tag=7eb48, index=8ab, offset=6
Test: DTLB, fffffffffd3e62c4
tag=7ffe9f3, index=0, offset=2c4
Test: L1, da6629e25f686383
tag=25f686, index=1c, offset=3
Test: L2, ffffffffdebea6a3
tag=7ef5f, index=535, offset=3
Test: DTLB, d7e85d8253b141de
tag=4129d8a, index=0, offset=1de
Test: L1, ffffffff952234d8
tag=f95223, index=26, offset=18
Test: L2, 77e83ba14062e136
tag=a031, index=709, offset=16
Test: DTLB, ffffffffa8a3118d
tag=7fd4518, index=0, offset=118d
Test: L1, f396ead3087600c8
tag=308760, index=6, offset=8
Test: L2, fffffffff711f4bf
tag=7fb88, index=fa5, offset=1f
Test: DTLB, a7d19cdb28658e02
tag=6d9432c, index=0, offset=e02
Test: L1, 70f225b40fd1e6cd
tag=40fd1e, index=36, offset=d
Test: L2, ffffffffb05fd9d6
tag=7d82f, index=ece, offset=16
Test: DTLB, 8813867d06531285
tag=3e83298, index=0, offset=1285
Test: L1, ffffffffa0e3984d
tag=fa0e39, index=42, offset=d
Test: L2, 7c9080a2303783ce
tag=1181b, index=c1e, offset=e
Test: DTLB, 2f2ea665051fe2fa
tag=32828ff, index=0, offset=2fa
Test: L1, cca790eb147ac36b
tag=b147ac, index=1b, offset=b
Test: L2, 3ca38a04794d04c7
tag=23ca6, index=826, offset=7
Test: DTLB, ffffffffe9870c8f
tag=7ff4c38, index=0, offset=c8f
Test: L1, ffffffffb55ec0ef
tag=fb55ec, index=7, offset=f
Test: L2, ffffffffabdc36c8
tag=7d5ee, index=1b6, offset=8
Test: DTLB, ffffffffe076ab3a
tag=7ff03b5, index=0, offset=b3a
Test: L1, e5fb2fff37d6f551
tag=f37d6f, index=2a, offset=11
Test: L2, 9c1efc6c0dbc3295
tag=606de, index=194, offset=15
Test: DTLB, 71b675e0705bd458
tag=70382de, index=0, offset=1458
Test: L1, 96c4850e5bf9baa8
tag=e5bf9b, index=55, offset=8
Test: L2, ffffffff92475ffc
tag=7c923, index=aff, offset=1c
Test: DTLB, ffffffffa08cdca8
tag=7fd0466, index=0, offset=1ca8
Test: L1, ffffffffc7e0e949
tag=fc7e0e, index=4a, offset=9
Test: L2, 5d37bf8744ef28fe
tag=3a277, index=947, offset=1e
Test: DTLB, 4d29ec4b162dc009
tag=258b16e, index=0, offset=9
Test: L1, 14bd237005d50e15
tag=5d50, index=70, offset=15
Test: L2, fcf1fe4b13edf368
tag=589f6, index=f9b, offset=8
Test: DTLB, 770e415a1cc7bd59
tag=2d0e63d, index=0, offset=1d59
Test: L1, 9cb8154c3b3ff760
tag=c3b3ff, index=3b, offset=0
Test: L2, ffffffffd9bc1882
tag=7ecde, index=c4, offset=2
Test: DTLB, 694161171865c933
tag=b8c32e, index=0, offset=933
Test: L1, 6b2e09041afee04c
tag=41afee, index=2, offset=c
Test: L2, ae2e524908c8a0b2
tag=48464, index=505, offset=12
Test: DTLB, 7ae2a6d178a8e70d
tag=68bc547, index=0, offset=70d
Test: L1, ffffffffe0fa5f01
tag=fe0fa5, index=78, offset=1
Test: L2, d5b216c303e19804
tag=181f0, index=cc0, offset=4
Test: DTLB, 6ee5ec343978b9ba
tag=1a1cbc5, index=0, offset=19ba
Test: L1, ffffffffc63d9d70
tag=fc63d9, index=6b, offset=10
Test: L2, 207cd9e15f01afe4
tag=af80, index=d7f, offset=4
Test: DTLB, ffffffffb41b06f1
tag=7fda0d8, index=0, offset=6f1
Test: L1, ffffffff9434f212
tag=f9434f, index=10, offset=12
Test: L2, ffffffffb0dd1511
tag=7d86e, index=8a8, offset=11
Test: DTLB, 282b7be70c53a8f
tag=5f38629, index=0, offset=1a8f
Test: L1, fffffffffae08a0f
tag=ffae08, index=50, offset=f
Test: L2, ffffffff84c1d43e
tag=7c260, index=ea1, offset=1e
Test: DTLB, 2f0d6d7d787a7e95
tag=3ebc3d3, index=0, offset=1e95
Test: L1, dde118e32d22501f
tag=32d225, index=0, offset=1f
Test: L2, ffffffffa5006818
tag=7d280, index=340, offset=18
Test: DTLB, 2b2072b00d0d1a24
tag=5806868, index=0, offset=1a24
Test: L1, 9108955235a6bfaa
tag=235a6b, index=7d, offset=a
Test: L2, fffffffffdc9c03f
tag=7fee4, index=e01, offset=1f
Test: DTLB, ffffffffd731120f
tag=7feb988, index=0, offset=120f
Test: L1, 655a8d461f89f26
tag=461f89, index=79, offset=6
Test: L2, ffffffff85d41adb
tag=7c2ea, index=d6, offset=1b
Test: DTLB, ffffffffebcb6dcd
tag=7ff5e5b, index=0, offset=dcd
Test: L1, 80ff71a65db8853f
tag=65db88, index=29, offset=1f
Test: L2, 3d460e4909f9b89d
tag=484fc, index=dc4, offset=1d
Test: DTLB, ffffffffd3d5ffbf
tag=7fe9eaf, index=0, offset=1fbf
Test: L1, ffffffff9ecbdb07
tag=f9ecbd, index=58, offset=7
Test: L2, ffffffffc5129e60
tag=7e289, index=4f3, offset=0
Test: DTLB, ffffffff8ca55575
tag=7fc652a, index=0, offset=1575
Test: L1, ffffffff9bd00501
tag=f9bd00, index=28, offset=1
Test: L2, ffffffffdb49d6aa
tag=7eda4, index=eb5, offset=a
Test: DTLB, ffffffffc6b6a613
tag=7fe35b5, index=0, offset=613
Test: L1, cda20e517e1556d4
tag=17e155, index=36, offset=14
Test: L2, 96d340866417201c
tag=3320b, index=900, offset=1c
Test: DTLB, 3c2cf2625a2ca852
tag=312d165, index=0, offset=852
Test: L1, ffffffffaeb4ad19
tag=faeb4a, index=68, offset=19
Test: L2, ffffffffb83103e3
tag=7dc18, index=81f, offset=3
Test: DTLB, 646c774c2ea8b7f1
tag=2617545, index=0, offset=17f1
Test: L1, ffffffffeaf0dbf0
tag=feaf0d, index=5f, offset=10
Test: L2, 59b79a620c963109
tag=1064b, index=188, offset=9
Test: DTLB, 22a9c6075166e206
tag=3a8b37, index=0, offset=206
Test: L1, fffffffff5b11d64
tag=ff5b11, index=6b, offset=4
Test: L2, ffffffff901c6351
tag=7c80e, index=31a, offset=11
Test: DTLB, 780e665e126914c7
tag=2f09348, index=0, offset=14c7
Test: L1, ffffffffa37cc92e
tag=fa37cc, index=49, offset=e
Test: L2, ffffffff96e5804a
tag=7cb72, index=c02, offset=a
Test: DTLB, ffffffffbdc10d54
tag=7fdee08, index=0, offset=d54
Test: L1, 621746de51191cc5
tag=e51191, index=66, offset=5
Test: L2, ffffffffa44ed32e
tag=7d227, index=699, offset=e
Test: DTLB, ffffffffa8ce502f
tag=7fd4672, index=0, offset=102f
Test: L1, 5e0834ae6bf80992
tag=e6bf80, index=4c, offset=12
Test: L2, ffffffffaaa863d6
tag=7d554, index=31e, offset=16
Test: DTLB, 7a1312a4620498bd
tag=5231024, index=0, offset=18bd
Test: L1, a0baac0e36338db6
tag=e36338, index=6d, offset=16
Test: L2, ffffffffe30bfb78
tag=7f185, index=fdb, offset=18
Test: DTLB, 730b11ae149166c0
tag=570a48b, index=0, offset=6c0
Test: L1, 431a533a3d9cf924
tag=a3d9cf, index=49, offset=4
Test: L2, fadf021550482d60
tag=2a824, index=16b, offset=0
Test: DTLB, fffffffff046f716
tag=7ff8237, index=0, offset=1716
Test: L1, 659e2f2d3bf90d36
tag=d3bf90, index=69, offset=16
Test: L2, d0f43195f9977a4
tag=4afcc, index=bbd, offset=4
Test: DTLB, ffffffffc5130e89
tag=7fe2898, index=0, offset=e89
Test: L1, ffffffff87da7e4d
tag=f87da7, index=72, offset=d
Test: L2, fffffffffe0ec78c
tag=7ff07, index=63c, offset=c
Test: DTLB, fffffffffe580190
tag=7fff2c0, index=0, offset=190
Test: L1, 7d65e52b73bd050b
tag=b73bd0, index=28, offset=b
Test: L2, b272e96c19cb50ea
tag=60ce5, index=a87, offset=a
Test: DTLB, ffffffffffc76cc7
tag=7fffe3b, index=0, offset=cc7
Test: L1, ffffffff8421aac2
tag=f8421a, index=56, offset=2
Test: L2, 74d823d16bd4bab2
tag=b5ea, index=5d5, offset=12
Test: DTLB, 6b29bcbb79f75160
tag=5dbcfba, index=0, offset=1160
Test: L1, ffffffffff2a1cf7
tag=fff2a1, index=67, offset=17
Test: L2, 2a0b0e0e3f9e7388
tag=71fcf, index=39c, offset=8
Test: DTLB, 13761220257974da
tag=1012bcb, index=0, offset=14da
Test: L1, 3f6ae8a822759502
tag=822759, index=28, offset=2
Test: L2, ffffffffab243b59
tag=7d592, index=1da, offset=19
Test: DTLB, ffffffffda9872b3
tag=7fed4c3, index=0, offset=12b3
Test: L1, ffffffff987311bd
tag=f98731, index=d, offset=1d
Test: L2, 277a620e05451b16
tag=702a2, index=8d8, offset=16
Test: DTLB, e723cc447b32731b
tag=223d993, index=0, offset=131b
Test: L1, bd988a806cfc06c8
tag=6cfc0, index=36, offset=8
Test: L2, ffffffff929b1942
tag=7c94d, index=8ca, offset=2
Test: DTLB, fffffffffcc2c049
tag=7ffe616, index=0, offset=49
Test: L1, ffffffffb3d06834
tag=fb3d06, index=41, offset=14
Test: L2, ffffffffbabf10bd
tag=7dd5f, index=885, offset=1d
Test: DTLB, ffffffffd5af3db0
tag=7fead79, index=0, offset=1db0
Test: L1, ffffffff8a196a7b
tag=f8a196, index=53, offset=1b
Test: L2, b20d9014123a87f1
tag=2091d, index=43f, offset=11
Test: DTLB, 6da2fb345f604c59
tag=1a2fb02, index=0, offset=c59
Test: L1, d56fb6a358d88f81
tag=358d88, index=7c, offset=1
Test: L2, ffffffffff63e5c4
tag=7ffb1, index=f2e, offset=4
Test: DTLB, d71af6d02cd0c292
tag=6816686, index=0, offset=292
Test: L1, ffffffffef71ad66
tag=fef71a, index=6b, offset=6
Test: L2, c21a496250773ee
tag=31283, index=b9f, offset=e
Test: DTLB, ffffffff96575f4c
tag=7fcb2ba, index=0, offset=1f4c
Test: L1, ffffffff859df997
tag=f859df, index=4c, offset=17
Test: L2, ffffffff8fa334de
tag=7c7d1, index=9a6, offset=1e
Test: DTLB, beecdf664757aee
tag=7b323ab, index=0, offset=1aee
Test: L1, ffffffffd828dfee
tag=fd828d, index=7f, offset=e
Test: L2, ffffffffac2e742b
tag=7d617, index=3a1, offset=b
Test: DTLB, ffffffffbaebca69
tag=7fdd75e, index=0, offset=a69
Test: L1, ffffffff9f471c38
tag=f9f471, index=61, offset=18
Test: L2, fa96dec97fe760e6
tag=4bff3, index=b07, offset=6
Test: DTLB, ffffffff9efd9907
tag=7fcf7ec, index=0, offset=1907
Test: L1, ffffffffb0a90808
tag=fb0a90, index=40, offset=8
Test: L2, ffffffffc250ee1c
tag=7e128, index=770, offset=1c
Test: DTLB, 9faff09e71382e80
tag=4f389c1, index=0, offset=e80
Test: L1, ffffffffbb7d5517
tag=fbb7d5, index=28, offset=17
Test: L2, ffffffffd333accd
tag=7e999, index=d66, offset=d
Test: DTLB, ffffffffeab73f54
tag=7ff55b9, index=0, offset=1f54
Test: L1, ffffffffd6d9ad49
tag=fd6d9a, index=6a, offset=9
Test: L2, ffffffffbe70d701
tag=7df38, index=6b8, offset=1
Test: DTLB, ffffffffc8fc3c39
tag=7fe47e1, index=0, offset=1c39
Test: L1, ffffffff9299e94a
tag=f9299e, index=4a, offset=a
Test: L2, ffffffffbb11906d
tag=7dd88, index=c83, offset=d
Test: DTLB, 6e3ac20a2cbe65cb
tag=5165f3, index=0, offset=5cb
Test: L1, ffffffff8eb58e76
tag=f8eb58, index=73, offset=16
Test: L2, f49a30ec3ccfea5e
tag=61e67, index=f52, offset=1e
Test: DTLB, ffffffff861f1050
tag=7fc30f8, index=0, offset=1050
Test: L1, ffffffffe37bf406
tag=fe37bf, index=20, offset=6
Test: L2, fffffffff15141a7
tag=7f8a8, index=a0d, offset=7
Test: DTLB, ffffffff89315e6c
tag=7fc498a, index=0, offset=1e6c
Test: L1, 5a7b431e45c2edc3
tag=e45c2e, index=6e, offset=3
Test: L2, 8a026a8154e45cf8
tag=aa72, index=2e7, offset=18
Test: DTLB, 903e958a30eaa83b
tag=4518755, index=0, offset=83b
Test: L1, 5e4f1e18238553
tag=e18238, index=2a, offset=13
Test: L2, ffffffff847c14bb
tag=7c23e, index=a5, offset=1b
Test: DTLB, fffffffff482c91e
tag=7ffa416, index=0, offset=91e
Test: L1, ffffffff8eceb83e
tag=f8eceb, index=41, offset=1e
Test: L2, d269d44436268b8f
tag=21b13, index=45c, offset=f
Test: DTLB, fffffffffa2654c8
tag=7ffd132, index=0, offset=14c8
Test: L1, 47ec8bfe1912d344
tag=e1912d, index=1a, offset=4
Test: L2, 421e96795ddcccbe
tag=4aeee, index=665, offset=1e
Test: DTLB, 5997d7f00a50956d
tag=7805284, index=0, offset=156d
Test: L1, ffffffffbdfae6e0
tag=fbdfae, index=37, offset=0
Test: L2, a10ae7b8436df087
tag=421b6, index=f84, offset=7
Test: DTLB, ffffffffc9be45d6
tag=7fe4df2, index=0, offset=5d6
Test: L1, ffffffffd91fa3a9
tag=fd91fa, index=1d, offset=9
Test: L2, 60bfa7cd148feebd
tag=68a47, index=f75, offset=1d
Test: DTLB, ffffffffcdb5c16a
tag=7fe6dae, index=0, offset=16a
Test: L1, ffffffffe8b0c82e
tag=fe8b0c, index=41, offset=e
Test: L2, 4793d78946762176
tag=4a33b, index=10b, offset=16
Test: DTLB, ffffffff8beb72b6
tag=7fc5f5b, index=0, offset=12b6
Test: L1, a04e6990163e4d4b
tag=163e4, index=6a, offset=b
Test: L2, ffffffff80f23b31
tag=7c079, index=1d9, offset=11
Test: DTLB, 564781666b105fb6
tag=3335882, index=0, offset=1fb6
Test: L1, ffffffffb6c66e9f
tag=fb6c66, index=74, offset=1f
Test: L2, ffffffffd197ea08
tag=7e8cb, index=f50, offset=8
Test: DTLB, ffffffff9c7bce7a
tag=7fce3de, index=0, offset=e7a
Test: L1, ffffffffbd5b7e4a
tag=fbd5b7, index=72, offset=a
Test: L2, e4a8b91c1abc7826
tag=60d5e, index=3c1, offset=6
Test: DTLB, 56f96b96dfaf6a4
tag=5cb6fd7, index=0, offset=16a4
Test: L1, 57ac1b028ea116f
tag=28ea1, index=b, offset=f
Test: L2, 54f7aea470d318ee
tag=23869, index=8c7, offset=e
Test: DTLB, 43b5101776f22476
tag=bbb791, index=0, offset=476
Test: L1, ffffffff888fe18f
tag=f888fe, index=c, offset=f
Test: L2, 4b47c935526f1915
tag=2a937, index=8c8, offset=15
Test: DTLB, ffffffff8bbdc5a9
tag=7fc5dee, index=0, offset=5a9
Test: L1, ffffffffcee65adc
tag=fcee65, index=56, offset=1c
Test: L2, 18abe8fe7278ab81
tag=7393c, index=55c, offset=1
Test: DTLB, 266b44de421bf54a
tag=6f210df, index=0, offset=154a
Test: L1, e6c96b0e5dd200b7
tag=e5dd20, index=5, offset=17
Test: L2, ffffffffd7b66386
tag=7ebdb, index=31c, offset=6
Test: DTLB, fffffffff6f709e2
tag=7ffb7b8, index=0, offset=9e2
Test: L1, ffffffff820d031d
tag=f820d0, index=18, offset=1d
Test: L2, fffffffff7d8bebf
tag=7fbec, index=5f5, offset=1f
Test: DTLB, ffffffffc348fdbf
tag=7fe1a47, index=0, offset=1dbf
Test: L1, ffffffffed59c9cc
tag=fed59c, index=4e, offset=c
Test: L2, 515293661aba658e
tag=30d5d, index=32c, offset=e
Test: DTLB, ffffffffc7c4c164
tag=7fe3e26, index=0, offset=164
Test: L1, ffffffffd258e0ac
tag=fd258e, index=5, offset=c
Test: L2, ffffffffb61fa553
tag=7db0f, index=d2a, offset=13
Test: DTLB, 3f4f62ef13d3b6e0
tag=7789e9d, index=0, offset=16e0
Test: L1, ffffffff80107f3c
tag=f80107, index=79, offset=1c
Test: L2, 1f95a97655262f1f
tag=32a93, index=178, offset=1f
Test: DTLB, ffffffff8187818a
tag=7fc0c3c, index=0, offset=18a
Test: L1, ffffffffe3f55912
tag=fe3f55, index=48, offset=12
Test: L2, ffffffffdd607b5b
tag=7eeb0, index=3da, offset=1b
Test: DTLB, 665626424a1ca6e4
tag=21250e5, index=0, offset=6e4
Test: L1, ffffffffd6a08a4c
tag=fd6a08, index=52, offset=c
Test: L2, b94ce0f53f2acb29
tag=29f95, index=659, offset=9
Test: DTLB, ffffffffba094f2b
tag=7fdd04a, index=0, offset=f2b
Test: L1, ffffffffa2285026
tag=fa2285, index=1, offset=6
Test: L2, 78c353583af71264
tag=41d7b, index=893, offset=4
Test: DTLB, ffffffff9cac9775
tag=7fce564, index=0, offset=1775
Test: L1, ffffffffa514ea74
tag=fa514e, index=53, offset=14
Test: L2, 506d30564cc9011d
tag=32664, index=808, offset=1d
Test: DTLB, ffffffffa9ea4c64
tag=7fd4f52, index=0, offset=c64
Test: L1, ffffffffc2f6e62c
tag=fc2f6e, index=31, offset=c
Test: L2, 1fb6f80944bd5afa
tag=4a25e, index=ad7, offset=1a
Test: DTLB, afec3cc315a4587c
tag=618ad22, index=0, offset=187c
Test: L1, 36e66b2d0088b679
tag=d0088b, index=33, offset=19
Test: L2, ffffffffbf72d725
tag=7dfb9, index=6b9, offset=5
Test: DTLB, ffffffffc6dfcdfa
tag=7fe36fe, index=0, offset=dfa
Test: L1, ffffffffdee7c18a
tag=fdee7c, index=c, offset=a
Test: L2, ffffffffa465811e
tag=7d232, index=c08, offset=1e
Test: DTLB, ffffffffbab5e61b
tag=7fdd5af, index=0, offset=61b
Test: L1, ffffffffca6394d6
tag=fca639, index=26, offset=16
Test: L2, 3d8690aa52fef469
tag=5297f, index=7a3, offset=9
Test: DTLB, 888cbfa871633e77
tag=5438b19, index=0, offset=1e77
Test: L1, ffffffff8691d3f8
tag=f8691d, index=1f, offset=18
Test: L2, bbed7cd542d7b06b
tag=2a16b, index=d83, offset=b
Test: DTLB, f93a6dfa6e691d84
tag=7d37348, index=0, offset=1d84
Test: L1, 8b5f19a773ca3018
tag=773ca3, index=0, offset=18
Test: L2, ffffffffe2bf796b
tag=7f15f, index=bcb, offset=b
Test: DTLB, ffffffffe006a478
tag=7ff0035, index=0, offset=478
Test: L1, ffffffff9cd7a132
tag=f9cd7a, index=9, offset=12
Test: L2, ffffffffc5262f13
tag=7e293, index=178, offset=13
Test: DTLB, ffffffffeed04d4f
tag=7ff7682, index=0, offset=d4f
Test: L1, ffffffffc81df3ca
tag=fc81df, index=1e, offset=a
Test: L2, ffffffffdfbb04c1
tag=7efdd, index=826, offset=1
Test: DTLB, 8d459ac318830b5f
tag=618c418, index=0, offset=b5f
Test: L1, 40f2296640f504ec
tag=640f50, index=27, offset=c
Test: L2, ffffffff966460c1
tag=7cb32, index=306, offset=1
Test: DTLB, 848fefdf3c7e422d
tag=6f9e3f2, index=0, offset=22d
Test: L1, f5436d5f6f1702a1
tag=f6f170, index=15, offset=1
Test: L2, ffffffff9af661a4
tag=7cd7b, index=30d, offset=4
Test: DTLB, 4e8adb2b3ea5989f
tag=159f52c, index=0, offset=189f
Test: L1, ffffffff998e081f
tag=f998e0, index=40, offset=1f
Test: L2, ffffffffd4f543cc
tag=7ea7a, index=a1e, offset=c
Test: DTLB, ecfdac875355997a
tag=43a9aac, index=0, offset=197a
Test: L1, 5a6f9a111794dd49
tag=11794d, index=6a, offset=9
Test: L2, ffffffff8fc5bce4
tag=7c7e2, index=de7, offset=4
Test: DTLB, 233816c1091f1804
tag=60848f8, index=0, offset=1804
Test: L1, ffffffffdee89f4d
tag=fdee89, index=7a, offset=d
Test: L2, 38a53aab1b5bf196
tag=58dad, index=f8c, offset=16
Test: DTLB, d10ef3b04f0e4284
tag=5827872, index=0, offset=284
Test: L1, ffffffffbf5fa32a
tag=fbf5fa, index=19, offset=a
Test: L2, 5e030ea14f4f679
tag=50a7a, index=7b3, offset=19
Test: DTLB, ffffffffbaf84a51
tag=7fdd7c2, index=0, offset=a51
Test: L1, f4dab88b022f1396
tag=b022f1, index=1c, offset=16
Test: L2, fffffffff0d82257
tag=7f86c, index=112, offset=17
Test: DTLB, c3beb72a52751b93
tag=15293a8, index=0, offset=1b93
Test: L1, ffffffffacc56594
tag=facc56, index=2c, offset=14
Test: L2, ffffffff94dec73b
tag=7ca6f, index=639, offset=1b
Test: DTLB, ffffffffba6dc2fa
tag=7fdd36e, index=0, offset=2fa
Test: L1, f0c853eb7a5ee640
tag=b7a5ee, index=32, offset=0
Test: L2, 30a63cf16eefb22e
tag=b777, index=d91, offset=e
Test: DTLB, ffffffffd8c9af4f
tag=7fec64d, index=0, offset=f4f
Test: L1, ffffffffc042cddb
tag=fc042c, index=6e, offset=1b
Test: L2, cccef5fa0efc10a1
tag=5077e, index=85, offset=1
Test: DTLB, 89ada847030b5d7b
tag=238185a, index=0, offset=1d7b
Test: L1, ffffffffb51aa135
tag=fb51aa, index=9, offset=15
Test: L2, c16389c0092abc4a
tag=495, index=5e2, offset=a
Test: DTLB, 74a5b9ca0bcd77ae
tag=6505e6b, index=0, offset=17ae
Test: L1, 94cc8ee3346ce2bb
tag=3346ce, index=15, offset=1b
Test: L2, acec5ace2600e1e3
tag=71300, index=70f, offset=3
Test: DTLB, ffffffff8b6fee6d
tag=7fc5b7f, index=0, offset=e6d
Test: L1, 466bc98410cc94b1
tag=410cc9, index=25, offset=11
Test: L2, ffffffffa42b770b
tag=7d215, index=bb8, offset=b
Test: DTLB, b587cfd428d1b718
tag=6a1468d, index=0, offset=1718
Test: L1, a063a26c184ff79f
tag=c184ff, index=3c, offset=1f
Test: L2, 8fff914f4f0919f8
tag=7a784, index=8cf, offset=18
Test: DTLB, ffffffffd20048ab
tag=7fe9002, index=0, offset=8ab
Test: L1, 42caa91c3919760b
tag=c39197, index=30, offset=b
Test: L2, fffffffffc0775a4
tag=7fe03, index=bad, offset=4
Test: DTLB, 41b033af078abb74
tag=5783c55, index=0, offset=1b74
Test: L1, 9e4db90288e4a26
tag=288e4, index=51, offset=6
Test: L2, ffffffff8a2d589e
tag=7c516, index=ac4, offset=1e
Test: DTLB, 46a5e84a46a9173b
tag=2523548, index=0, offset=173b
Test: L1, ffffffffb6c5d769
tag=fb6c5d, index=3b, offset=9
Test: L2, ffffffffbe0f56d2
tag=7df07, index=ab6, offset=12
Test: DTLB, d8a6b48b4c7dec47
tag=45a63ef, index=0, offset=c47
Test: L1, d609dc0a188163ca
tag=a18816, index=1e, offset=a
Test: L2, c85e73f2596dd4f8
tag=12cb6, index=ea7, offset=18
Test: DTLB, 399c7e0f40d3c7
tag=3f07a06, index=0, offset=13c7
Test: L1, ffffffffa0a644bb
tag=fa0a64, index=25, offset=1b
Test: L2, ffffffffc0b18f26
tag=7e058, index=c79, offset=6
Test: DTLB, 4e3c5d1c313c6d93
tag=e189e3, index=0, offset=d93
Test: L1, ffffffff93b3dbf2
tag=f93b3d, index=5f, offset=12
Test: L2, ffffffffcb5176c1
tag=7e5a8, index=bb6, offset=1
Test: DTLB, 48f4cc341dcad96d
tag=1a0ee56, index=0, offset=196d
Test: L1, 181bc5d929885778
tag=929885, index=3b, offset=18
Test: L2, ffffffffcf938be8
tag=7e7c9, index=c5f, offset=8
Test: DTLB, ffffffffecc8aa7a
tag=7ff6645, index=0, offset=a7a
Test: L1, ffffffffb96d3942
tag=fb96d3, index=4a, offset=2
Test: L2, ffffffff8d303c12
tag=7c698, index=1e0, offset=12
Test: DTLB, 6470c491594503ff
tag=48aca28, index=0, offset=3ff
Test: L1, 72461eca01c5aed3
tag=a01c5a, index=76, offset=13
Test: L2, ffffffffbec5f9b4
tag=7df62, index=fcd, offset=14
Test: DTLB, ffffffffae0b59fb
tag=7fd705a, index=0, offset=19fb
Test: L1, 3eacdad530152299
tag=530152, index=14, offset=19
Test: L2, c27e242209049216
tag=10482, index=490, offset=16
Test: DTLB, fffffffffbab959f
tag=7ffdd5c, index=0, offset=159f
Test: L1, ffffffffde1c3be8
tag=fde1c3, index=5f, offset=8
Test: L2, ffffffffe5d5740f
tag=7f2ea, index=ba0, offset=f
Test: DTLB, ffffffffa3acd390
tag=7fd1d66, index=0, offset=1390
Test: L1, 90caf5d5537fab71
tag=5537fa, index=5b, offset=11
Test: L2, ffffffffcccdf813
tag=7e666, index=fc0, offset=13
Test: DTLB, 361a7be3337d72aa
tag=7199beb, index=0, offset=12aa
Test: L1, 1ab48f7d4f43c359
tag=d4f43c, index=1a, offset=19
Test: L2, ffffffff8a188e42
tag=7c50c, index=472, offset=2
Test: DTLB, ffffffffee31c575
tag=7ff718e, index=0, offset=575
Test: L1, c973bc3c7ea3d0f4
tag=c7ea3d, index=7, offset=14
Test: L2, ffffffff9b79fd5a
tag=7cdbc, index=fea, offset=1a
]]></system-out>
  <system-err><![CDATA[]]></system-err>
</testsuite>
